\BOOKMARK [0][]{tytul.0}{\376\377\000S\000t\000r\000o\000n\000a\000\040\000t\000y\000t\000u\001\102\000o\000w\000a}{}% 1
\BOOKMARK [0][]{Contents.0}{\376\377\000S\000p\000i\000s\000\040\000t\000r\000e\001\133\000c\000i}{}% 2
\BOOKMARK [0][]{chapter.1}{\376\377\000W\000s\000t\001\031\000p}{}% 3
\BOOKMARK [0][]{chapter.2}{\376\377\000C\000e\000l\000\040\000i\000\040\000z\000a\001\102\000o\001\174\000e\000n\000i\000a}{}% 4
\BOOKMARK [0][]{chapter.3}{\376\377\000P\000r\000z\000e\000g\000l\001\005\000d\000\040\000c\000z\000u\000j\000n\000i\000k\000\363\000w\000\040\000u\000l\000t\000r\000a\000d\001\172\000w\000i\001\031\000k\000o\000w\000y\000c\000h}{}% 5
\BOOKMARK [1][-]{section.3.1}{\376\377\000D\000o\000b\000\363\000r\000\040\000o\000d\000b\000i\000o\000r\000n\000i\000k\000a}{chapter.3}% 6
\BOOKMARK [1][-]{section.3.2}{\376\377\000K\000o\000m\000e\000r\000c\000y\000j\000n\000e\000\040\000r\000o\000z\000w\000i\001\005\000z\000a\000n\000i\000a}{chapter.3}% 7
\BOOKMARK [0][]{chapter.4}{\376\377\000A\000n\000a\000l\000i\000z\000a\000\040\000p\000r\000o\000b\000l\000e\000m\000u}{}% 8
\BOOKMARK [1][-]{section.4.1}{\376\377\000G\000e\000n\000e\000r\000o\000w\000a\000n\000i\000e\000\040\000i\000\040\000o\000d\000b\000i\000e\000r\000a\000n\000i\000e\000\040\000s\000y\000g\000n\000a\001\102\000u\000\040\000u\000l\000t\000r\000a\000d\001\172\000w\000i\001\031\000k\000o\000w\000e\000g\000o}{chapter.4}% 9
\BOOKMARK [1][-]{section.4.2}{\376\377\000R\000o\000z\000m\000i\000e\000s\000z\000c\000z\000e\000n\000i\000e\000\040\000e\000l\000e\000m\000e\000n\000t\000\363\000w\000\040\000n\000a\000d\000a\000w\000c\000z\000y\000c\000h\000\040\000i\000\040\000o\000d\000b\000i\000o\000r\000c\000z\000y\000c\000h}{chapter.4}% 10
\BOOKMARK [1][-]{section.4.3}{\376\377\000K\000o\000m\000u\000n\000i\000k\000a\000c\000j\000a}{chapter.4}% 11
\BOOKMARK [0][]{chapter.5}{\376\377\000S\000p\000e\000c\000y\000f\000i\000k\000a\000c\000j\000a\000\040\000r\000e\000a\000l\000i\000z\000a\000c\000j\000i\000\040\000s\000o\000n\000a\000r\000u\000\040\000u\000l\000t\000r\000a\000d\001\172\000w\000i\001\031\000k\000o\000w\000e\000g\000o}{}% 12
\BOOKMARK [0][]{chapter.6}{\376\377\000P\000r\000o\000j\000e\000k\000t\000\040\000k\000o\000n\000s\000t\000r\000u\000k\000c\000j\000i\000\040\000s\000o\000n\000a\000r\000u\000\040\000o\000r\000a\000z\000\040\000p\000r\000o\000t\000o\000k\000o\001\102\000y\000\040\000k\000o\000m\000u\000n\000i\000k\000a\000c\000j\000i}{}% 13
\BOOKMARK [1][-]{section.6.1}{\376\377\000S\000c\000h\000e\000m\000a\000t\000\040\000f\000u\000n\000k\000c\000j\000o\000n\000a\000l\000n\000y}{chapter.6}% 14
\BOOKMARK [1][-]{section.6.2}{\376\377\000K\000o\000m\000u\000n\000i\000k\000a\000c\000j\000a}{chapter.6}% 15
\BOOKMARK [2][-]{subsection.6.2.1}{\376\377\000W\000y\000b\000\363\000r\000\040\000p\000r\000o\000t\000o\000k\000o\001\102\000u}{section.6.2}% 16
\BOOKMARK [2][-]{subsection.6.2.2}{\376\377\000K\000o\000m\000p\000u\000t\000e\000r\000\040\041\222\000\040\000s\000o\000n\000a\000r}{section.6.2}% 17
\BOOKMARK [2][-]{subsection.6.2.3}{\376\377\000S\000o\000n\000a\000r\000\040\041\222\000\040\000k\000o\000m\000p\000u\000t\000e\000r}{section.6.2}% 18
\BOOKMARK [1][-]{section.6.3}{\376\377\000K\000o\000n\000s\000t\000r\000u\000k\000c\000j\000a\000\040\000u\000k\001\102\000a\000d\000\363\000w\000\040\000e\000l\000e\000k\000t\000r\000o\000n\000i\000c\000z\000n\000y\000c\000h\000\040\000s\000o\000n\000a\000r\000u}{chapter.6}% 19
\BOOKMARK [2][-]{subsection.6.3.1}{\376\377\000Z\000a\000s\000i\000l\000a\000n\000i\000e}{section.6.3}% 20
\BOOKMARK [2][-]{subsection.6.3.2}{\376\377\000N\000a\000d\000a\000j\000n\000i\000k}{section.6.3}% 21
\BOOKMARK [2][-]{subsection.6.3.3}{\376\377\000W\000z\000m\000a\000c\000n\000i\000a\000c\000z\000\040\000n\000a\000d\000a\000j\000n\000i\000k\000a}{section.6.3}% 22
\BOOKMARK [2][-]{subsection.6.3.4}{\376\377\000F\000i\000l\000t\000r\000y\000\040\000s\000y\000g\000n\000a\001\102\000u\000\040\000a\000u\000d\000i\000o}{section.6.3}% 23
\BOOKMARK [2][-]{subsection.6.3.5}{\376\377\000P\000r\000o\000g\000o\000w\000a\000n\000i\000e\000\040\000s\000y\000g\000n\000a\001\102\000u}{section.6.3}% 24
\BOOKMARK [1][-]{section.6.4}{\376\377\000K\000o\000n\000f\000i\000g\000u\000r\000a\000c\000j\000a\000\040\000m\000i\000k\000r\000o\000k\000o\000n\000t\000r\000o\000l\000e\000r\000a}{chapter.6}% 25
\BOOKMARK [0][]{chapter.7}{\376\377\000R\000e\000a\000l\000i\000z\000a\000c\000j\000a\000\040\000s\000o\000n\000a\000r\000u\000\040\000u\000l\000t\000r\000a\000d\001\172\000w\000i\001\031\000k\000o\000w\000e\000g\000o}{}% 26
\BOOKMARK [1][-]{section.7.1}{\376\377\000P\000C\000B}{chapter.7}% 27
\BOOKMARK [1][-]{section.7.2}{\376\377\000M\000o\000d\000u\001\102\000\040\000n\000a\000d\000a\000w\000c\000z\000o\000-\000o\000d\000b\000i\000o\000r\000c\000z\000y}{chapter.7}% 28
\BOOKMARK [1][-]{section.7.3}{\376\377\000s\000h\000i\000e\000l\000d}{chapter.7}% 29
\BOOKMARK [0][]{chapter.8}{\376\377\000T\000e\000s\000t\000y\000\040\000i\000\040\000e\000k\000s\000p\000e\000r\000y\000m\000e\000n\000t\000y}{}% 30
\BOOKMARK [1][-]{section.8.1}{\376\377\000T\000e\000s\000t\000\040\000p\000r\000z\000e\000t\000w\000o\000r\000n\000i\000k\000a\000\040\000p\000i\000e\000z\000o\000e\000l\000e\000k\000t\000r\000y\000c\000z\000n\000e\000g\000o}{chapter.8}% 31
\BOOKMARK [1][-]{section.8.2}{\376\377\000T\000e\000s\000t\000\040\000w\000p\001\102\000y\000w\000u\000\040\000o\000d\000l\000e\000g\001\102\000o\001\133\000c\000i\000\040\000n\000a\000\040\000s\000y\000g\000n\000a\001\102}{chapter.8}% 32
\BOOKMARK [1][-]{section.8.3}{\376\377\000P\000i\000e\000r\000w\000s\000z\000e\000\040\000u\000r\000u\000c\000h\000o\000m\000i\000e\000n\000i\000e}{chapter.8}% 33
\BOOKMARK [1][-]{section.8.4}{\376\377\000U\000r\000u\000c\000h\000o\000m\000i\000e\000n\000i\000e\000\040\000i\000\040\000t\000e\000s\000t\000\040\000w\000z\000m\000a\000c\000n\000i\000a\000c\000z\000a\000\040\000s\000y\000g\000n\000a\001\102\000u\000\040\000p\000r\000z\000e\000t\000w\000o\000r\000n\000i\000k\000a\000\040\000p\000i\000e\000z\000o\000e\000l\000e\000k\000t\000r\000y\000c\000z\000n\000e\000g\000o}{chapter.8}% 34
\BOOKMARK [1][-]{section.8.5}{\376\377\000T\000e\000s\000t\000\040\000m\000i\000k\000r\000o\000f\000o\000n\000\363\000w\000\040\000i\000\040\000f\000i\000l\000t\000r\000\363\000w}{chapter.8}% 35
\BOOKMARK [0][]{chapter.9}{\376\377\000P\000o\000d\000s\000u\000m\000o\000w\000a\000n\000i\000e\000\040\000i\000\040\000w\000n\000i\000o\000s\000k\000i}{}% 36
\BOOKMARK [0][]{section*.28}{\376\377\000L\000i\000t\000e\000r\000a\000t\000u\000r\000a}{}% 37
\BOOKMARK [0][]{section*.30}{\376\377\000S\000p\000i\000s\000\040\000r\000y\000s\000u\000n\000k\000\363\000w}{}% 38
\BOOKMARK [0][]{appendix.A}{\376\377\000S\000c\000h\000e\000m\000a\000t\000y\000\040\000i\000\040\000n\000o\000t\000y\000\040\000k\000a\000t\000a\000l\000o\000g\000o\000w\000e}{}% 39
