This is pdfTeX, Version 3.141592653-2.6-1.40.25 (TeX Live 2023/Arch Linux) (preloaded format=pdflatex 2023.11.27)  27 NOV 2023 20:18
entering extended mode
 \write18 enabled.
 file:line:error style messages enabled.
 %&-line parsing enabled.
**/home/kaszmirek/REPOS/Inzynierka/thesis/my_thesis/main.tex
(/home/kaszmirek/REPOS/Inzynierka/thesis/my_thesis/main.tex
LaTeX2e <2022-11-01> patch level 1
L3 programming layer <2023-02-22> (./mgr.cls
Document Class: mgr 2005/12/01 Non-Standard LaTeX document class
(/usr/share/texmf-dist/tex/latex/base/bk12.clo
File: bk12.clo 2022/07/02 v1.4n Standard LaTeX file (size option)
)
\c@part=\count185
\c@chapter=\count186
\c@section=\count187
\c@subsection=\count188
\c@subsubsection=\count189
\c@paragraph=\count190
\c@subparagraph=\count191
\c@figure=\count192
\c@table=\count193
\abovecaptionskip=\skip48
\belowcaptionskip=\skip49
\bibindent=\dimen140
) (/usr/share/texmf-dist/tex/latex/base/inputenc.sty
Package: inputenc 2021/02/14 v1.3d Input encoding file
\inpenc@prehook=\toks16
\inpenc@posthook=\toks17
) (/usr/share/texmf-dist/tex/latex/antt/anttor.sty
Package: anttor 2005/10/03 v.1.2 anttor (Antykwa Torunska) package (MW)
) (/usr/share/texmf-dist/tex/latex/eulervm/eulervm.sty
Package: eulervm 2005/01/11 v4.0 (WaS)
) (/usr/share/texmf-dist/tex/latex/inconsolata/inconsolata.sty
Package: inconsolata 2019/05/17 v1.12
 `inconsolata-zi4' v1.12, 2019/05/17 Text macros for Inconsolata (msharpe) (/usr/share/texmf-dist/tex/latex/base/textcomp.sty
Package: textcomp 2020/02/02 v2.0n Standard LaTeX package
) (/usr/share/texmf-dist/tex/latex/xkeyval/xkeyval.sty
Package: xkeyval 2022/06/16 v2.9 package option processing (HA)
 (/usr/share/texmf-dist/tex/generic/xkeyval/xkeyval.tex (/usr/share/texmf-dist/tex/generic/xkeyval/xkvutils.tex
\XKV@toks=\toks18
\XKV@tempa@toks=\toks19
 (/usr/share/texmf-dist/tex/generic/xkeyval/keyval.tex))
\XKV@depth=\count194
File: xkeyval.tex 2014/12/03 v2.7a key=value parser (HA)
))
\zifour@ocount=\count195
) (/usr/share/texmf-dist/tex/latex/base/fontenc.sty
Package: fontenc 2021/04/29 v2.0v Standard LaTeX package
LaTeX Font Info:    Trying to load font information for T1+antt on input line 112.
 (/usr/share/texmf-dist/tex/latex/antt/t1antt.fd
File: t1antt.fd 2005/10/05 v1.2 font definition file for T1/antt (MW)
)) (/usr/share/texmf-dist/tex/latex/polski/polski.sty
Package: polski 2021/08/25 v1.3.6 Polish language package

   Inputenc package detected. Catcodes not changed.
) (/usr/share/texmf-dist/tex/latex/geometry/geometry.sty
Package: geometry 2020/01/02 v5.9 Page Geometry
 (/usr/share/texmf-dist/tex/generic/iftex/ifvtex.sty
Package: ifvtex 2019/10/25 v1.7 ifvtex legacy package. Use iftex instead.
 (/usr/share/texmf-dist/tex/generic/iftex/iftex.sty
Package: iftex 2022/02/03 v1.0f TeX engine tests
))
\Gm@cnth=\count196
\Gm@cntv=\count197
\c@Gm@tempcnt=\count198
\Gm@bindingoffset=\dimen141
\Gm@wd@mp=\dimen142
\Gm@odd@mp=\dimen143
\Gm@even@mp=\dimen144
\Gm@layoutwidth=\dimen145
\Gm@layoutheight=\dimen146
\Gm@layouthoffset=\dimen147
\Gm@layoutvoffset=\dimen148
\Gm@dimlist=\toks20
) (/usr/share/texmf-dist/tex/latex/tools/indentfirst.sty
Package: indentfirst 1995/11/23 v1.03 Indent first paragraph (DPC)
) (/usr/share/texmf-dist/tex/latex/xcolor/xcolor.sty
Package: xcolor 2022/06/12 v2.14 LaTeX color extensions (UK)
 (/usr/share/texmf-dist/tex/latex/graphics-cfg/color.cfg
File: color.cfg 2016/01/02 v1.6 sample color configuration
)
Package xcolor Info: Driver file: pdftex.def on input line 227.
 (/usr/share/texmf-dist/tex/latex/graphics-def/pdftex.def
File: pdftex.def 2022/09/22 v1.2b Graphics/color driver for pdftex
) (/usr/share/texmf-dist/tex/latex/graphics/mathcolor.ltx)
Package xcolor Info: Model `cmy' substituted by `cmy0' on input line 1353.
Package xcolor Info: Model `hsb' substituted by `rgb' on input line 1357.
Package xcolor Info: Model `RGB' extended on input line 1369.
Package xcolor Info: Model `HTML' substituted by `rgb' on input line 1371.
Package xcolor Info: Model `Hsb' substituted by `hsb' on input line 1372.
Package xcolor Info: Model `tHsb' substituted by `hsb' on input line 1373.
Package xcolor Info: Model `HSB' substituted by `hsb' on input line 1374.
Package xcolor Info: Model `Gray' substituted by `gray' on input line 1375.
Package xcolor Info: Model `wave' substituted by `hsb' on input line 1376.
 (/usr/share/texmf-dist/tex/latex/graphics/dvipsnam.def
File: dvipsnam.def 2016/06/17 v3.0m Driver-dependent file (DPC,SPQR)
)) (/usr/share/texmf-dist/tex/latex/units/units.sty
Package: units 1998/08/04 v0.9b Typesetting units
 (/usr/share/texmf-dist/tex/latex/base/ifthen.sty
Package: ifthen 2022/04/13 v1.1d Standard LaTeX ifthen package (DPC)
) (/usr/share/texmf-dist/tex/latex/units/nicefrac.sty
Package: nicefrac 1998/08/04 v0.9b Nice fractions
\L@UnitsRaiseDisplaystyle=\skip50
\L@UnitsRaiseTextstyle=\skip51
\L@UnitsRaiseScriptstyle=\skip52
)) (/usr/share/texmf-dist/tex/latex/tocloft/tocloft.sty
Package: tocloft 2017/08/31 v2.3i parameterised ToC, etc., typesetting
Package tocloft Info: The document has chapter divisions on input line 51.
\cftparskip=\skip53
\cftbeforetoctitleskip=\skip54
\cftaftertoctitleskip=\skip55
\cftbeforepartskip=\skip56
\cftpartnumwidth=\skip57
\cftpartindent=\skip58
\cftbeforechapskip=\skip59
\cftchapindent=\skip60
\cftchapnumwidth=\skip61
\cftbeforesecskip=\skip62
\cftsecindent=\skip63
\cftsecnumwidth=\skip64
\cftbeforesubsecskip=\skip65
\cftsubsecindent=\skip66
\cftsubsecnumwidth=\skip67
\cftbeforesubsubsecskip=\skip68
\cftsubsubsecindent=\skip69
\cftsubsubsecnumwidth=\skip70
\cftbeforeparaskip=\skip71
\cftparaindent=\skip72
\cftparanumwidth=\skip73
\cftbeforesubparaskip=\skip74
\cftsubparaindent=\skip75
\cftsubparanumwidth=\skip76
\cftbeforeloftitleskip=\skip77
\cftafterloftitleskip=\skip78
\cftbeforefigskip=\skip79
\cftfigindent=\skip80
\cftfignumwidth=\skip81
\c@lofdepth=\count199
\c@lotdepth=\count266
\cftbeforelottitleskip=\skip82
\cftafterlottitleskip=\skip83
\cftbeforetabskip=\skip84
\cfttabindent=\skip85
\cfttabnumwidth=\skip86
) (/usr/share/texmf-dist/tex/latex/graphics/graphicx.sty
Package: graphicx 2021/09/16 v1.2d Enhanced LaTeX Graphics (DPC,SPQR)
 (/usr/share/texmf-dist/tex/latex/graphics/graphics.sty
Package: graphics 2022/03/10 v1.4e Standard LaTeX Graphics (DPC,SPQR)
 (/usr/share/texmf-dist/tex/latex/graphics/trig.sty
Package: trig 2021/08/11 v1.11 sin cos tan (DPC)
) (/usr/share/texmf-dist/tex/latex/graphics-cfg/graphics.cfg
File: graphics.cfg 2016/06/04 v1.11 sample graphics configuration
)
Package graphics Info: Driver file: pdftex.def on input line 107.
)
\Gin@req@height=\dimen149
\Gin@req@width=\dimen150
) (/usr/share/texmf-dist/tex/latex/adjustbox/adjustbox.sty
Package: adjustbox 2022/10/17 v1.3a Adjusting TeX boxes (trim, clip, ...)
 (/usr/share/texmf-dist/tex/latex/adjustbox/adjcalc.sty
Package: adjcalc 2012/05/16 v1.1 Provides advanced setlength with multiple back-ends (calc, etex, pgfmath)
) (/usr/share/texmf-dist/tex/latex/adjustbox/trimclip.sty
Package: trimclip 2020/08/19 v1.2 Trim and clip general TeX material
 (/usr/share/texmf-dist/tex/latex/collectbox/collectbox.sty
Package: collectbox 2022/10/17 v0.4c Collect macro arguments as boxes
\collectedbox=\box51
)
\tc@llx=\dimen151
\tc@lly=\dimen152
\tc@urx=\dimen153
\tc@ury=\dimen154
Package trimclip Info: Using driver 'tc-pdftex.def'.
 (/usr/share/texmf-dist/tex/latex/adjustbox/tc-pdftex.def
File: tc-pdftex.def 2019/01/04 v2.2 Clipping driver for pdftex
))
\adjbox@Width=\dimen155
\adjbox@Height=\dimen156
\adjbox@Depth=\dimen157
\adjbox@Totalheight=\dimen158
\adjbox@pwidth=\dimen159
\adjbox@pheight=\dimen160
\adjbox@pdepth=\dimen161
\adjbox@ptotalheight=\dimen162
 (/usr/share/texmf-dist/tex/latex/ifoddpage/ifoddpage.sty
Package: ifoddpage 2022/10/18 v1.2 Conditionals for odd/even page detection
\c@checkoddpage=\count267
) (/usr/share/texmf-dist/tex/latex/varwidth/varwidth.sty
Package: varwidth 2009/03/30 ver 0.92;  Variable-width minipages
\@vwid@box=\box52
\sift@deathcycles=\count268
\@vwid@loff=\dimen163
\@vwid@roff=\dimen164
)) (/usr/share/texmf-dist/tex/latex/subfig/subfig.sty
Package: subfig 2005/06/28 ver: 1.3 subfig package
 (/usr/share/texmf-dist/tex/latex/caption/caption3.sty
Package: caption3 2023/03/12 v2.4 caption3 kernel (AR)
\caption@tempdima=\dimen165
\captionmargin=\dimen166
\caption@leftmargin=\dimen167
\caption@rightmargin=\dimen168
\caption@width=\dimen169
\caption@indent=\dimen170
\caption@parindent=\dimen171
\caption@hangindent=\dimen172
Package caption Info: Unknown document class (or package),
(caption)             standard defaults will be used.
Package caption Info: \@makecaption = \long macro:#1#2->\vskip \abovecaptionskip \sbox \@tempboxa {#1~~#2}\ifdim \wd \@tempboxa >\hsize #1~~#2\par \else \global \@minipagefalse \hb@xt@ \hsize {\hfil \box \@tempboxa \hfil }\fi \vskip \belowcaptionskip  on input line 1176.
)
\c@KVtest=\count269
\sf@farskip=\skip87
\sf@captopadj=\dimen173
\sf@capskip=\skip88
\sf@nearskip=\skip89
\c@subfigure=\count270
\c@subfigure@save=\count271
\c@subtable=\count272
\c@subtable@save=\count273
\sf@top=\skip90
\sf@bottom=\skip91
) (/usr/share/texmf-dist/tex/latex/pgf/frontendlayer/tikz.sty (/usr/share/texmf-dist/tex/latex/pgf/basiclayer/pgf.sty (/usr/share/texmf-dist/tex/latex/pgf/utilities/pgfrcs.sty (/usr/share/texmf-dist/tex/generic/pgf/utilities/pgfutil-common.tex
\pgfutil@everybye=\toks21
\pgfutil@tempdima=\dimen174
\pgfutil@tempdimb=\dimen175
) (/usr/share/texmf-dist/tex/generic/pgf/utilities/pgfutil-latex.def
\pgfutil@abb=\box53
) (/usr/share/texmf-dist/tex/generic/pgf/utilities/pgfrcs.code.tex (/usr/share/texmf-dist/tex/generic/pgf/pgf.revision.tex)
Package: pgfrcs 2023-01-15 v3.1.10 (3.1.10)
))
Package: pgf 2023-01-15 v3.1.10 (3.1.10)
 (/usr/share/texmf-dist/tex/latex/pgf/basiclayer/pgfcore.sty (/usr/share/texmf-dist/tex/latex/pgf/systemlayer/pgfsys.sty (/usr/share/texmf-dist/tex/generic/pgf/systemlayer/pgfsys.code.tex
Package: pgfsys 2023-01-15 v3.1.10 (3.1.10)
 (/usr/share/texmf-dist/tex/generic/pgf/utilities/pgfkeys.code.tex
\pgfkeys@pathtoks=\toks22
\pgfkeys@temptoks=\toks23
 (/usr/share/texmf-dist/tex/generic/pgf/utilities/pgfkeyslibraryfiltered.code.tex
\pgfkeys@tmptoks=\toks24
))
\pgf@x=\dimen176
\pgf@y=\dimen177
\pgf@xa=\dimen178
\pgf@ya=\dimen179
\pgf@xb=\dimen180
\pgf@yb=\dimen181
\pgf@xc=\dimen182
\pgf@yc=\dimen183
\pgf@xd=\dimen184
\pgf@yd=\dimen185
\w@pgf@writea=\write3
\r@pgf@reada=\read2
\c@pgf@counta=\count274
\c@pgf@countb=\count275
\c@pgf@countc=\count276
\c@pgf@countd=\count277
\t@pgf@toka=\toks25
\t@pgf@tokb=\toks26
\t@pgf@tokc=\toks27
\pgf@sys@id@count=\count278
 (/usr/share/texmf-dist/tex/generic/pgf/systemlayer/pgf.cfg
File: pgf.cfg 2023-01-15 v3.1.10 (3.1.10)
)
Driver file for pgf: pgfsys-pdftex.def
 (/usr/share/texmf-dist/tex/generic/pgf/systemlayer/pgfsys-pdftex.def
File: pgfsys-pdftex.def 2023-01-15 v3.1.10 (3.1.10)
 (/usr/share/texmf-dist/tex/generic/pgf/systemlayer/pgfsys-common-pdf.def
File: pgfsys-common-pdf.def 2023-01-15 v3.1.10 (3.1.10)
))) (/usr/share/texmf-dist/tex/generic/pgf/systemlayer/pgfsyssoftpath.code.tex
File: pgfsyssoftpath.code.tex 2023-01-15 v3.1.10 (3.1.10)
\pgfsyssoftpath@smallbuffer@items=\count279
\pgfsyssoftpath@bigbuffer@items=\count280
) (/usr/share/texmf-dist/tex/generic/pgf/systemlayer/pgfsysprotocol.code.tex
File: pgfsysprotocol.code.tex 2023-01-15 v3.1.10 (3.1.10)
)) (/usr/share/texmf-dist/tex/generic/pgf/basiclayer/pgfcore.code.tex
Package: pgfcore 2023-01-15 v3.1.10 (3.1.10)
 (/usr/share/texmf-dist/tex/generic/pgf/math/pgfmath.code.tex (/usr/share/texmf-dist/tex/generic/pgf/math/pgfmathutil.code.tex) (/usr/share/texmf-dist/tex/generic/pgf/math/pgfmathparser.code.tex
\pgfmath@dimen=\dimen186
\pgfmath@count=\count281
\pgfmath@box=\box54
\pgfmath@toks=\toks28
\pgfmath@stack@operand=\toks29
\pgfmath@stack@operation=\toks30
) (/usr/share/texmf-dist/tex/generic/pgf/math/pgfmathfunctions.code.tex) (/usr/share/texmf-dist/tex/generic/pgf/math/pgfmathfunctions.basic.code.tex) (/usr/share/texmf-dist/tex/generic/pgf/math/pgfmathfunctions.trigonometric.code.tex) (/usr/share/texmf-dist/tex/generic/pgf/math/pgfmathfunctions.random.code.tex) (/usr/share/texmf-dist/tex/generic/pgf/math/pgfmathfunctions.comparison.code.tex) (/usr/share/texmf-dist/tex/generic/pgf/math/pgfmathfunctions.base.code.tex) (/usr/share/texmf-dist/tex/generic/pgf/math/pgfmathfunctions.round.code.tex) (/usr/share/texmf-dist/tex/generic/pgf/math/pgfmathfunctions.misc.code.tex) (/usr/share/texmf-dist/tex/generic/pgf/math/pgfmathfunctions.integerarithmetics.code.tex) (/usr/share/texmf-dist/tex/generic/pgf/math/pgfmathcalc.code.tex) (/usr/share/texmf-dist/tex/generic/pgf/math/pgfmathfloat.code.tex
\c@pgfmathroundto@lastzeros=\count282
)) (/usr/share/texmf-dist/tex/generic/pgf/math/pgfint.code.tex) (/usr/share/texmf-dist/tex/generic/pgf/basiclayer/pgfcorepoints.code.tex
File: pgfcorepoints.code.tex 2023-01-15 v3.1.10 (3.1.10)
\pgf@picminx=\dimen187
\pgf@picmaxx=\dimen188
\pgf@picminy=\dimen189
\pgf@picmaxy=\dimen190
\pgf@pathminx=\dimen191
\pgf@pathmaxx=\dimen192
\pgf@pathminy=\dimen193
\pgf@pathmaxy=\dimen194
\pgf@xx=\dimen195
\pgf@xy=\dimen196
\pgf@yx=\dimen197
\pgf@yy=\dimen198
\pgf@zx=\dimen199
\pgf@zy=\dimen256
) (/usr/share/texmf-dist/tex/generic/pgf/basiclayer/pgfcorepathconstruct.code.tex
File: pgfcorepathconstruct.code.tex 2023-01-15 v3.1.10 (3.1.10)
\pgf@path@lastx=\dimen257
\pgf@path@lasty=\dimen258
) (/usr/share/texmf-dist/tex/generic/pgf/basiclayer/pgfcorepathusage.code.tex
File: pgfcorepathusage.code.tex 2023-01-15 v3.1.10 (3.1.10)
\pgf@shorten@end@additional=\dimen259
\pgf@shorten@start@additional=\dimen260
) (/usr/share/texmf-dist/tex/generic/pgf/basiclayer/pgfcorescopes.code.tex
File: pgfcorescopes.code.tex 2023-01-15 v3.1.10 (3.1.10)
\pgfpic=\box55
\pgf@hbox=\box56
\pgf@layerbox@main=\box57
\pgf@picture@serial@count=\count283
) (/usr/share/texmf-dist/tex/generic/pgf/basiclayer/pgfcoregraphicstate.code.tex
File: pgfcoregraphicstate.code.tex 2023-01-15 v3.1.10 (3.1.10)
\pgflinewidth=\dimen261
) (/usr/share/texmf-dist/tex/generic/pgf/basiclayer/pgfcoretransformations.code.tex
File: pgfcoretransformations.code.tex 2023-01-15 v3.1.10 (3.1.10)
\pgf@pt@x=\dimen262
\pgf@pt@y=\dimen263
\pgf@pt@temp=\dimen264
) (/usr/share/texmf-dist/tex/generic/pgf/basiclayer/pgfcorequick.code.tex
File: pgfcorequick.code.tex 2023-01-15 v3.1.10 (3.1.10)
) (/usr/share/texmf-dist/tex/generic/pgf/basiclayer/pgfcoreobjects.code.tex
File: pgfcoreobjects.code.tex 2023-01-15 v3.1.10 (3.1.10)
) (/usr/share/texmf-dist/tex/generic/pgf/basiclayer/pgfcorepathprocessing.code.tex
File: pgfcorepathprocessing.code.tex 2023-01-15 v3.1.10 (3.1.10)
) (/usr/share/texmf-dist/tex/generic/pgf/basiclayer/pgfcorearrows.code.tex
File: pgfcorearrows.code.tex 2023-01-15 v3.1.10 (3.1.10)
\pgfarrowsep=\dimen265
) (/usr/share/texmf-dist/tex/generic/pgf/basiclayer/pgfcoreshade.code.tex
File: pgfcoreshade.code.tex 2023-01-15 v3.1.10 (3.1.10)
\pgf@max=\dimen266
\pgf@sys@shading@range@num=\count284
\pgf@shadingcount=\count285
) (/usr/share/texmf-dist/tex/generic/pgf/basiclayer/pgfcoreimage.code.tex
File: pgfcoreimage.code.tex 2023-01-15 v3.1.10 (3.1.10)
) (/usr/share/texmf-dist/tex/generic/pgf/basiclayer/pgfcoreexternal.code.tex
File: pgfcoreexternal.code.tex 2023-01-15 v3.1.10 (3.1.10)
\pgfexternal@startupbox=\box58
) (/usr/share/texmf-dist/tex/generic/pgf/basiclayer/pgfcorelayers.code.tex
File: pgfcorelayers.code.tex 2023-01-15 v3.1.10 (3.1.10)
) (/usr/share/texmf-dist/tex/generic/pgf/basiclayer/pgfcoretransparency.code.tex
File: pgfcoretransparency.code.tex 2023-01-15 v3.1.10 (3.1.10)
) (/usr/share/texmf-dist/tex/generic/pgf/basiclayer/pgfcorepatterns.code.tex
File: pgfcorepatterns.code.tex 2023-01-15 v3.1.10 (3.1.10)
) (/usr/share/texmf-dist/tex/generic/pgf/basiclayer/pgfcorerdf.code.tex
File: pgfcorerdf.code.tex 2023-01-15 v3.1.10 (3.1.10)
))) (/usr/share/texmf-dist/tex/generic/pgf/modules/pgfmoduleshapes.code.tex
File: pgfmoduleshapes.code.tex 2023-01-15 v3.1.10 (3.1.10)
\pgfnodeparttextbox=\box59
) (/usr/share/texmf-dist/tex/generic/pgf/modules/pgfmoduleplot.code.tex
File: pgfmoduleplot.code.tex 2023-01-15 v3.1.10 (3.1.10)
) (/usr/share/texmf-dist/tex/latex/pgf/compatibility/pgfcomp-version-0-65.sty
Package: pgfcomp-version-0-65 2023-01-15 v3.1.10 (3.1.10)
\pgf@nodesepstart=\dimen267
\pgf@nodesepend=\dimen268
) (/usr/share/texmf-dist/tex/latex/pgf/compatibility/pgfcomp-version-1-18.sty
Package: pgfcomp-version-1-18 2023-01-15 v3.1.10 (3.1.10)
)) (/usr/share/texmf-dist/tex/latex/pgf/utilities/pgffor.sty (/usr/share/texmf-dist/tex/latex/pgf/utilities/pgfkeys.sty (/usr/share/texmf-dist/tex/generic/pgf/utilities/pgfkeys.code.tex)) (/usr/share/texmf-dist/tex/latex/pgf/math/pgfmath.sty (/usr/share/texmf-dist/tex/generic/pgf/math/pgfmath.code.tex)) (/usr/share/texmf-dist/tex/generic/pgf/utilities/pgffor.code.tex
Package: pgffor 2023-01-15 v3.1.10 (3.1.10)
\pgffor@iter=\dimen269
\pgffor@skip=\dimen270
\pgffor@stack=\toks31
\pgffor@toks=\toks32
)) (/usr/share/texmf-dist/tex/generic/pgf/frontendlayer/tikz/tikz.code.tex
Package: tikz 2023-01-15 v3.1.10 (3.1.10)
 (/usr/share/texmf-dist/tex/generic/pgf/libraries/pgflibraryplothandlers.code.tex
File: pgflibraryplothandlers.code.tex 2023-01-15 v3.1.10 (3.1.10)
\pgf@plot@mark@count=\count286
\pgfplotmarksize=\dimen271
)
\tikz@lastx=\dimen272
\tikz@lasty=\dimen273
\tikz@lastxsaved=\dimen274
\tikz@lastysaved=\dimen275
\tikz@lastmovetox=\dimen276
\tikz@lastmovetoy=\dimen277
\tikzleveldistance=\dimen278
\tikzsiblingdistance=\dimen279
\tikz@figbox=\box60
\tikz@figbox@bg=\box61
\tikz@tempbox=\box62
\tikz@tempbox@bg=\box63
\tikztreelevel=\count287
\tikznumberofchildren=\count288
\tikznumberofcurrentchild=\count289
\tikz@fig@count=\count290
 (/usr/share/texmf-dist/tex/generic/pgf/modules/pgfmodulematrix.code.tex
File: pgfmodulematrix.code.tex 2023-01-15 v3.1.10 (3.1.10)
\pgfmatrixcurrentrow=\count291
\pgfmatrixcurrentcolumn=\count292
\pgf@matrix@numberofcolumns=\count293
)
\tikz@expandcount=\count294
 (/usr/share/texmf-dist/tex/generic/pgf/frontendlayer/tikz/libraries/tikzlibrarytopaths.code.tex
File: tikzlibrarytopaths.code.tex 2023-01-15 v3.1.10 (3.1.10)
))) (/usr/share/texmf-dist/tex/latex/tikz-timing/tikz-timing.sty
Package: tikz-timing 2017/12/20 v0.7f Digital Timing Diagrams using TikZ
 (/usr/share/texmf-dist/tex/generic/pgf/frontendlayer/tikz/libraries/tikzlibrarycalc.code.tex
File: tikzlibrarycalc.code.tex 2023-01-15 v3.1.10 (3.1.10)
) (/usr/share/texmf-dist/tex/generic/pgf/frontendlayer/tikz/libraries/tikzlibrarybackgrounds.code.tex
File: tikzlibrarybackgrounds.code.tex 2023-01-15 v3.1.10 (3.1.10)
\pgf@layerbox@background=\box64
\pgf@layerboxsaved@background=\box65
) (/usr/share/texmf-dist/tex/generic/pgf/frontendlayer/tikz/libraries/tikzlibrarydecorations.pathmorphing.code.tex (/usr/share/texmf-dist/tex/generic/pgf/frontendlayer/tikz/libraries/tikzlibrarydecorations.code.tex (/usr/share/texmf-dist/tex/generic/pgf/modules/pgfmoduledecorations.code.tex
\pgfdecoratedcompleteddistance=\dimen280
\pgfdecoratedremainingdistance=\dimen281
\pgfdecoratedinputsegmentcompleteddistance=\dimen282
\pgfdecoratedinputsegmentremainingdistance=\dimen283
\pgf@decorate@distancetomove=\dimen284
\pgf@decorate@repeatstate=\count295
\pgfdecorationsegmentamplitude=\dimen285
\pgfdecorationsegmentlength=\dimen286
)
\tikz@lib@dec@box=\box66
) (/usr/share/texmf-dist/tex/generic/pgf/libraries/decorations/pgflibrarydecorations.pathmorphing.code.tex)) (/usr/share/texmf-dist/tex/latex/environ/environ.sty
Package: environ 2014/05/04 v0.3 A new way to define environments
 (/usr/share/texmf-dist/tex/latex/trimspaces/trimspaces.sty
Package: trimspaces 2009/09/17 v1.1 Trim spaces around a token list
)
\@envbody=\toks33
)
\tikztiming@numint=\count296
\tikztiming@numfrac=\count297
\tikztiming@xunit=\skip92
\tikztiming@yunit=\skip93
\tikztiming@debug=\count298
\c@tikztiming@nrows=\count299
\c@tikztimingrows=\count300
\c@tikztimingtrans=\count301
\c@tikztimingtranspos=\count302
) (/usr/share/texmf-dist/tex/latex/tikz-3dplot/tikz-3dplot.sty (/usr/share/texmf-dist/tex/generic/pgf/frontendlayer/tikz/libraries/tikzlibrary3d.code.tex
File: tikzlibrary3d.code.tex 2023-01-15 v3.1.10 (3.1.10)
) (/usr/share/texmf-dist/tex/generic/pgf/frontendlayer/tikz/libraries/tikzlibraryarrows.code.tex
File: tikzlibraryarrows.code.tex 2023-01-15 v3.1.10 (3.1.10)
 (/usr/share/texmf-dist/tex/generic/pgf/libraries/pgflibraryarrows.code.tex
File: pgflibraryarrows.code.tex 2023-01-15 v3.1.10 (3.1.10)
\arrowsize=\dimen287
))) (/usr/share/texmf-dist/tex/latex/makecell/makecell.sty
Package: makecell 2009/08/03 V0.1e Managing of Tab Column Heads and Cells
 (/usr/share/texmf-dist/tex/latex/tools/array.sty
Package: array 2022/09/04 v2.5g Tabular extension package (FMi)
\col@sep=\dimen288
\ar@mcellbox=\box67
\extrarowheight=\dimen289
\NC@list=\toks34
\extratabsurround=\skip94
\backup@length=\skip95
\ar@cellbox=\box68
)
\rotheadsize=\dimen290
\c@nlinenum=\count303
\TeXr@lab=\toks35
) (/usr/share/texmf-dist/tex/generic/pgf/frontendlayer/tikz/libraries/tikzlibraryautomata.code.tex
File: tikzlibraryautomata.code.tex 2023-01-15 v3.1.10 (3.1.10)
 (/usr/share/texmf-dist/tex/generic/pgf/frontendlayer/tikz/libraries/tikzlibraryshapes.multipart.code.tex
File: tikzlibraryshapes.multipart.code.tex 2023-01-15 v3.1.10 (3.1.10)
 (/usr/share/texmf-dist/tex/generic/pgf/libraries/shapes/pgflibraryshapes.multipart.code.tex
File: pgflibraryshapes.multipart.code.tex 2023-01-15 v3.1.10 (3.1.10)
\pgfnodepartlowerbox=\box69
\pgfnodeparttwobox=\box70
\pgfnodepartthreebox=\box71
\pgfnodepartfourbox=\box72
\pgfnodeparttwentybox=\box73
\pgfnodepartnineteenbox=\box74
\pgfnodeparteighteenbox=\box75
\pgfnodepartseventeenbox=\box76
\pgfnodepartsixteenbox=\box77
\pgfnodepartfifteenbox=\box78
\pgfnodepartfourteenbox=\box79
\pgfnodepartthirteenbox=\box80
\pgfnodeparttwelvebox=\box81
\pgfnodepartelevenbox=\box82
\pgfnodeparttenbox=\box83
\pgfnodepartninebox=\box84
\pgfnodeparteightbox=\box85
\pgfnodepartsevenbox=\box86
\pgfnodepartsixbox=\box87
\pgfnodepartfivebox=\box88
))) (/usr/share/texmf-dist/tex/generic/pgf/frontendlayer/tikz/libraries/tikzlibrarypositioning.code.tex
File: tikzlibrarypositioning.code.tex 2023-01-15 v3.1.10 (3.1.10)
) (/usr/share/texmf-dist/tex/latex/standalone/standalone.sty
Package: standalone 2022/10/10 v1.3b Package to include TeX sub-files with preambles
 (/usr/share/texmf-dist/tex/latex/tools/shellesc.sty
Package: shellesc 2019/11/08 v1.0c unified shell escape interface for LaTeX
Package shellesc Info: Unrestricted shell escape enabled on input line 75.
) (/usr/share/texmf-dist/tex/latex/currfile/currfile.sty
Package: currfile 2022/10/10 v0.8 Provides the file path elements of the current input file
 (/usr/share/texmf-dist/tex/latex/kvoptions/kvoptions.sty
Package: kvoptions 2022-06-15 v3.15 Key value format for package options (HO)
 (/usr/share/texmf-dist/tex/generic/ltxcmds/ltxcmds.sty
Package: ltxcmds 2020-05-10 v1.25 LaTeX kernel commands for general use (HO)
) (/usr/share/texmf-dist/tex/latex/kvsetkeys/kvsetkeys.sty
Package: kvsetkeys 2022-10-05 v1.19 Key value parser (HO)
)) (/usr/share/texmf-dist/tex/latex/filehook/filehook.sty
Package: filehook 2022/10/25 v0.8b Hooks for input files
 (/usr/share/texmf-dist/tex/latex/filehook/filehook-2020.sty
Package: filehook-2020 2022/10/25 v0.8b Hooks for input files
))
\c@currfiledepth=\count304
) (/usr/share/texmf-dist/tex/latex/gincltex/gincltex.sty (/usr/share/texmf-dist/tex/latex/svn-prov/svn-prov.sty
Package: svn-prov 2010/04/24 v3.1862 Package Date/Version from SVN Keywords
)
Package: gincltex 2011/09/04 v0.3 Include external LaTeX files like graphics
\gincltex@box=\box89
) (/usr/share/texmf-dist/tex/latex/filemod/filemod-expmin.sty
Package: filemod-expmin 2011/09/19 v1.2 Get and compare file modification times (expandable; minimal)
)) (/usr/share/texmf-dist/tex/latex/pgfplots/pgfplots.sty (/usr/share/texmf-dist/tex/generic/pgfplots/pgfplots.revision.tex)
Package: pgfplots 2021/05/15 v1.18.1 Data Visualization (1.18.1)
 (/usr/share/texmf-dist/tex/generic/pgfplots/pgfplots.code.tex (/usr/share/texmf-dist/tex/generic/pgfplots/pgfplotscore.code.tex
\t@pgfplots@toka=\toks36
\t@pgfplots@tokb=\toks37
\t@pgfplots@tokc=\toks38
\pgfplots@tmpa=\dimen291
\c@pgfplots@coordindex=\count305
\c@pgfplots@scanlineindex=\count306
 (/usr/share/texmf-dist/tex/generic/pgfplots/sys/pgfplotssysgeneric.code.tex)) (/usr/share/texmf-dist/tex/generic/pgfplots/libs/pgfplotslibrary.code.tex) (/usr/share/texmf-dist/tex/generic/pgfplots/oldpgfcompatib/pgfplotsoldpgfsupp_loader.code.tex (/usr/share/texmf-dist/tex/generic/pgf/libraries/pgflibraryfpu.code.tex)
Package pgfplots: loading complementary utilities for your pgf version...
\t@pgf@toka=\toks39
\t@pgf@tokb=\toks40
\t@pgf@tokc=\toks41
(/usr/share/texmf-dist/tex/generic/pgfplots/oldpgfcompatib/pgfplotsoldpgfsupp_pgfutil-common-lists.tex)) (/usr/share/texmf-dist/tex/generic/pgfplots/util/pgfplotsutil.code.tex (/usr/share/texmf-dist/tex/generic/pgfplots/liststructure/pgfplotsliststructure.code.tex) (/usr/share/texmf-dist/tex/generic/pgfplots/liststructure/pgfplotsliststructureext.code.tex) (/usr/share/texmf-dist/tex/generic/pgfplots/liststructure/pgfplotsarray.code.tex
\c@pgfplotsarray@tmp=\count307
) (/usr/share/texmf-dist/tex/generic/pgfplots/liststructure/pgfplotsmatrix.code.tex) (/usr/share/texmf-dist/tex/generic/pgfplots/numtable/pgfplotstableshared.code.tex
\c@pgfplotstable@counta=\count308
\t@pgfplotstable@a=\toks42
) (/usr/share/texmf-dist/tex/generic/pgfplots/liststructure/pgfplotsdeque.code.tex) (/usr/share/texmf-dist/tex/generic/pgfplots/util/pgfplotsbinary.code.tex (/usr/share/texmf-dist/tex/generic/pgfplots/util/pgfplotsbinary.data.code.tex)) (/usr/share/texmf-dist/tex/generic/pgfplots/util/pgfplotsutil.verb.code.tex) (/usr/share/texmf-dist/tex/generic/pgfplots/libs/pgflibrarypgfplots.surfshading.code.tex
\c@pgfplotslibrarysurf@no=\count309
 (/usr/share/texmf-dist/tex/generic/pgfplots/sys/pgflibrarypgfplots.surfshading.pgfsys-pdftex.def))) (/usr/share/texmf-dist/tex/generic/pgfplots/util/pgfplotscolormap.code.tex (/usr/share/texmf-dist/tex/generic/pgfplots/util/pgfplotscolor.code.tex)) (/usr/share/texmf-dist/tex/generic/pgfplots/pgfplotsstackedplots.code.tex) (/usr/share/texmf-dist/tex/generic/pgfplots/pgfplotsplothandlers.code.tex (/usr/share/texmf-dist/tex/generic/pgfplots/pgfplotsmeshplothandler.code.tex (/usr/share/texmf-dist/tex/generic/pgfplots/pgfplotsmeshplotimage.code.tex))) (/usr/share/texmf-dist/tex/generic/pgfplots/pgfplots.scaling.code.tex) (/usr/share/texmf-dist/tex/generic/pgfplots/pgfplotscoordprocessing.code.tex) (/usr/share/texmf-dist/tex/generic/pgfplots/pgfplots.errorbars.code.tex) (/usr/share/texmf-dist/tex/generic/pgfplots/pgfplots.markers.code.tex) (/usr/share/texmf-dist/tex/generic/pgfplots/pgfplotsticks.code.tex) (/usr/share/texmf-dist/tex/generic/pgfplots/pgfplots.paths.code.tex) (/usr/share/texmf-dist/tex/generic/pgf/frontendlayer/tikz/libraries/tikzlibrarydecorations.pathreplacing.code.tex (/usr/share/texmf-dist/tex/generic/pgf/libraries/decorations/pgflibrarydecorations.pathreplacing.code.tex)) (/usr/share/texmf-dist/tex/generic/pgfplots/libs/tikzlibrarypgfplots.contourlua.code.tex)
\pgfplots@numplots=\count310
\pgfplots@xmin@reg=\dimen292
\pgfplots@xmax@reg=\dimen293
\pgfplots@ymin@reg=\dimen294
\pgfplots@ymax@reg=\dimen295
\pgfplots@zmin@reg=\dimen296
\pgfplots@zmax@reg=\dimen297
) (/usr/share/texmf-dist/tex/generic/pgf/frontendlayer/tikz/libraries/tikzlibraryplotmarks.code.tex
File: tikzlibraryplotmarks.code.tex 2023-01-15 v3.1.10 (3.1.10)
 (/usr/share/texmf-dist/tex/generic/pgf/libraries/pgflibraryplotmarks.code.tex
File: pgflibraryplotmarks.code.tex 2023-01-15 v3.1.10 (3.1.10)
))) (/usr/share/texmf-dist/tex/latex/mathtools/mathtools.sty
Package: mathtools 2022/06/29 v1.29 mathematical typesetting tools
 (/usr/share/texmf-dist/tex/latex/tools/calc.sty
Package: calc 2017/05/25 v4.3 Infix arithmetic (KKT,FJ)
\calc@Acount=\count311
\calc@Bcount=\count312
\calc@Adimen=\dimen298
\calc@Bdimen=\dimen299
\calc@Askip=\skip96
\calc@Bskip=\skip97
LaTeX Info: Redefining \setlength on input line 80.
LaTeX Info: Redefining \addtolength on input line 81.
\calc@Ccount=\count313
\calc@Cskip=\skip98
) (/usr/share/texmf-dist/tex/latex/mathtools/mhsetup.sty
Package: mhsetup 2021/03/18 v1.4 programming setup (MH)
) (/usr/share/texmf-dist/tex/latex/amsmath/amsmath.sty
Package: amsmath 2022/04/08 v2.17n AMS math features
\@mathmargin=\skip99

For additional information on amsmath, use the `?' option.
(/usr/share/texmf-dist/tex/latex/amsmath/amstext.sty
Package: amstext 2021/08/26 v2.01 AMS text
 (/usr/share/texmf-dist/tex/latex/amsmath/amsgen.sty
File: amsgen.sty 1999/11/30 v2.0 generic functions
\@emptytoks=\toks43
\ex@=\dimen300
)) (/usr/share/texmf-dist/tex/latex/amsmath/amsbsy.sty
Package: amsbsy 1999/11/29 v1.2d Bold Symbols
\pmbraise@=\dimen301
) (/usr/share/texmf-dist/tex/latex/amsmath/amsopn.sty
Package: amsopn 2022/04/08 v2.04 operator names
)
\inf@bad=\count314
LaTeX Info: Redefining \frac on input line 234.
\uproot@=\count315
\leftroot@=\count316
LaTeX Info: Redefining \overline on input line 399.
LaTeX Info: Redefining \colon on input line 410.
\classnum@=\count317
\DOTSCASE@=\count318
LaTeX Info: Redefining \ldots on input line 496.
LaTeX Info: Redefining \dots on input line 499.
LaTeX Info: Redefining \cdots on input line 620.
\Mathstrutbox@=\box90
\strutbox@=\box91
LaTeX Info: Redefining \big on input line 722.
LaTeX Info: Redefining \Big on input line 723.
LaTeX Info: Redefining \bigg on input line 724.
LaTeX Info: Redefining \Bigg on input line 725.
\big@size=\dimen302
LaTeX Font Info:    Redeclaring font encoding OML on input line 743.
LaTeX Font Info:    Redeclaring font encoding OMS on input line 744.
\macc@depth=\count319
LaTeX Info: Redefining \bmod on input line 905.
LaTeX Info: Redefining \pmod on input line 910.
LaTeX Info: Redefining \smash on input line 940.
LaTeX Info: Redefining \relbar on input line 970.
LaTeX Info: Redefining \Relbar on input line 971.
\c@MaxMatrixCols=\count320
\dotsspace@=\muskip16
\c@parentequation=\count321
\dspbrk@lvl=\count322
\tag@help=\toks44
\row@=\count323
\column@=\count324
\maxfields@=\count325
\andhelp@=\toks45
\eqnshift@=\dimen303
\alignsep@=\dimen304
\tagshift@=\dimen305
\tagwidth@=\dimen306
\totwidth@=\dimen307
\lineht@=\dimen308
\@envbody=\toks46
\multlinegap=\skip100
\multlinetaggap=\skip101
\mathdisplay@stack=\toks47
LaTeX Info: Redefining \[ on input line 2953.
LaTeX Info: Redefining \] on input line 2954.
)
\g_MT_multlinerow_int=\count326
\l_MT_multwidth_dim=\dimen309
\origjot=\skip102
\l_MT_shortvdotswithinadjustabove_dim=\dimen310
\l_MT_shortvdotswithinadjustbelow_dim=\dimen311
\l_MT_above_intertext_sep=\dimen312
\l_MT_below_intertext_sep=\dimen313
\l_MT_above_shortintertext_sep=\dimen314
\l_MT_below_shortintertext_sep=\dimen315
\xmathstrut@box=\box92
\xmathstrut@dim=\dimen316
) (/usr/share/texmf-dist/tex/latex/amsfonts/amssymb.sty
Package: amssymb 2013/01/14 v3.01 AMS font symbols
 (/usr/share/texmf-dist/tex/latex/amsfonts/amsfonts.sty
Package: amsfonts 2013/01/14 v3.01 Basic AMSFonts support
\symAMSa=\mathgroup4
\symAMSb=\mathgroup5
LaTeX Font Info:    Redeclaring math symbol \hbar on input line 98.
LaTeX Font Info:    Overwriting math alphabet `\mathfrak' in version `bold'
(Font)                  U/euf/m/n --> U/euf/b/n on input line 106.
)) (/usr/share/texmf-dist/tex/latex/wasysym/wasysym.sty
Package: wasysym 2020/01/19 v2.4 Wasy-2 symbol support package
\symwasy=\mathgroup6
LaTeX Font Info:    Overwriting symbol font `wasy' in version `bold'
(Font)                  U/wasy/m/n --> U/wasy/b/n on input line 93.
) (/usr/share/texmf-dist/tex/latex/etoolbox/etoolbox.sty
Package: etoolbox 2020/10/05 v2.5k e-TeX tools for LaTeX (JAW)
\etb@tempcnta=\count327
) (/usr/share/texmf-dist/tex/generic/pdftexcmds/pdftexcmds.sty
Package: pdftexcmds 2020-06-27 v0.33 Utility functions of pdfTeX for LuaTeX (HO)
 (/usr/share/texmf-dist/tex/generic/infwarerr/infwarerr.sty
Package: infwarerr 2019/12/03 v1.5 Providing info/warning/error messages (HO)
)
Package pdftexcmds Info: \pdf@primitive is available.
Package pdftexcmds Info: \pdf@ifprimitive is available.
Package pdftexcmds Info: \pdfdraftmode found.
) (/usr/share/texmf-dist/tex/latex/hyperref/hyperref.sty
Package: hyperref 2023-02-07 v7.00v Hypertext links for LaTeX
 (/usr/share/texmf-dist/tex/generic/kvdefinekeys/kvdefinekeys.sty
Package: kvdefinekeys 2019-12-19 v1.6 Define keys (HO)
) (/usr/share/texmf-dist/tex/generic/pdfescape/pdfescape.sty
Package: pdfescape 2019/12/09 v1.15 Implements pdfTeX's escape features (HO)
) (/usr/share/texmf-dist/tex/latex/hycolor/hycolor.sty
Package: hycolor 2020-01-27 v1.10 Color options for hyperref/bookmark (HO)
) (/usr/share/texmf-dist/tex/latex/letltxmacro/letltxmacro.sty
Package: letltxmacro 2019/12/03 v1.6 Let assignment for LaTeX macros (HO)
) (/usr/share/texmf-dist/tex/latex/auxhook/auxhook.sty
Package: auxhook 2019-12-17 v1.6 Hooks for auxiliary files (HO)
) (/usr/share/texmf-dist/tex/latex/hyperref/nameref.sty
Package: nameref 2022-05-17 v2.50 Cross-referencing by name of section
 (/usr/share/texmf-dist/tex/latex/refcount/refcount.sty
Package: refcount 2019/12/15 v3.6 Data extraction from label references (HO)
) (/usr/share/texmf-dist/tex/generic/gettitlestring/gettitlestring.sty
Package: gettitlestring 2019/12/15 v1.6 Cleanup title references (HO)
)
\c@section@level=\count328
)
\@linkdim=\dimen317
\Hy@linkcounter=\count329
\Hy@pagecounter=\count330
 (/usr/share/texmf-dist/tex/latex/hyperref/pd1enc.def
File: pd1enc.def 2023-02-07 v7.00v Hyperref: PDFDocEncoding definition (HO)
Now handling font encoding PD1 ...
... no UTF-8 mapping file for font encoding PD1
) (/usr/share/texmf-dist/tex/generic/intcalc/intcalc.sty
Package: intcalc 2019/12/15 v1.3 Expandable calculations with integers (HO)
) (/usr/share/texmf-dist/tex/generic/etexcmds/etexcmds.sty
Package: etexcmds 2019/12/15 v1.7 Avoid name clashes with e-TeX commands (HO)
)
\Hy@SavedSpaceFactor=\count331
 (/usr/share/texmf-dist/tex/latex/hyperref/puenc.def
File: puenc.def 2023-02-07 v7.00v Hyperref: PDF Unicode definition (HO)
Now handling font encoding PU ...
... no UTF-8 mapping file for font encoding PU
)
Package hyperref Info: Hyper figures OFF on input line 4177.
Package hyperref Info: Link nesting OFF on input line 4182.
Package hyperref Info: Hyper index ON on input line 4185.
Package hyperref Info: Plain pages OFF on input line 4192.
Package hyperref Info: Backreferencing OFF on input line 4197.
Package hyperref Info: Implicit mode ON; LaTeX internals redefined.
Package hyperref Info: Bookmarks ON on input line 4425.
\c@Hy@tempcnt=\count332
 (/usr/share/texmf-dist/tex/latex/url/url.sty
\Urlmuskip=\muskip17
Package: url 2013/09/16  ver 3.4  Verb mode for urls, etc.
)
LaTeX Info: Redefining \url on input line 4763.
\XeTeXLinkMargin=\dimen318
 (/usr/share/texmf-dist/tex/generic/bitset/bitset.sty
Package: bitset 2019/12/09 v1.3 Handle bit-vector datatype (HO)
 (/usr/share/texmf-dist/tex/generic/bigintcalc/bigintcalc.sty
Package: bigintcalc 2019/12/15 v1.5 Expandable calculations on big integers (HO)
))
\Fld@menulength=\count333
\Field@Width=\dimen319
\Fld@charsize=\dimen320
Package hyperref Info: Hyper figures OFF on input line 6042.
Package hyperref Info: Link nesting OFF on input line 6047.
Package hyperref Info: Hyper index ON on input line 6050.
Package hyperref Info: backreferencing OFF on input line 6057.
Package hyperref Info: Link coloring OFF on input line 6062.
Package hyperref Info: Link coloring with OCG OFF on input line 6067.
Package hyperref Info: PDF/A mode OFF on input line 6072.
 (/usr/share/texmf-dist/tex/latex/base/atbegshi-ltx.sty
Package: atbegshi-ltx 2021/01/10 v1.0c Emulation of the original atbegshi
package with kernel methods
)
\Hy@abspage=\count334
\c@Item=\count335
\c@Hfootnote=\count336
)
Package hyperref Info: Driver (autodetected): hpdftex.
 (/usr/share/texmf-dist/tex/latex/hyperref/hpdftex.def
File: hpdftex.def 2023-02-07 v7.00v Hyperref driver for pdfTeX
 (/usr/share/texmf-dist/tex/latex/base/atveryend-ltx.sty
Package: atveryend-ltx 2020/08/19 v1.0a Emulation of the original atveryend package
with kernel methods
)
\Fld@listcount=\count337
\c@bookmark@seq@number=\count338
 (/usr/share/texmf-dist/tex/latex/rerunfilecheck/rerunfilecheck.sty
Package: rerunfilecheck 2022-07-10 v1.10 Rerun checks for auxiliary files (HO)
 (/usr/share/texmf-dist/tex/generic/uniquecounter/uniquecounter.sty
Package: uniquecounter 2019/12/15 v1.4 Provide unlimited unique counter (HO)
)
Package uniquecounter Info: New unique counter `rerunfilecheck' on input line 285.
)
\Hy@SectionHShift=\skip103
) (/usr/share/texmf-dist/tex/latex/minted/minted.sty
Package: minted 2022/12/12 v2.7 Yet another Pygments shim for LaTeX
 (/usr/share/texmf-dist/tex/latex/fvextra/fvextra.sty
Package: fvextra 2022/11/30 v1.5 fvextra - extensions and patches for fancyvrb
 (/usr/share/texmf-dist/tex/latex/fancyvrb/fancyvrb.sty
Package: fancyvrb 2023/01/19 4.5a verbatim text (tvz,hv)
\FV@CodeLineNo=\count339
\FV@InFile=\read3
\FV@TabBox=\box93
\c@FancyVerbLine=\count340
\FV@StepNumber=\count341
\FV@OutFile=\write4
) (/usr/share/texmf-dist/tex/latex/upquote/upquote.sty
Package: upquote 2012/04/19 v1.3 upright-quote and grave-accent glyphs in verbatim
) (/usr/share/texmf-dist/tex/latex/lineno/lineno.sty
Package: lineno 2023/01/19 line numbers on paragraphs v5.1
\linenopenalty=\count342
\output=\toks48
\linenoprevgraf=\count343
\linenumbersep=\dimen321
\linenumberwidth=\dimen322
\c@linenumber=\count344
\c@pagewiselinenumber=\count345
\c@LN@truepage=\count346
\c@internallinenumber=\count347
\c@internallinenumbers=\count348
\quotelinenumbersep=\dimen323
\bframerule=\dimen324
\bframesep=\dimen325
\bframebox=\box94
\linenoamsmath@ams@eqpen=\count349
LaTeX Info: Redefining \\ on input line 3131.
)
\c@FV@TrueTabGroupLevel=\count350
\c@FV@TrueTabCounter=\count351
\FV@TabBox@Group=\box95
\FV@TmpLength=\skip104
\c@FV@HighlightLinesStart=\count352
\c@FV@HighlightLinesStop=\count353
\FV@LoopCount=\count354
\FV@NCharsBox=\box96
\FV@BreakIndent=\dimen326
\FV@BreakIndentNChars=\count355
\FV@BreakSymbolSepLeft=\dimen327
\FV@BreakSymbolSepLeftNChars=\count356
\FV@BreakSymbolSepRight=\dimen328
\FV@BreakSymbolSepRightNChars=\count357
\FV@BreakSymbolIndentLeft=\dimen329
\FV@BreakSymbolIndentLeftNChars=\count358
\FV@BreakSymbolIndentRight=\dimen330
\FV@BreakSymbolIndentRightNChars=\count359
\c@FancyVerbLineBreakLast=\count360
\FV@LineBox=\box97
\FV@LineIndentBox=\box98
\c@FV@BreakBufferDepth=\count361
\FV@LineWidth=\dimen331
) (/usr/share/texmf-dist/tex/latex/ifplatform/ifplatform.sty
Package: ifplatform 2017/10/13 v0.4a Testing for the operating system
 (/usr/share/texmf-dist/tex/generic/catchfile/catchfile.sty
Package: catchfile 2019/12/09 v1.8 Catch the contents of a file (HO)
) (/usr/share/texmf-dist/tex/generic/iftex/ifluatex.sty
Package: ifluatex 2019/10/25 v1.5 ifluatex legacy package. Use iftex instead.
)
runsystem(uname -s > "main.w18")...executed.

 (./main.w18)
runsystem(rm -- "main.w18")...executed.

) (/usr/share/texmf-dist/tex/generic/xstring/xstring.sty (/usr/share/texmf-dist/tex/generic/xstring/xstring.tex
\integerpart=\count362
\decimalpart=\count363
)
Package: xstring 2023/01/14 v1.85 String manipulations (CT)
) (/usr/share/texmf-dist/tex/latex/framed/framed.sty
Package: framed 2011/10/22 v 0.96: framed or shaded text with page breaks
\OuterFrameSep=\skip105
\fb@frw=\dimen332
\fb@frh=\dimen333
\FrameRule=\dimen334
\FrameSep=\dimen335
) (/usr/share/texmf-dist/tex/latex/newfloat/newfloat.sty
Package: newfloat 2019/09/02 v1.1l Defining new floating environments (AR)
Package newfloat Info: Unsupported document class, or \@chapter 
(newfloat)             was already redefined by another package.
Package newfloat Info: \@chapter = macro:->\def \Hy@next {\Hy@MakeCurrentHrefAuto {\Hy@chapapp *}\Hy@raisedlink {\hyper@anchorstart {\@currentHref }\hyper@anchorend }}\ifnum \c@secnumdepth >\m@ne \ltx@IfUndefined {if@mainmatter}\iftrue {\csname if@mainmatter\endcsname }\let \Hy@next \relax \fi \fi \Hy@next \Hy@org@chapter .
Package newfloat Info: \Hy@org@chapter = macro:[#1]#2->\NR@gettitle {#1}\NR@chapter [{#1}]{#2}.
)
\minted@appexistsfile=\read4
\minted@bgbox=\box99
\minted@code=\write5
\c@minted@FancyVerbLineTemp=\count364
\c@minted@pygmentizecounter=\count365
Package newfloat Info: New float `listing' with options `fileext=lol,placement=tbp, within=chapter' on input line 1208.
\c@listing=\count366
\newfloat@ftype=\count367
Package newfloat Info: float type `listing'=8 on input line 1208.
\c@loldepth=\count368
) (/usr/share/texmf-dist/tex/latex/todonotes/todonotes.sty
Package: todonotes 2023/01/31 v1.1.6 Todonotes source and documentation.
Package: todonotes 2023/01/31
\c@@todonotes@numberoftodonotes=\count369
)
Package hyperref Info: Option `unicode' set `true' on input line 250.
Package hyperref Info: Option `bookmarksopen' set `true' on input line 250.
Package hyperref Info: Option `colorlinks' set `true' on input line 250.
Package hyperref Info: Option `breaklinks' set `true' on input line 250.
\c@uwaga=\count370
\c@twr=\count371
runsystem(which pygmentize && touch main.aex)...executed.

runsystem(rm main.aex)...executed.

 (/usr/share/texmf-dist/tex/latex/l3backend/l3backend-pdftex.def
File: l3backend-pdftex.def 2023-01-16 L3 backend support: PDF output (pdfTeX)
\l__color_backend_stack_int=\count372
\l__pdf_internal_box=\box100
) (./main.aux (./sources/Streszczenie.aux) (./sources/00_Wstep.aux) (./sources/01_cel_i_zalozenia.aux) (./sources/02_przeglad_czujnikow.aux) (./sources/03_analaiza_problemu.aux) (./sources/04_specyfikacja.aux) (./sources/05_konstrukcja.aux) (./sources/06_realizacja.aux) (./sources/07_testy.aux) (./sources/08_wnioski.aux) (./sources/09_dodatek_datasheety.aux))
\openout1 = `main.aux'.

LaTeX Font Info:    Checking defaults for OML/cmm/m/it on input line 303.
LaTeX Font Info:    ... okay on input line 303.
LaTeX Font Info:    Checking defaults for OMS/cmsy/m/n on input line 303.
LaTeX Font Info:    ... okay on input line 303.
LaTeX Font Info:    Checking defaults for OT1/cmr/m/n on input line 303.
LaTeX Font Info:    ... okay on input line 303.
LaTeX Font Info:    Checking defaults for T1/cmr/m/n on input line 303.
LaTeX Font Info:    ... okay on input line 303.
LaTeX Font Info:    Checking defaults for TS1/cmr/m/n on input line 303.
LaTeX Font Info:    ... okay on input line 303.
LaTeX Font Info:    Checking defaults for OMX/cmex/m/n on input line 303.
LaTeX Font Info:    ... okay on input line 303.
LaTeX Font Info:    Checking defaults for U/cmr/m/n on input line 303.
LaTeX Font Info:    ... okay on input line 303.
LaTeX Font Info:    Checking defaults for PD1/pdf/m/n on input line 303.
LaTeX Font Info:    ... okay on input line 303.
LaTeX Font Info:    Checking defaults for PU/pdf/m/n on input line 303.
LaTeX Font Info:    ... okay on input line 303.

*geometry* driver: auto-detecting
*geometry* detected driver: pdftex
*geometry* verbose mode - [ preamble ] result:
* driver: pdftex
* paper: <default>
* layout: <same size as paper>
* layoutoffset:(h,v)=(0.0pt,0.0pt)
* modes: twoside 
* h-part:(L,W,R)=(56.90552pt, 455.24408pt, 85.35828pt)
* v-part:(T,H,B)=(71.13188pt, 682.86613pt, 91.04883pt)
* \paperwidth=597.50787pt
* \paperheight=845.04684pt
* \textwidth=455.24408pt
* \textheight=682.86613pt
* \oddsidemargin=-15.36447pt
* \evensidemargin=13.08829pt
* \topmargin=-52.35304pt
* \headheight=42.67912pt
* \headsep=8.53581pt
* \topskip=12.0pt
* \footskip=30.0pt
* \marginparwidth=71.13188pt
* \marginparsep=7.0pt
* \columnsep=10.0pt
* \skip\footins=10.8pt plus 4.0pt minus 2.0pt
* \hoffset=0.0pt
* \voffset=0.0pt
* \mag=1000
* \@twocolumnfalse
* \@twosidetrue
* \@mparswitchtrue
* \@reversemarginfalse
* (1in=72.27pt=25.4mm, 1cm=28.453pt)

(/usr/share/texmf-dist/tex/context/base/mkii/supp-pdf.mkii
[Loading MPS to PDF converter (version 2006.09.02).]
\scratchcounter=\count373
\scratchdimen=\dimen336
\scratchbox=\box101
\nofMPsegments=\count374
\nofMParguments=\count375
\everyMPshowfont=\toks49
\MPscratchCnt=\count376
\MPscratchDim=\dimen337
\MPnumerator=\count377
\makeMPintoPDFobject=\count378
\everyMPtoPDFconversion=\toks50
) (/usr/share/texmf-dist/tex/latex/epstopdf-pkg/epstopdf-base.sty
Package: epstopdf-base 2020-01-24 v2.11 Base part for package epstopdf
Package epstopdf-base Info: Redefining graphics rule for `.eps' on input line 485.
 (/usr/share/texmf-dist/tex/latex/latexconfig/epstopdf-sys.cfg
File: epstopdf-sys.cfg 2010/07/13 v1.3 Configuration of (r)epstopdf for TeX Live
))
Package caption Info: Begin \AtBeginDocument code.
Package caption Info: subfig package v1.3 is loaded.
Package caption Info: End \AtBeginDocument code.

Package pgfplots notification 'compat/show suggested version=true': you might benefit from \pgfplotsset{compat=1.18} (current compat level: 1.5).

Package hyperref Info: Link coloring ON on input line 303.
(./main.out) (./main.out)
\@outlinefile=\write6
\openout6 = `main.out'.

Package newfloat Info: Trying Plan B...
\@temphbadness=\count379
\@tempvbadness=\count380
\@temphfuzz=\skip106
\@temptextwidth=\skip107
\@temptextheight=\skip108
\@temptopmargin=\skip109
\@tempheadheight=\skip110
\@tempheadsep=\skip111
\@tempoddsidemargin=\skip112
\@tempevensidemargin=\skip113
LaTeX Font Info:    Trying to load font information for OT1+antt on input line 307.
 (/usr/share/texmf-dist/tex/latex/antt/ot1antt.fd
File: ot1antt.fd 2005/10/05 v1.2 font definition file for OT1/antt (MW)
)
LaTeX Font Info:    Trying to load font information for U+zeur on input line 307.
 (/usr/share/texmf-dist/tex/latex/eulervm/uzeur.fd
File: uzeur.fd 2005/01/11 v4.0 (WaS)
)
LaTeX Font Info:    Trying to load font information for U+zeus on input line 307.
 (/usr/share/texmf-dist/tex/latex/eulervm/uzeus.fd
File: uzeus.fd 2005/01/11 v4.0 (WaS)
)
LaTeX Font Info:    Trying to load font information for U+zeuex on input line 307.
 (/usr/share/texmf-dist/tex/latex/eulervm/uzeuex.fd
File: uzeuex.fd 2005/01/11 v4.0 (WaS)
)
LaTeX Font Info:    Trying to load font information for U+wasy on input line 307.
 (/usr/share/texmf-dist/tex/latex/wasysym/uwasy.fd
File: uwasy.fd 2020/01/19 v2.4 Wasy-2 symbol font definitions
)
\@tempheightkier=\skip114
\@tempheighttkier=\skip115
\@tempheightspec=\skip116
\@tempheighttspec=\skip117
 [1



{/var/lib/texmf/fonts/map/pdftex/updmap/pdftex.map}{/usr/share/texmf-dist/fonts/enc/dvips/antt/antt-ec.enc}{/usr/share/texmf-dist/fonts/enc/dvips/antt/anttcap-ec.enc}]
\openout2 = `sources/Streszczenie.aux'.

 (./sources/Streszczenie.tex) [0

] (./main.toc
Package textcomp Info: Symbol \textrightarrow not provided by
(textcomp)             font family antt in TS1 encoding.
(textcomp)             Default family used instead on input line 13.
Package textcomp Info: Symbol \textrightarrow not provided by
(textcomp)             font family antt in TS1 encoding.
(textcomp)             Default family used instead on input line 14.
)
\tf@toc=\write7
\openout7 = `main.toc'.


pdfTeX warning (ext4): destination with the same identifier (name{page.1}) has been already used, duplicate ignored
<to be read again> 
                   \relax 
l.326 \include{sources/00_Wstep}
                                 [1






{/usr/share/texmf-dist/fonts/enc/dvips/cm-super/cm-super-ts1.enc}]
\openout2 = `sources/00_Wstep.aux'.

 (./sources/00_Wstep.tex [2



]
Rozdzia\PlPrIeC {\l } 1.
Package newfloat Info: Setting Plan B file extension to `lof'... on input line 1.
) [3]
\openout2 = `sources/01_cel_i_zalozenia.aux'.

 (./sources/01_cel_i_zalozenia.tex [4





]
Rozdzia\PlPrIeC {\l } 2.
) [5]
\openout2 = `sources/02_przeglad_czujnikow.aux'.

 (./sources/02_przeglad_czujnikow.tex [6





]
Rozdzia\PlPrIeC {\l } 3.
<./figures/chapter_02//mic_response.png, id=227, 578.16pt x 359.84438pt>
File: ./figures/chapter_02//mic_response.png Graphic file (type png)
<use ./figures/chapter_02//mic_response.png>
Package pdftex.def Info: ./figures/chapter_02//mic_response.png  used on input line 24.
(pdftex.def)             Requested size: 364.19664pt x 226.6702pt.
LaTeX Font Info:    Trying to load font information for TS1+antt on input line 37.
(/usr/share/texmf-dist/tex/latex/antt/ts1antt.fd
File: ts1antt.fd 2005/10/05 v1.2 font definition file for TS1/antt (MW)
) [7{/usr/share/texmf-dist/fonts/enc/dvips/antt/antt-ts1.enc}{/usr/share/texmf-dist/fonts/enc/dvips/antt/antt-qx.enc}]
<./figures/chapter_02//mic.png, id=245, 355.3275pt x 170.88844pt>
File: ./figures/chapter_02//mic.png Graphic file (type png)
<use ./figures/chapter_02//mic.png>
Package pdftex.def Info: ./figures/chapter_02//mic.png  used on input line 54.
(pdftex.def)             Requested size: 364.19664pt x 175.15916pt.

Underfull \vbox (badness 10000) has occurred while \output is active []

 [8 <./figures/chapter_02//mic_response.png (PNG copy)> <./figures/chapter_02//mic.png (PNG copy)>]
<./figures/chapter_02//ECHOONE.png, id=256, 995.72pt x 1027.84pt>
File: ./figures/chapter_02//ECHOONE.png Graphic file (type png)
<use ./figures/chapter_02//ECHOONE.png>
Package pdftex.def Info: ./figures/chapter_02//ECHOONE.png  used on input line 74.
(pdftex.def)             Requested size: 227.62204pt x 234.95534pt.
LaTeX Font Info:    Trying to load font information for T1+zi4 on input line 75.
 (/usr/share/texmf-dist/tex/latex/inconsolata/t1zi4.fd
File: t1zi4.fd 2018/01/14 T1/zi4 (Inconsolata)
)
LaTeX Font Info:    Font shape `T1/zi4/m/n' will be
(Font)              scaled to size 12.0pt on input line 75.
) [9{/usr/share/texmf-dist/fonts/enc/dvips/inconsolata/i4-t1-5.enc} <./figures/chapter_02//ECHOONE.png>]
\openout2 = `sources/03_analaiza_problemu.aux'.

 (./sources/03_analaiza_problemu.tex [10





]
Rozdzia\PlPrIeC {\l } 4.

Overfull \hbox (8.30887pt too wide) in paragraph at lines 26--26
[]\T1/antt/b/n/17.28 Okre±lenie kie-run-ku na-dej-±cia ode-bra-ne-go sy-gna-
 []

[11]
<./figures/chapter_03//microphonearray.png, id=283, 298.11375pt x 242.9075pt>
File: ./figures/chapter_03//microphonearray.png Graphic file (type png)
<use ./figures/chapter_03//microphonearray.png>
Package pdftex.def Info: ./figures/chapter_03//microphonearray.png  used on input line 61.
(pdftex.def)             Requested size: 227.62204pt x 185.4715pt.
 [12 <./figures/chapter_03//microphonearray.png>]
Overfull \hbox (13.11095pt too wide) in paragraph at lines 104--113
[]\T1/antt/m/n/12 Komunikacja kom-pu-te-ra ty-pu PC z pªyt-k¡ de-we-lo-per-sk¡ STM32 NUCLEO-L476RG,
 []

) [13

]
\openout2 = `sources/04_specyfikacja.aux'.

 (./sources/04_specyfikacja.tex [14





]
Rozdzia\PlPrIeC {\l } 5.
) [15]
\openout2 = `sources/05_konstrukcja.aux'.

 (./sources/05_konstrukcja.tex [16





]
Rozdzia\PlPrIeC {\l } 6.
<./figures/chapter_03//sonar_uml.png, id=316, 673.51625pt x 390.45876pt>
File: ./figures/chapter_03//sonar_uml.png Graphic file (type png)
<use ./figures/chapter_03//sonar_uml.png>
Package pdftex.def Info: ./figures/chapter_03//sonar_uml.png  used on input line 33.
(pdftex.def)             Requested size: 364.19664pt x 211.13652pt.
[17]
Package textcomp Info: Symbol \textrightarrow not provided by
(textcomp)             font family antt in TS1 encoding.
(textcomp)             Default family used instead on input line 58.
 [18 <./figures/chapter_03//sonar_uml.png>]
LaTeX Font Info:    Trying to load font information for T1+cmss on input line 67.
 (/usr/share/texmf-dist/tex/latex/base/t1cmss.fd
File: t1cmss.fd 2022/07/10 v2.5l Standard LaTeX font definitions
)
Package textcomp Info: Symbol \textrightarrow not provided by
(textcomp)             font family antt in TS1 encoding.
(textcomp)             Default family used instead on input line 99.
<./figures/chapter_05//LDO.png, id=334, 316.18124pt x 161.85469pt>
File: ./figures/chapter_05//LDO.png Graphic file (type png)
<use ./figures/chapter_05//LDO.png>
Package pdftex.def Info: ./figures/chapter_05//LDO.png  used on input line 162.
(pdftex.def)             Requested size: 227.62204pt x 116.52292pt.
 [19{/usr/share/texmf-dist/fonts/enc/dvips/cm-super/cm-super-t1.enc}]
<./figures/chapter_05//piezo.jpeg, id=345, 461.725pt x 461.725pt>
File: ./figures/chapter_05//piezo.jpeg Graphic file (type jpg)
<use ./figures/chapter_05//piezo.jpeg>
Package pdftex.def Info: ./figures/chapter_05//piezo.jpeg  used on input line 172.
(pdftex.def)             Requested size: 136.5746pt x 136.57405pt.
<./figures/chapter_05//piezo_amp.png, id=348, 1014.79124pt x 374.14781pt>
File: ./figures/chapter_05//piezo_amp.png Graphic file (type png)
<use ./figures/chapter_05//piezo_amp.png>
Package pdftex.def Info: ./figures/chapter_05//piezo_amp.png  used on input line 193.
(pdftex.def)             Requested size: 455.24408pt x 167.84543pt.
 [20 <./figures/chapter_05//LDO.png (PNG copy)> <./figures/chapter_05//piezo.jpeg>]
<./figures/chapter_05//filter.png, id=358, 977.15062pt x 382.42876pt>
File: ./figures/chapter_05//filter.png Graphic file (type png)
<use ./figures/chapter_05//filter.png>
Package pdftex.def Info: ./figures/chapter_05//filter.png  used on input line 207.
(pdftex.def)             Requested size: 455.24408pt x 178.17181pt.
<./figures/chapter_05//op_point.png, id=359, 556.32843pt x 207.77625pt>
File: ./figures/chapter_05//op_point.png Graphic file (type png)
<use ./figures/chapter_05//op_point.png>
Package pdftex.def Info: ./figures/chapter_05//op_point.png  used on input line 220.
(pdftex.def)             Requested size: 318.66946pt x 119.01703pt.
 [21 <./figures/chapter_05//piezo_amp.png (PNG copy)>]
<./figures/chapter_05//thereshold.png, id=368, 525.46312pt x 149.8097pt>
File: ./figures/chapter_05//thereshold.png Graphic file (type png)
<use ./figures/chapter_05//thereshold.png>
Package pdftex.def Info: ./figures/chapter_05//thereshold.png  used on input line 235.
(pdftex.def)             Requested size: 318.66946pt x 90.85571pt.
<./figures/chapter_05//comparator.png, id=369, 570.63188pt x 351.56343pt>
File: ./figures/chapter_05//comparator.png Graphic file (type png)
<use ./figures/chapter_05//comparator.png>
Package pdftex.def Info: ./figures/chapter_05//comparator.png  used on input line 242.
(pdftex.def)             Requested size: 318.66946pt x 196.33237pt.
 [22 <./figures/chapter_05//filter.png (PNG copy)> <./figures/chapter_05//op_point.png (PNG copy)> <./figures/chapter_05//thereshold.png (PNG copy)>]
<./figures/chapter_05//cube.png, id=378, 532.99126pt x 503.63156pt>
File: ./figures/chapter_05//cube.png Graphic file (type png)
<use ./figures/chapter_05//cube.png>
Package pdftex.def Info: ./figures/chapter_05//cube.png  used on input line 267.
(pdftex.def)             Requested size: 318.66946pt x 301.12076pt.
 [23 <./figures/chapter_05//comparator.png (PNG copy)>]
<./figures/chapter_05//cube_clocks.png, id=386, 849.1725pt x 651.18282pt>
File: ./figures/chapter_05//cube_clocks.png Graphic file (type png)
<use ./figures/chapter_05//cube_clocks.png>
Package pdftex.def Info: ./figures/chapter_05//cube_clocks.png  used on input line 289.
(pdftex.def)             Requested size: 455.24408pt x 349.09975pt.
<./figures/chapter_05//uart.png, id=388, 335.75438pt x 79.79813pt>
File: ./figures/chapter_05//uart.png Graphic file (type png)
<use ./figures/chapter_05//uart.png>
Package pdftex.def Info: ./figures/chapter_05//uart.png  used on input line 297.
(pdftex.def)             Requested size: 227.62204pt x 54.09883pt.
 [24 <./figures/chapter_05//cube.png (PNG copy)>] [25 <./figures/chapter_05//cube_clocks.png (PNG copy)> <./figures/chapter_05//uart.png (PNG copy)>]
\openout4 = `main.pyg'.

runsystem(pygmentize -S default -f latex -P commandprefix=PYG > main.out.pyg)...executed.

 (./main.out.pyg)
runsystem(pygmentize -l 'c' -f latex -P commandprefix=PYG -F tokenmerge -P stripnl='False' -o main.out.pyg main.pyg)...executed.

 (./main.out.pyg
LaTeX Font Info:    Font shape `T1/zi4/m/n' will be
(Font)              scaled to size 8.0pt on input line 1.
LaTeX Font Info:    Font shape `T1/zi4/b/n' will be
(Font)              scaled to size 8.0pt on input line 2.
)
Package hyperref Info: bookmark level for unknown listing defaults to 0 on input line 334.
\openout4 = `main.pyg'.

runsystem(pygmentize -l 'c' -f latex -P commandprefix=PYG -F tokenmerge -P stripnl='False' -o main.out.pyg main.pyg)...executed.

 (./main.out.pyg
LaTeX Font Info:    Trying to load font information for TS1+zi4 on input line 12.
 (/usr/share/texmf-dist/tex/latex/inconsolata/ts1zi4.fd
File: ts1zi4.fd 2018/01/14 TS1/zi4 (Inconsolata)
)
LaTeX Font Info:    Font shape `TS1/zi4/m/n' will be
(Font)              scaled to size 8.0pt on input line 12.
)
\openout4 = `main.pyg'.

runsystem(pygmentize -l 'c' -f latex -P commandprefix=PYG -F tokenmerge -P stripnl='False' -o main.out.pyg main.pyg)...executed.

 (./main.out.pyg)) [26

] [27{/usr/share/texmf-dist/fonts/enc/dvips/inconsolata/i4-ts1.enc}]
\openout2 = `sources/06_realizacja.aux'.

 (./sources/06_realizacja.tex [28





]
Rozdzia\PlPrIeC {\l } 7.
<./figures/chapter_06//jlc.jpg, id=421, 2194.1975pt x 1631.09375pt>
File: ./figures/chapter_06//jlc.jpg Graphic file (type jpg)
<use ./figures/chapter_06//jlc.jpg>
Package pdftex.def Info: ./figures/chapter_06//jlc.jpg  used on input line 18.
(pdftex.def)             Requested size: 250.38562pt x 186.11586pt.
[29 <./figures/chapter_06//jlc.jpg>]
<./figures/chapter_06//nadajnikodbiornik.jpg, id=430, 1698.345pt x 1478.52374pt>
File: ./figures/chapter_06//nadajnikodbiornik.jpg Graphic file (type jpg)
<use ./figures/chapter_06//nadajnikodbiornik.jpg>
Package pdftex.def Info: ./figures/chapter_06//nadajnikodbiornik.jpg  used on input line 31.
(pdftex.def)             Requested size: 182.09485pt x 158.50955pt.
<./figures/chapter_06//shieldnanucleo.jpg, id=432, 2194.1975pt x 1919.17pt>
File: ./figures/chapter_06//shieldnanucleo.jpg Graphic file (type jpg)
<use ./figures/chapter_06//shieldnanucleo.jpg>
Package pdftex.def Info: ./figures/chapter_06//shieldnanucleo.jpg  used on input line 44.
(pdftex.def)             Requested size: 227.62204pt x 199.07356pt.
 [30

 <./figures/chapter_06//nadajnikodbiornik.jpg> <./figures/chapter_06//shieldnanucleo.jpg>]
<./figures/chapter_06//doneotwarte.jpg, id=441, 3017.2725pt x 1341.01pt>
File: ./figures/chapter_06//doneotwarte.jpg Graphic file (type jpg)
<use ./figures/chapter_06//doneotwarte.jpg>
Package pdftex.def Info: ./figures/chapter_06//doneotwarte.jpg  used on input line 59.
(pdftex.def)             Requested size: 364.19664pt x 161.85551pt.
<./figures/chapter_06//donezamkniete.jpg, id=443, 2461.195pt x 2576.62625pt>
File: ./figures/chapter_06//donezamkniete.jpg Graphic file (type jpg)
<use ./figures/chapter_06//donezamkniete.jpg>
Package pdftex.def Info: ./figures/chapter_06//donezamkniete.jpg  used on input line 69.
(pdftex.def)             Requested size: 182.09485pt x 190.60445pt.
 [31

 <./figures/chapter_06//doneotwarte.jpg> <./figures/chapter_06//donezamkniete.jpg>]
<./figures/chapter_06//comm.png, id=453, 871.75688pt x 255.95625pt>
File: ./figures/chapter_06//comm.png Graphic file (type png)
<use ./figures/chapter_06//comm.png>
Package pdftex.def Info: ./figures/chapter_06//comm.png  used on input line 81.
(pdftex.def)             Requested size: 455.24408pt x 133.6643pt.
) [32

 <./figures/chapter_06//comm.png (PNG copy)>]
\openout2 = `sources/07_testy.aux'.

 (./sources/07_testy.tex
Rozdzia\PlPrIeC {\l } 8.
<./figures/chapter_07//20221214_122856.jpg, id=462, 4047.12pt x 3035.34pt>
File: ./figures/chapter_07//20221214_122856.jpg Graphic file (type jpg)
<use ./figures/chapter_07//20221214_122856.jpg>
Package pdftex.def Info: ./figures/chapter_07//20221214_122856.jpg  used on input line 24.
(pdftex.def)             Requested size: 182.09485pt x 136.53809pt.
<./figures/chapter_08//piezo_piezo.jpg, id=463, 803.0pt x 481.8pt>
File: ./figures/chapter_08//piezo_piezo.jpg Graphic file (type jpg)
<use ./figures/chapter_08//piezo_piezo.jpg>
Package pdftex.def Info: ./figures/chapter_08//piezo_piezo.jpg  used on input line 31.
(pdftex.def)             Requested size: 182.09485pt x 109.25311pt.
[33





]
<./figures/chapter_08//piezo_oscylo.jpg, id=472, 803.0pt x 481.8pt>
File: ./figures/chapter_08//piezo_oscylo.jpg Graphic file (type jpg)
<use ./figures/chapter_08//piezo_oscylo.jpg>
Package pdftex.def Info: ./figures/chapter_08//piezo_oscylo.jpg  used on input line 48.
(pdftex.def)             Requested size: 227.62204pt x 136.5719pt.
 [34 <./figures/chapter_07//20221214_122856.jpg> <./figures/chapter_08//piezo_piezo.jpg>]
<./figures/chapter_08//mic_amp_comp.jpg, id=480, 803.0pt x 481.8pt>
File: ./figures/chapter_08//mic_amp_comp.jpg Graphic file (type jpg)
<use ./figures/chapter_08//mic_amp_comp.jpg>
Package pdftex.def Info: ./figures/chapter_08//mic_amp_comp.jpg  used on input line 73.
(pdftex.def)             Requested size: 227.62204pt x 136.5719pt.
 [35 <./figures/chapter_08//piezo_oscylo.jpg> <./figures/chapter_08//mic_amp_comp.jpg>]
<./figures/chapter_08//20221221_163955.jpg, id=490, 4047.12pt x 3035.34pt>
File: ./figures/chapter_08//20221221_163955.jpg Graphic file (type jpg)
<use ./figures/chapter_08//20221221_163955.jpg>
Package pdftex.def Info: ./figures/chapter_08//20221221_163955.jpg  used on input line 89.
(pdftex.def)             Requested size: 227.62204pt x 148.4523pt.
<./figures/chapter_08//dso_12_22_01_00_32.jpg, id=492, 803.0pt x 481.8pt>
File: ./figures/chapter_08//dso_12_22_01_00_32.jpg Graphic file (type jpg)
<use ./figures/chapter_08//dso_12_22_01_00_32.jpg>
Package pdftex.def Info: ./figures/chapter_08//dso_12_22_01_00_32.jpg  used on input line 100.
(pdftex.def)             Requested size: 318.66946pt x 191.20213pt.
<./figures/chapter_08//dso_12_22_01_00_49.jpg, id=493, 803.0pt x 481.8pt>
File: ./figures/chapter_08//dso_12_22_01_00_49.jpg Graphic file (type jpg)
<use ./figures/chapter_08//dso_12_22_01_00_49.jpg>
Package pdftex.def Info: ./figures/chapter_08//dso_12_22_01_00_49.jpg  used on input line 107.
(pdftex.def)             Requested size: 318.66946pt x 191.20213pt.
) [36 <./figures/chapter_08//dso_12_22_01_00_32.jpg> <./figures/chapter_08//20221221_163955.jpg>] [37 <./figures/chapter_08//dso_12_22_01_00_49.jpg>]
\openout2 = `sources/08_wnioski.aux'.

 (./sources/08_wnioski.tex [38





]
Rozdzia\PlPrIeC {\l } 9.
) [39] [40




] (./main.bbl
Underfull \hbox (badness 1009) in paragraph at lines 40--43
[]\T1/antt/m/n/12 Texas In-stru-ments,  \T1/antt/m/it/12 LM1117 800-mA, Low-Dropout Li-ne-ar Re-gu-la-
 []

) [41


] [42


] (./main.lof)
\tf@lof=\write8
\openout8 = `main.lof'.

 [43


]
\openout2 = `sources/09_dodatek_datasheety.aux'.

 (./sources/09_dodatek_datasheety.tex [44



]
Dodatek A.


pdfTeX warning: pdflatex (file ./figures/chapter_09/schemat_plytki.pdf): PDF inclusion: found PDF version <1.7>, but at most version <1.5> allowed
<./figures/chapter_09/schemat_plytki.pdf, id=585, 1195.01572pt x 845.04686pt>
File: ./figures/chapter_09/schemat_plytki.pdf Graphic file (type pdf)
<use ./figures/chapter_09/schemat_plytki.pdf>
Package pdftex.def Info: ./figures/chapter_09/schemat_plytki.pdf  used on input line 6.
(pdftex.def)             Requested size: 1081.2021pt x 503.61258pt.


pdfTeX warning: pdflatex (file ./figures/chapter_09/schemat_plytki.pdf): PDF inclusion: found PDF version <1.7>, but at most version <1.5> allowed
<./figures/chapter_09/schemat_plytki.pdf, id=587, page=2, 1195.01572pt x 845.04686pt>
File: ./figures/chapter_09/schemat_plytki.pdf Graphic file (type pdf)
<use ./figures/chapter_09/schemat_plytki.pdf, page 2>
Package pdftex.def Info: ./figures/chapter_09/schemat_plytki.pdf , page2 used on input line 10.
(pdftex.def)             Requested size: 455.24408pt x 164.12645pt.


pdfTeX warning: pdflatex (file ./figures/chapter_09/schemat_plytki.pdf): PDF inclusion: found PDF version <1.7>, but at most version <1.5> allowed
<./figures/chapter_09/schemat_plytki.pdf, id=589, page=5, 1195.01572pt x 845.04686pt>
File: ./figures/chapter_09/schemat_plytki.pdf Graphic file (type pdf)
<use ./figures/chapter_09/schemat_plytki.pdf, page 5>
Package pdftex.def Info: ./figures/chapter_09/schemat_plytki.pdf , page5 used on input line 14.
(pdftex.def)             Requested size: 455.24408pt x 212.04659pt.
<./figures/chapter_09/board_render.png, id=591, 482.55281pt x 568.37344pt>
File: ./figures/chapter_09/board_render.png Graphic file (type png)
<use ./figures/chapter_09/board_render.png>
Package pdftex.def Info: ./figures/chapter_09/board_render.png  used on input line 18.
(pdftex.def)             Requested size: 455.24408pt x 536.22246pt.
) [45] [46 <./figures/chapter_09/schemat_plytki.pdf>] [47 <./figures/chapter_09/schemat_plytki.pdf> <./figures/chapter_09/schemat_plytki.pdf>] [48 <./figures/chapter_09/board_render.png (PNG copy)>] (./main.aux (./sources/Streszczenie.aux) (./sources/00_Wstep.aux) (./sources/01_cel_i_zalozenia.aux) (./sources/02_przeglad_czujnikow.aux) (./sources/03_analaiza_problemu.aux) (./sources/04_specyfikacja.aux) (./sources/05_konstrukcja.aux) (./sources/06_realizacja.aux) (./sources/07_testy.aux) (./sources/08_wnioski.aux) (./sources/09_dodatek_datasheety.aux))
Package rerunfilecheck Info: File `main.out' has not changed.
(rerunfilecheck)             Checksum: 154C3D2662CA114DD8C28DF93A1F0430;6273.
runsystem(rm main.pyg)...executed.

runsystem(rm main.out.pyg)...executed.

 ) 
Here is how much of TeX's memory you used:
 42685 strings out of 477950
 979483 string characters out of 5839253
 1891388 words of memory out of 5000000
 61850 multiletter control sequences out of 15000+600000
 613548 words of font info for 96 fonts, out of 8000000 for 9000
 34 hyphenation exceptions out of 8191
 84i,15n,117p,804b,1089s stack positions out of 10000i,1000n,20000p,200000b,200000s
</usr/share/texmf-dist/fonts/type1/public/inconsolata/Inconsolata-zi4b.pfb></usr/share/texmf-dist/fonts/type1/public/inconsolata/Inconsolata-zi4r.pfb></usr/share/texmf-dist/fonts/type1/public/antt/anttb.pfb></usr/share/texmf-dist/fonts/type1/public/antt/anttbi.pfb></usr/share/texmf-dist/fonts/type1/public/antt/anttr.pfb></usr/share/texmf-dist/fonts/type1/public/antt/anttri.pfb></usr/share/texmf-dist/fonts/type1/public/amsfonts/cm/cmex10.pfb></usr/share/texmf-dist/fonts/type1/public/amsfonts/cm/cmsy10.pfb></usr/share/texmf-dist/fonts/type1/public/amsfonts/euler/euex10.pfb></usr/share/texmf-dist/fonts/type1/public/amsfonts/euler/eufm10.pfb></usr/share/texmf-dist/fonts/type1/public/amsfonts/euler/eurm10.pfb></usr/share/texmf-dist/fonts/type1/public/amsfonts/euler/eurm7.pfb></usr/share/texmf-dist/fonts/type1/public/amsfonts/symbols/msam10.pfb></usr/share/texmf-dist/fonts/type1/public/cm-super/sfrb1440.pfb></usr/share/texmf-dist/fonts/type1/public/cm-super/sfrm1200.pfb></usr/share/texmf-dist/fonts/type1/public/cm-super/sfss1200.pfb>
Output written on main.pdf (50 pages, 11788625 bytes).
PDF statistics:
 735 PDF objects out of 1000 (max. 8388607)
 600 compressed objects within 6 object streams
 143 named destinations out of 1000 (max. 500000)
 477 words of extra memory for PDF output out of 10000 (max. 10000000)

