\BOOKMARK [0][]{tytul.0}{\376\377\000S\000t\000r\000o\000n\000a\000\040\000t\000y\000t\000u\001\102\000o\000w\000a}{}% 1
\BOOKMARK [0][]{Contents.0}{\376\377\000S\000p\000i\000s\000\040\000t\000r\000e\001\133\000c\000i}{}% 2
\BOOKMARK [0][]{chapter*.2}{\376\377\000O\000d\000\040\000A\000u\000t\000o\000r\000\363\000w}{}% 3
\BOOKMARK [1][-]{section.0.1}{\376\377\000N\000a\000r\000z\001\031\000d\000z\000i\000a}{chapter*.2}% 4
\BOOKMARK [1][-]{section.0.2}{\376\377\000U\000k\001\102\000a\000d\000\040\000p\000r\000a\000c\000y}{chapter*.2}% 5
\BOOKMARK [1][-]{section.0.3}{\376\377\000F\000o\000r\000m\000a\000t\000o\000w\000a\000n\000i\000e}{chapter*.2}% 6
\BOOKMARK [1][-]{section.0.4}{\376\377\000P\000o\000m\000n\000i\000e\000j\000s\000z\000e}{chapter*.2}% 7
\BOOKMARK [1][-]{section.0.5}{\376\377\000P\000o\000m\000o\000c\000n\000e}{chapter*.2}% 8
\BOOKMARK [1][-]{section.0.6}{\376\377\000L\000i\000s\000t\000a\000\040\000k\000o\000n\000t\000r\000o\000l\000n\000a\000\040\040\023\000\040\000e\000t\000a\000p\000y\000\040\000e\000d\000y\000c\000j\000i\000\040\000p\000r\000a\000c\000y}{chapter*.2}% 9
\BOOKMARK [0][]{chapter.1}{\376\377\000W\000s\000t\001\031\000p}{}% 10
\BOOKMARK [0][]{chapter.2}{\376\377\000P\000r\000e\000l\000i\000m\000i\000n\000a\000r\000i\000a\000\040\000m\000a\000t\000e\000m\000a\000t\000y\000c\000z\000n\000e}{}% 11
\BOOKMARK [1][-]{section.2.1}{\376\377\000R\000u\000c\000h\000\040\000b\000r\000y\001\102\000y\000\040\000s\000z\000t\000y\000w\000n\000e\000j}{chapter.2}% 12
\BOOKMARK [1][-]{section.2.2}{\376\377\000F\000o\000r\000m\000a\000l\000i\000z\000m\000\040\000E\000u\000l\000e\000r\000a\000-\000N\000e\000w\000t\000o\000n\000a}{chapter.2}% 13
\BOOKMARK [0][]{chapter.3}{\376\377\000C\000z\000y\000m\000\040\000j\000e\000s\000t\000\040\000b\001\005\000k\000?\000\040\000I\000\040\000c\000a\001\102\000a\000\040\000r\000e\000s\000z\000t\000a}{}% 14
\BOOKMARK [1][-]{section.3.1}{\376\377\000B\001\005\000k\000i\000\040\000s\000w\000o\000b\000o\000d\000n\000e}{chapter.3}% 15
\BOOKMARK [1][-]{section.3.2}{\376\377\000I\000n\000n\000e\000\040\000s\000p\000r\000a\000w\000y}{chapter.3}% 16
\BOOKMARK [2][-]{subsection.3.2.1}{\376\377\000W\000y\000k\000r\000e\000s\000y\000,\000\040\000s\000c\000h\000e\000m\000a\000t\000y\000,\000\040\000d\000i\000a\000g\000r\000a\000m\000y\000,\000\040\000c\000z\000y\000l\000i\000\040\000s\000p\000r\000a\000w\000a\000\040\000S\000v\000g\000a\000\040\000i\000\040\000T\000i\000k\000Z\000a}{section.3.2}% 17
\BOOKMARK [2][-]{subsection.3.2.2}{\376\377\000K\000o\000d\000\040\001\172\000r\000\363\000d\001\102\000o\000w\000y\000,\000\040\000p\000s\000e\000u\000d\000o\000k\000o\000d\000,\000\040\000c\000z\000y\000l\000i\000\040\000t\000r\000u\000d\000n\000a\000\040\000s\000p\000r\000a\000w\000a}{section.3.2}% 18
\BOOKMARK [0][]{chapter.4}{\376\377\000P\000o\000d\000s\000u\000m\000o\000w\000a\000n\000i\000e}{}% 19
\BOOKMARK [0][]{section*.10}{\376\377\000L\000i\000t\000e\000r\000a\000t\000u\000r\000a}{}% 20
\BOOKMARK [0][]{section*.12}{\376\377\000S\000p\000i\000s\000\040\000r\000y\000s\000u\000n\000k\000\363\000w}{}% 21
\BOOKMARK [0][]{appendix.A}{\376\377\000B\001\005\000k\000i\000e\000m\000\040\000m\000a\000l\000o\000w\000a\000n\000e}{}% 22
