This is pdfTeX, Version 3.141592653-2.6-1.40.24 (TeX Live 2022/Arch Linux) (preloaded format=pdflatex 2022.11.16)  26 NOV 2022 20:41
entering extended mode
 \write18 enabled.
 file:line:error style messages enabled.
 %&-line parsing enabled.
**/home/kaszmirek/REPOS/Inzynierka/thesis/praca_dyplomowa_wzor/main.tex
(/home/kaszmirek/REPOS/Inzynierka/thesis/praca_dyplomowa_wzor/main.tex
LaTeX2e <2021-11-15> patch level 1
L3 programming layer <2022-04-10> (./mgr.cls
Document Class: mgr 2005/12/01 Non-Standard LaTeX document class
(/usr/share/texmf-dist/tex/latex/base/bk12.clo
File: bk12.clo 2021/10/04 v1.4n Standard LaTeX file (size option)
)
\c@part=\count185
\c@chapter=\count186
\c@section=\count187
\c@subsection=\count188
\c@subsubsection=\count189
\c@paragraph=\count190
\c@subparagraph=\count191
\c@figure=\count192
\c@table=\count193
\abovecaptionskip=\skip47
\belowcaptionskip=\skip48
\bibindent=\dimen138
) (/usr/share/texmf-dist/tex/latex/base/inputenc.sty
Package: inputenc 2021/02/14 v1.3d Input encoding file
\inpenc@prehook=\toks16
\inpenc@posthook=\toks17
) (/usr/share/texmf-dist/tex/latex/antt/anttor.sty
Package: anttor 2005/10/03 v.1.2 anttor (Antykwa Torunska) package (MW)
) (/usr/share/texmf-dist/tex/latex/eulervm/eulervm.sty
Package: eulervm 2005/01/11 v4.0 (WaS)
) (/usr/share/texmf-dist/tex/latex/inconsolata/inconsolata.sty
Package: inconsolata 2019/05/17 v1.12
 `inconsolata-zi4' v1.12, 2019/05/17 Text macros for Inconsolata (msharpe) (/usr/share/texmf-dist/tex/latex/base/textcomp.sty
Package: textcomp 2020/02/02 v2.0n Standard LaTeX package
) (/usr/share/texmf-dist/tex/latex/xkeyval/xkeyval.sty
Package: xkeyval 2020/11/20 v2.8 package option processing (HA)
 (/usr/share/texmf-dist/tex/generic/xkeyval/xkeyval.tex (/usr/share/texmf-dist/tex/generic/xkeyval/xkvutils.tex
\XKV@toks=\toks18
\XKV@tempa@toks=\toks19
 (/usr/share/texmf-dist/tex/generic/xkeyval/keyval.tex))
\XKV@depth=\count194
File: xkeyval.tex 2014/12/03 v2.7a key=value parser (HA)
))
\zifour@ocount=\count195
) (/usr/share/texmf-dist/tex/latex/base/fontenc.sty
Package: fontenc 2021/04/29 v2.0v Standard LaTeX package
LaTeX Font Info:    Trying to load font information for T1+antt on input line 112.
 (/usr/share/texmf-dist/tex/latex/antt/t1antt.fd
File: t1antt.fd 2005/10/05 v1.2 font definition file for T1/antt (MW)
)) (/usr/share/texmf-dist/tex/latex/polski/polski.sty
Package: polski 2021/08/25 v1.3.6 Polish language package

   Inputenc package detected. Catcodes not changed.
) (/usr/share/texmf-dist/tex/latex/geometry/geometry.sty
Package: geometry 2020/01/02 v5.9 Page Geometry
 (/usr/share/texmf-dist/tex/generic/iftex/ifvtex.sty
Package: ifvtex 2019/10/25 v1.7 ifvtex legacy package. Use iftex instead.
 (/usr/share/texmf-dist/tex/generic/iftex/iftex.sty
Package: iftex 2022/02/03 v1.0f TeX engine tests
))
\Gm@cnth=\count196
\Gm@cntv=\count197
\c@Gm@tempcnt=\count198
\Gm@bindingoffset=\dimen139
\Gm@wd@mp=\dimen140
\Gm@odd@mp=\dimen141
\Gm@even@mp=\dimen142
\Gm@layoutwidth=\dimen143
\Gm@layoutheight=\dimen144
\Gm@layouthoffset=\dimen145
\Gm@layoutvoffset=\dimen146
\Gm@dimlist=\toks20
) (/usr/share/texmf-dist/tex/latex/tools/indentfirst.sty
Package: indentfirst 1995/11/23 v1.03 Indent first paragraph (DPC)
) (/usr/share/texmf-dist/tex/latex/xcolor/xcolor.sty
Package: xcolor 2021/10/31 v2.13 LaTeX color extensions (UK)
 (/usr/share/texmf-dist/tex/latex/graphics-cfg/color.cfg
File: color.cfg 2016/01/02 v1.6 sample color configuration
)
Package xcolor Info: Driver file: pdftex.def on input line 227.
 (/usr/share/texmf-dist/tex/latex/graphics-def/pdftex.def
File: pdftex.def 2020/10/05 v1.2a Graphics/color driver for pdftex
)
Package xcolor Info: Model `cmy' substituted by `cmy0' on input line 1352.
Package xcolor Info: Model `hsb' substituted by `rgb' on input line 1356.
Package xcolor Info: Model `RGB' extended on input line 1368.
Package xcolor Info: Model `HTML' substituted by `rgb' on input line 1370.
Package xcolor Info: Model `Hsb' substituted by `hsb' on input line 1371.
Package xcolor Info: Model `tHsb' substituted by `hsb' on input line 1372.
Package xcolor Info: Model `HSB' substituted by `hsb' on input line 1373.
Package xcolor Info: Model `Gray' substituted by `gray' on input line 1374.
Package xcolor Info: Model `wave' substituted by `hsb' on input line 1375.
 (/usr/share/texmf-dist/tex/latex/graphics/dvipsnam.def
File: dvipsnam.def 2016/06/17 v3.0m Driver-dependent file (DPC,SPQR)
)) (/usr/share/texmf-dist/tex/latex/tocloft/tocloft.sty
Package: tocloft 2017/08/31 v2.3i parameterised ToC, etc., typesetting
Package tocloft Info: The document has chapter divisions on input line 51.
\cftparskip=\skip49
\cftbeforetoctitleskip=\skip50
\cftaftertoctitleskip=\skip51
\cftbeforepartskip=\skip52
\cftpartnumwidth=\skip53
\cftpartindent=\skip54
\cftbeforechapskip=\skip55
\cftchapindent=\skip56
\cftchapnumwidth=\skip57
\cftbeforesecskip=\skip58
\cftsecindent=\skip59
\cftsecnumwidth=\skip60
\cftbeforesubsecskip=\skip61
\cftsubsecindent=\skip62
\cftsubsecnumwidth=\skip63
\cftbeforesubsubsecskip=\skip64
\cftsubsubsecindent=\skip65
\cftsubsubsecnumwidth=\skip66
\cftbeforeparaskip=\skip67
\cftparaindent=\skip68
\cftparanumwidth=\skip69
\cftbeforesubparaskip=\skip70
\cftsubparaindent=\skip71
\cftsubparanumwidth=\skip72
\cftbeforeloftitleskip=\skip73
\cftafterloftitleskip=\skip74
\cftbeforefigskip=\skip75
\cftfigindent=\skip76
\cftfignumwidth=\skip77
\c@lofdepth=\count199
\c@lotdepth=\count266
\cftbeforelottitleskip=\skip78
\cftafterlottitleskip=\skip79
\cftbeforetabskip=\skip80
\cfttabindent=\skip81
\cfttabnumwidth=\skip82
) (/usr/share/texmf-dist/tex/latex/graphics/graphicx.sty
Package: graphicx 2021/09/16 v1.2d Enhanced LaTeX Graphics (DPC,SPQR)
 (/usr/share/texmf-dist/tex/latex/graphics/graphics.sty
Package: graphics 2021/03/04 v1.4d Standard LaTeX Graphics (DPC,SPQR)
 (/usr/share/texmf-dist/tex/latex/graphics/trig.sty
Package: trig 2021/08/11 v1.11 sin cos tan (DPC)
) (/usr/share/texmf-dist/tex/latex/graphics-cfg/graphics.cfg
File: graphics.cfg 2016/06/04 v1.11 sample graphics configuration
)
Package graphics Info: Driver file: pdftex.def on input line 107.
)
\Gin@req@height=\dimen147
\Gin@req@width=\dimen148
) (/usr/share/texmf-dist/tex/latex/adjustbox/adjustbox.sty
Package: adjustbox 2020/08/19 v1.3 Adjusting TeX boxes (trim, clip, ...)
 (/usr/share/texmf-dist/tex/latex/adjustbox/adjcalc.sty
Package: adjcalc 2012/05/16 v1.1 Provides advanced setlength with multiple back-ends (calc, etex, pgfmath)
) (/usr/share/texmf-dist/tex/latex/adjustbox/trimclip.sty
Package: trimclip 2020/08/19 v1.2 Trim and clip general TeX material
 (/usr/share/texmf-dist/tex/latex/collectbox/collectbox.sty
Package: collectbox 2012/05/17 v0.4b Collect macro arguments as boxes
\collectedbox=\box50
)
\tc@llx=\dimen149
\tc@lly=\dimen150
\tc@urx=\dimen151
\tc@ury=\dimen152
Package trimclip Info: Using driver 'tc-pdftex.def'.
 (/usr/share/texmf-dist/tex/latex/adjustbox/tc-pdftex.def
File: tc-pdftex.def 2019/01/04 v2.2 Clipping driver for pdftex
))
\adjbox@Width=\dimen153
\adjbox@Height=\dimen154
\adjbox@Depth=\dimen155
\adjbox@Totalheight=\dimen156
\adjbox@pwidth=\dimen157
\adjbox@pheight=\dimen158
\adjbox@pdepth=\dimen159
\adjbox@ptotalheight=\dimen160
 (/usr/share/texmf-dist/tex/latex/ifoddpage/ifoddpage.sty
Package: ifoddpage 2016/04/23 v1.1 Conditionals for odd/even page detection
\c@checkoddpage=\count267
) (/usr/share/texmf-dist/tex/latex/varwidth/varwidth.sty
Package: varwidth 2009/03/30 ver 0.92;  Variable-width minipages
\@vwid@box=\box51
\sift@deathcycles=\count268
\@vwid@loff=\dimen161
\@vwid@roff=\dimen162
)) (/usr/share/texmf-dist/tex/latex/subfig/subfig.sty
Package: subfig 2005/06/28 ver: 1.3 subfig package
 (/usr/share/texmf-dist/tex/latex/caption/caption3.sty
Package: caption3 2022/03/17 v2.3b caption3 kernel (AR)
\caption@tempdima=\dimen163
\captionmargin=\dimen164
\caption@leftmargin=\dimen165
\caption@rightmargin=\dimen166
\caption@width=\dimen167
\caption@indent=\dimen168
\caption@parindent=\dimen169
\caption@hangindent=\dimen170
Package caption Info: Unknown document class (or package),
(caption)             standard defaults will be used.
Package caption Info: \@makecaption = \long macro:#1#2->\vskip \abovecaptionskip \sbox \@tempboxa {#1~~#2}\ifdim \wd \@tempboxa >\hsize #1~~#2\par \else \global \@minipagefalse \hb@xt@ \hsize {\hfil \box \@tempboxa \hfil }\fi \vskip \belowcaptionskip  on input line 1176.
)
\c@KVtest=\count269
\sf@farskip=\skip83
\sf@captopadj=\dimen171
\sf@capskip=\skip84
\sf@nearskip=\skip85
\c@subfigure=\count270
\c@subfigure@save=\count271
\c@subtable=\count272
\c@subtable@save=\count273
\sf@top=\skip86
\sf@bottom=\skip87
) (/usr/share/texmf-dist/tex/latex/svg/svg.sty
Package: svg 2020/11/26 v2.02k (include SVG pictures)
 (/usr/share/texmf-dist/tex/latex/koma-script/scrbase.sty
Package: scrbase 2021/11/13 v3.35 KOMA-Script package (KOMA-Script-independent basics and keyval usage)
 (/usr/share/texmf-dist/tex/latex/koma-script/scrlfile.sty
Package: scrlfile 2021/11/13 v3.35 KOMA-Script package (file load hooks)
 (/usr/share/texmf-dist/tex/latex/koma-script/scrlfile-hook.sty
Package: scrlfile-hook 2021/11/13 v3.35 KOMA-Script package (using LaTeX hooks)
 (/usr/share/texmf-dist/tex/latex/koma-script/scrlogo.sty
Package: scrlogo 2021/11/13 v3.35 KOMA-Script package (logo)
)))
Applying: [2021/05/01] Usage of raw or classic option list on input line 252.
Already applied: [0000/00/00] Usage of raw or classic option list on input line 368.
) (/usr/share/texmf-dist/tex/generic/pdftexcmds/pdftexcmds.sty
Package: pdftexcmds 2020-06-27 v0.33 Utility functions of pdfTeX for LuaTeX (HO)
 (/usr/share/texmf-dist/tex/generic/infwarerr/infwarerr.sty
Package: infwarerr 2019/12/03 v1.5 Providing info/warning/error messages (HO)
) (/usr/share/texmf-dist/tex/generic/ltxcmds/ltxcmds.sty
Package: ltxcmds 2020-05-10 v1.25 LaTeX kernel commands for general use (HO)
)
Package pdftexcmds Info: \pdf@primitive is available.
Package pdftexcmds Info: \pdf@ifprimitive is available.
Package pdftexcmds Info: \pdfdraftmode found.
) (/usr/share/texmf-dist/tex/latex/trimspaces/trimspaces.sty
Package: trimspaces 2009/09/17 v1.1 Trim spaces around a token list
) (/usr/share/texmf-dist/tex/latex/tools/shellesc.sty
Package: shellesc 2019/11/08 v1.0c unified shell escape interface for LaTeX
Package shellesc Info: Unrestricted shell escape enabled on input line 75.
) (/usr/share/texmf-dist/tex/latex/ifplatform/ifplatform.sty
Package: ifplatform 2017/10/13 v0.4a Testing for the operating system
 (/usr/share/texmf-dist/tex/generic/catchfile/catchfile.sty
Package: catchfile 2019/12/09 v1.8 Catch the contents of a file (HO)
 (/usr/share/texmf-dist/tex/generic/etexcmds/etexcmds.sty
Package: etexcmds 2019/12/15 v1.7 Avoid name clashes with e-TeX commands (HO)
)) (/usr/share/texmf-dist/tex/generic/iftex/ifluatex.sty
Package: ifluatex 2019/10/25 v1.5 ifluatex legacy package. Use iftex instead.
)
runsystem(uname -s > "main.w18")...executed.

 (./main.w18)
runsystem(rm -- "main.w18")...executed.

)
\c@svg@param@lastpage=\count274
\svg@box=\box52
\c@svg@param@currpage=\count275
) (/usr/share/texmf-dist/tex/latex/transparent/transparent.sty
Package: transparent 2019/11/29 v1.4 Transparency via pdfTeX's color stack (HO)
 (/usr/share/texmf-dist/tex/latex/auxhook/auxhook.sty
Package: auxhook 2019-12-17 v1.6 Hooks for auxiliary files (HO)
)) (/usr/share/texmf-dist/tex/latex/pgf/systemlayer/pgfsys.sty (/usr/share/texmf-dist/tex/latex/pgf/utilities/pgfrcs.sty (/usr/share/texmf-dist/tex/generic/pgf/utilities/pgfutil-common.tex
\pgfutil@everybye=\toks21
\pgfutil@tempdima=\dimen172
\pgfutil@tempdimb=\dimen173
 (/usr/share/texmf-dist/tex/generic/pgf/utilities/pgfutil-common-lists.tex)) (/usr/share/texmf-dist/tex/generic/pgf/utilities/pgfutil-latex.def
\pgfutil@abb=\box53
) (/usr/share/texmf-dist/tex/generic/pgf/utilities/pgfrcs.code.tex (/usr/share/texmf-dist/tex/generic/pgf/pgf.revision.tex)
Package: pgfrcs 2021/05/15 v3.1.9a (3.1.9a)
)) (/usr/share/texmf-dist/tex/generic/pgf/systemlayer/pgfsys.code.tex
Package: pgfsys 2021/05/15 v3.1.9a (3.1.9a)
 (/usr/share/texmf-dist/tex/generic/pgf/utilities/pgfkeys.code.tex
\pgfkeys@pathtoks=\toks22
\pgfkeys@temptoks=\toks23
 (/usr/share/texmf-dist/tex/generic/pgf/utilities/pgfkeysfiltered.code.tex
\pgfkeys@tmptoks=\toks24
))
\pgf@x=\dimen174
\pgf@y=\dimen175
\pgf@xa=\dimen176
\pgf@ya=\dimen177
\pgf@xb=\dimen178
\pgf@yb=\dimen179
\pgf@xc=\dimen180
\pgf@yc=\dimen181
\pgf@xd=\dimen182
\pgf@yd=\dimen183
\w@pgf@writea=\write3
\r@pgf@reada=\read2
\c@pgf@counta=\count276
\c@pgf@countb=\count277
\c@pgf@countc=\count278
\c@pgf@countd=\count279
\t@pgf@toka=\toks25
\t@pgf@tokb=\toks26
\t@pgf@tokc=\toks27
\pgf@sys@id@count=\count280
 (/usr/share/texmf-dist/tex/generic/pgf/systemlayer/pgf.cfg
File: pgf.cfg 2021/05/15 v3.1.9a (3.1.9a)
)
Driver file for pgf: pgfsys-pdftex.def
 (/usr/share/texmf-dist/tex/generic/pgf/systemlayer/pgfsys-pdftex.def
File: pgfsys-pdftex.def 2021/05/15 v3.1.9a (3.1.9a)
 (/usr/share/texmf-dist/tex/generic/pgf/systemlayer/pgfsys-common-pdf.def
File: pgfsys-common-pdf.def 2021/05/15 v3.1.9a (3.1.9a)
))) (/usr/share/texmf-dist/tex/generic/pgf/systemlayer/pgfsyssoftpath.code.tex
File: pgfsyssoftpath.code.tex 2021/05/15 v3.1.9a (3.1.9a)
\pgfsyssoftpath@smallbuffer@items=\count281
\pgfsyssoftpath@bigbuffer@items=\count282
) (/usr/share/texmf-dist/tex/generic/pgf/systemlayer/pgfsysprotocol.code.tex
File: pgfsysprotocol.code.tex 2021/05/15 v3.1.9a (3.1.9a)
)) (/usr/share/texmf-dist/tex/latex/pgf/frontendlayer/tikz.sty (/usr/share/texmf-dist/tex/latex/pgf/basiclayer/pgf.sty
Package: pgf 2021/05/15 v3.1.9a (3.1.9a)
 (/usr/share/texmf-dist/tex/latex/pgf/basiclayer/pgfcore.sty (/usr/share/texmf-dist/tex/generic/pgf/basiclayer/pgfcore.code.tex
Package: pgfcore 2021/05/15 v3.1.9a (3.1.9a)
 (/usr/share/texmf-dist/tex/generic/pgf/math/pgfmath.code.tex (/usr/share/texmf-dist/tex/generic/pgf/math/pgfmathcalc.code.tex (/usr/share/texmf-dist/tex/generic/pgf/math/pgfmathutil.code.tex) (/usr/share/texmf-dist/tex/generic/pgf/math/pgfmathparser.code.tex
\pgfmath@dimen=\dimen184
\pgfmath@count=\count283
\pgfmath@box=\box54
\pgfmath@toks=\toks28
\pgfmath@stack@operand=\toks29
\pgfmath@stack@operation=\toks30
) (/usr/share/texmf-dist/tex/generic/pgf/math/pgfmathfunctions.code.tex (/usr/share/texmf-dist/tex/generic/pgf/math/pgfmathfunctions.basic.code.tex) (/usr/share/texmf-dist/tex/generic/pgf/math/pgfmathfunctions.trigonometric.code.tex) (/usr/share/texmf-dist/tex/generic/pgf/math/pgfmathfunctions.random.code.tex) (/usr/share/texmf-dist/tex/generic/pgf/math/pgfmathfunctions.comparison.code.tex) (/usr/share/texmf-dist/tex/generic/pgf/math/pgfmathfunctions.base.code.tex) (/usr/share/texmf-dist/tex/generic/pgf/math/pgfmathfunctions.round.code.tex) (/usr/share/texmf-dist/tex/generic/pgf/math/pgfmathfunctions.misc.code.tex) (/usr/share/texmf-dist/tex/generic/pgf/math/pgfmathfunctions.integerarithmetics.code.tex))) (/usr/share/texmf-dist/tex/generic/pgf/math/pgfmathfloat.code.tex
\c@pgfmathroundto@lastzeros=\count284
)) (/usr/share/texmf-dist/tex/generic/pgf/math/pgfint.code.tex) (/usr/share/texmf-dist/tex/generic/pgf/basiclayer/pgfcorepoints.code.tex
File: pgfcorepoints.code.tex 2021/05/15 v3.1.9a (3.1.9a)
\pgf@picminx=\dimen185
\pgf@picmaxx=\dimen186
\pgf@picminy=\dimen187
\pgf@picmaxy=\dimen188
\pgf@pathminx=\dimen189
\pgf@pathmaxx=\dimen190
\pgf@pathminy=\dimen191
\pgf@pathmaxy=\dimen192
\pgf@xx=\dimen193
\pgf@xy=\dimen194
\pgf@yx=\dimen195
\pgf@yy=\dimen196
\pgf@zx=\dimen197
\pgf@zy=\dimen198
) (/usr/share/texmf-dist/tex/generic/pgf/basiclayer/pgfcorepathconstruct.code.tex
File: pgfcorepathconstruct.code.tex 2021/05/15 v3.1.9a (3.1.9a)
\pgf@path@lastx=\dimen199
\pgf@path@lasty=\dimen256
) (/usr/share/texmf-dist/tex/generic/pgf/basiclayer/pgfcorepathusage.code.tex
File: pgfcorepathusage.code.tex 2021/05/15 v3.1.9a (3.1.9a)
\pgf@shorten@end@additional=\dimen257
\pgf@shorten@start@additional=\dimen258
) (/usr/share/texmf-dist/tex/generic/pgf/basiclayer/pgfcorescopes.code.tex
File: pgfcorescopes.code.tex 2021/05/15 v3.1.9a (3.1.9a)
\pgfpic=\box55
\pgf@hbox=\box56
\pgf@layerbox@main=\box57
\pgf@picture@serial@count=\count285
) (/usr/share/texmf-dist/tex/generic/pgf/basiclayer/pgfcoregraphicstate.code.tex
File: pgfcoregraphicstate.code.tex 2021/05/15 v3.1.9a (3.1.9a)
\pgflinewidth=\dimen259
) (/usr/share/texmf-dist/tex/generic/pgf/basiclayer/pgfcoretransformations.code.tex
File: pgfcoretransformations.code.tex 2021/05/15 v3.1.9a (3.1.9a)
\pgf@pt@x=\dimen260
\pgf@pt@y=\dimen261
\pgf@pt@temp=\dimen262
) (/usr/share/texmf-dist/tex/generic/pgf/basiclayer/pgfcorequick.code.tex
File: pgfcorequick.code.tex 2021/05/15 v3.1.9a (3.1.9a)
) (/usr/share/texmf-dist/tex/generic/pgf/basiclayer/pgfcoreobjects.code.tex
File: pgfcoreobjects.code.tex 2021/05/15 v3.1.9a (3.1.9a)
) (/usr/share/texmf-dist/tex/generic/pgf/basiclayer/pgfcorepathprocessing.code.tex
File: pgfcorepathprocessing.code.tex 2021/05/15 v3.1.9a (3.1.9a)
) (/usr/share/texmf-dist/tex/generic/pgf/basiclayer/pgfcorearrows.code.tex
File: pgfcorearrows.code.tex 2021/05/15 v3.1.9a (3.1.9a)
\pgfarrowsep=\dimen263
) (/usr/share/texmf-dist/tex/generic/pgf/basiclayer/pgfcoreshade.code.tex
File: pgfcoreshade.code.tex 2021/05/15 v3.1.9a (3.1.9a)
\pgf@max=\dimen264
\pgf@sys@shading@range@num=\count286
\pgf@shadingcount=\count287
) (/usr/share/texmf-dist/tex/generic/pgf/basiclayer/pgfcoreimage.code.tex
File: pgfcoreimage.code.tex 2021/05/15 v3.1.9a (3.1.9a)
 (/usr/share/texmf-dist/tex/generic/pgf/basiclayer/pgfcoreexternal.code.tex
File: pgfcoreexternal.code.tex 2021/05/15 v3.1.9a (3.1.9a)
\pgfexternal@startupbox=\box58
)) (/usr/share/texmf-dist/tex/generic/pgf/basiclayer/pgfcorelayers.code.tex
File: pgfcorelayers.code.tex 2021/05/15 v3.1.9a (3.1.9a)
) (/usr/share/texmf-dist/tex/generic/pgf/basiclayer/pgfcoretransparency.code.tex
File: pgfcoretransparency.code.tex 2021/05/15 v3.1.9a (3.1.9a)
) (/usr/share/texmf-dist/tex/generic/pgf/basiclayer/pgfcorepatterns.code.tex
File: pgfcorepatterns.code.tex 2021/05/15 v3.1.9a (3.1.9a)
) (/usr/share/texmf-dist/tex/generic/pgf/basiclayer/pgfcorerdf.code.tex
File: pgfcorerdf.code.tex 2021/05/15 v3.1.9a (3.1.9a)
))) (/usr/share/texmf-dist/tex/generic/pgf/modules/pgfmoduleshapes.code.tex
File: pgfmoduleshapes.code.tex 2021/05/15 v3.1.9a (3.1.9a)
\pgfnodeparttextbox=\box59
) (/usr/share/texmf-dist/tex/generic/pgf/modules/pgfmoduleplot.code.tex
File: pgfmoduleplot.code.tex 2021/05/15 v3.1.9a (3.1.9a)
) (/usr/share/texmf-dist/tex/latex/pgf/compatibility/pgfcomp-version-0-65.sty
Package: pgfcomp-version-0-65 2021/05/15 v3.1.9a (3.1.9a)
\pgf@nodesepstart=\dimen265
\pgf@nodesepend=\dimen266
) (/usr/share/texmf-dist/tex/latex/pgf/compatibility/pgfcomp-version-1-18.sty
Package: pgfcomp-version-1-18 2021/05/15 v3.1.9a (3.1.9a)
)) (/usr/share/texmf-dist/tex/latex/pgf/utilities/pgffor.sty (/usr/share/texmf-dist/tex/latex/pgf/utilities/pgfkeys.sty (/usr/share/texmf-dist/tex/generic/pgf/utilities/pgfkeys.code.tex)) (/usr/share/texmf-dist/tex/latex/pgf/math/pgfmath.sty (/usr/share/texmf-dist/tex/generic/pgf/math/pgfmath.code.tex)) (/usr/share/texmf-dist/tex/generic/pgf/utilities/pgffor.code.tex
Package: pgffor 2021/05/15 v3.1.9a (3.1.9a)
 (/usr/share/texmf-dist/tex/generic/pgf/math/pgfmath.code.tex)
\pgffor@iter=\dimen267
\pgffor@skip=\dimen268
\pgffor@stack=\toks31
\pgffor@toks=\toks32
)) (/usr/share/texmf-dist/tex/generic/pgf/frontendlayer/tikz/tikz.code.tex
Package: tikz 2021/05/15 v3.1.9a (3.1.9a)
 (/usr/share/texmf-dist/tex/generic/pgf/libraries/pgflibraryplothandlers.code.tex
File: pgflibraryplothandlers.code.tex 2021/05/15 v3.1.9a (3.1.9a)
\pgf@plot@mark@count=\count288
\pgfplotmarksize=\dimen269
)
\tikz@lastx=\dimen270
\tikz@lasty=\dimen271
\tikz@lastxsaved=\dimen272
\tikz@lastysaved=\dimen273
\tikz@lastmovetox=\dimen274
\tikz@lastmovetoy=\dimen275
\tikzleveldistance=\dimen276
\tikzsiblingdistance=\dimen277
\tikz@figbox=\box60
\tikz@figbox@bg=\box61
\tikz@tempbox=\box62
\tikz@tempbox@bg=\box63
\tikztreelevel=\count289
\tikznumberofchildren=\count290
\tikznumberofcurrentchild=\count291
\tikz@fig@count=\count292
 (/usr/share/texmf-dist/tex/generic/pgf/modules/pgfmodulematrix.code.tex
File: pgfmodulematrix.code.tex 2021/05/15 v3.1.9a (3.1.9a)
\pgfmatrixcurrentrow=\count293
\pgfmatrixcurrentcolumn=\count294
\pgf@matrix@numberofcolumns=\count295
)
\tikz@expandcount=\count296
 (/usr/share/texmf-dist/tex/generic/pgf/frontendlayer/tikz/libraries/tikzlibrarytopaths.code.tex
File: tikzlibrarytopaths.code.tex 2021/05/15 v3.1.9a (3.1.9a)
))) (/usr/share/texmf-dist/tex/latex/makecell/makecell.sty
Package: makecell 2009/08/03 V0.1e Managing of Tab Column Heads and Cells
 (/usr/share/texmf-dist/tex/latex/tools/array.sty
Package: array 2021/10/04 v2.5f Tabular extension package (FMi)
\col@sep=\dimen278
\ar@mcellbox=\box64
\extrarowheight=\dimen279
\NC@list=\toks33
\extratabsurround=\skip88
\backup@length=\skip89
\ar@cellbox=\box65
)
\rotheadsize=\dimen280
\c@nlinenum=\count297
\TeXr@lab=\toks34
) (/usr/share/texmf-dist/tex/generic/pgf/frontendlayer/tikz/libraries/tikzlibraryarrows.code.tex
File: tikzlibraryarrows.code.tex 2021/05/15 v3.1.9a (3.1.9a)
 (/usr/share/texmf-dist/tex/generic/pgf/libraries/pgflibraryarrows.code.tex
File: pgflibraryarrows.code.tex 2021/05/15 v3.1.9a (3.1.9a)
\arrowsize=\dimen281
)) (/usr/share/texmf-dist/tex/generic/pgf/frontendlayer/tikz/libraries/tikzlibraryautomata.code.tex
File: tikzlibraryautomata.code.tex 2021/05/15 v3.1.9a (3.1.9a)
 (/usr/share/texmf-dist/tex/generic/pgf/frontendlayer/tikz/libraries/tikzlibraryshapes.multipart.code.tex
File: tikzlibraryshapes.multipart.code.tex 2021/05/15 v3.1.9a (3.1.9a)
 (/usr/share/texmf-dist/tex/generic/pgf/libraries/shapes/pgflibraryshapes.multipart.code.tex
File: pgflibraryshapes.multipart.code.tex 2021/05/15 v3.1.9a (3.1.9a)
\pgfnodepartlowerbox=\box66
\pgfnodeparttwobox=\box67
\pgfnodepartthreebox=\box68
\pgfnodepartfourbox=\box69
\pgfnodeparttwentybox=\box70
\pgfnodepartnineteenbox=\box71
\pgfnodeparteighteenbox=\box72
\pgfnodepartseventeenbox=\box73
\pgfnodepartsixteenbox=\box74
\pgfnodepartfifteenbox=\box75
\pgfnodepartfourteenbox=\box76
\pgfnodepartthirteenbox=\box77
\pgfnodeparttwelvebox=\box78
\pgfnodepartelevenbox=\box79
\pgfnodeparttenbox=\box80
\pgfnodepartninebox=\box81
\pgfnodeparteightbox=\box82
\pgfnodepartsevenbox=\box83
\pgfnodepartsixbox=\box84
\pgfnodepartfivebox=\box85
))) (/usr/share/texmf-dist/tex/generic/pgf/frontendlayer/tikz/libraries/tikzlibrarycalc.code.tex
File: tikzlibrarycalc.code.tex 2021/05/15 v3.1.9a (3.1.9a)
) (/usr/share/texmf-dist/tex/generic/pgf/frontendlayer/tikz/libraries/tikzlibrarypositioning.code.tex
File: tikzlibrarypositioning.code.tex 2021/05/15 v3.1.9a (3.1.9a)
) (/usr/share/texmf-dist/tex/latex/standalone/standalone.sty
Package: standalone 2018/03/26 v1.3a Package to include TeX sub-files with preambles
 (/usr/share/texmf-dist/tex/latex/currfile/currfile.sty
Package: currfile 2020/09/29 v0.7d Provides the file path elements of the current input file
 (/usr/share/texmf-dist/tex/latex/kvoptions/kvoptions.sty
Package: kvoptions 2020-10-07 v3.14 Key value format for package options (HO)
 (/usr/share/texmf-dist/tex/generic/kvsetkeys/kvsetkeys.sty
Package: kvsetkeys 2019/12/15 v1.18 Key value parser (HO)
)) (/usr/share/texmf-dist/tex/latex/filehook/filehook.sty
Package: filehook 2020/09/29 v0.8a Hooks for input files
 (/usr/share/texmf-dist/tex/latex/filehook/filehook-2020.sty
Package: filehook-2020 2020/09/29 v0.8a Hooks for input files
))
\c@currfiledepth=\count298
) (/usr/share/texmf-dist/tex/latex/gincltex/gincltex.sty (/usr/share/texmf-dist/tex/latex/svn-prov/svn-prov.sty
Package: svn-prov 2010/04/24 v3.1862 Package Date/Version from SVN Keywords
)
Package: gincltex 2011/09/04 v0.3 Include external LaTeX files like graphics
\gincltex@box=\box86
) (/usr/share/texmf-dist/tex/latex/filemod/filemod-expmin.sty
Package: filemod-expmin 2011/09/19 v1.2 Get and compare file modification times (expandable; minimal)
)) (/usr/share/texmf-dist/tex/latex/pgfplots/pgfplots.sty (/usr/share/texmf-dist/tex/generic/pgfplots/pgfplots.revision.tex)
Package: pgfplots 2021/05/15 v1.18.1 Data Visualization (1.18.1)
 (/usr/share/texmf-dist/tex/generic/pgfplots/pgfplots.code.tex (/usr/share/texmf-dist/tex/generic/pgfplots/pgfplotscore.code.tex
\t@pgfplots@toka=\toks35
\t@pgfplots@tokb=\toks36
\t@pgfplots@tokc=\toks37
\pgfplots@tmpa=\dimen282
\c@pgfplots@coordindex=\count299
\c@pgfplots@scanlineindex=\count300
 (/usr/share/texmf-dist/tex/generic/pgfplots/sys/pgfplotssysgeneric.code.tex)) (/usr/share/texmf-dist/tex/generic/pgfplots/libs/pgfplotslibrary.code.tex) (/usr/share/texmf-dist/tex/generic/pgfplots/oldpgfcompatib/pgfplotsoldpgfsupp_loader.code.tex (/usr/share/texmf-dist/tex/generic/pgf/libraries/pgflibraryfpu.code.tex)) (/usr/share/texmf-dist/tex/generic/pgfplots/util/pgfplotsutil.code.tex (/usr/share/texmf-dist/tex/generic/pgfplots/liststructure/pgfplotsliststructure.code.tex) (/usr/share/texmf-dist/tex/generic/pgfplots/liststructure/pgfplotsliststructureext.code.tex) (/usr/share/texmf-dist/tex/generic/pgfplots/liststructure/pgfplotsarray.code.tex
\c@pgfplotsarray@tmp=\count301
) (/usr/share/texmf-dist/tex/generic/pgfplots/liststructure/pgfplotsmatrix.code.tex) (/usr/share/texmf-dist/tex/generic/pgfplots/numtable/pgfplotstableshared.code.tex
\c@pgfplotstable@counta=\count302
\t@pgfplotstable@a=\toks38
) (/usr/share/texmf-dist/tex/generic/pgfplots/liststructure/pgfplotsdeque.code.tex) (/usr/share/texmf-dist/tex/generic/pgfplots/util/pgfplotsbinary.code.tex (/usr/share/texmf-dist/tex/generic/pgfplots/util/pgfplotsbinary.data.code.tex)) (/usr/share/texmf-dist/tex/generic/pgfplots/util/pgfplotsutil.verb.code.tex) (/usr/share/texmf-dist/tex/generic/pgfplots/libs/pgflibrarypgfplots.surfshading.code.tex
\c@pgfplotslibrarysurf@no=\count303
 (/usr/share/texmf-dist/tex/generic/pgfplots/sys/pgflibrarypgfplots.surfshading.pgfsys-pdftex.def))) (/usr/share/texmf-dist/tex/generic/pgfplots/util/pgfplotscolormap.code.tex (/usr/share/texmf-dist/tex/generic/pgfplots/util/pgfplotscolor.code.tex)) (/usr/share/texmf-dist/tex/generic/pgfplots/pgfplotsstackedplots.code.tex)
(/usr/share/texmf-dist/tex/generic/pgfplots/pgfplotsplothandlers.code.tex (/usr/share/texmf-dist/tex/generic/pgfplots/pgfplotsmeshplothandler.code.tex (/usr/share/texmf-dist/tex/generic/pgfplots/pgfplotsmeshplotimage.code.tex))) (/usr/share/texmf-dist/tex/generic/pgfplots/pgfplots.scaling.code.tex) (/usr/share/texmf-dist/tex/generic/pgfplots/pgfplotscoordprocessing.code.tex) (/usr/share/texmf-dist/tex/generic/pgfplots/pgfplots.errorbars.code.tex) (/usr/share/texmf-dist/tex/generic/pgfplots/pgfplots.markers.code.tex) (/usr/share/texmf-dist/tex/generic/pgfplots/pgfplotsticks.code.tex) (/usr/share/texmf-dist/tex/generic/pgfplots/pgfplots.paths.code.tex) (/usr/share/texmf-dist/tex/generic/pgf/frontendlayer/tikz/libraries/tikzlibrarydecorations.code.tex (/usr/share/texmf-dist/tex/generic/pgf/modules/pgfmoduledecorations.code.tex
\pgfdecoratedcompleteddistance=\dimen283
\pgfdecoratedremainingdistance=\dimen284
\pgfdecoratedinputsegmentcompleteddistance=\dimen285
\pgfdecoratedinputsegmentremainingdistance=\dimen286
\pgf@decorate@distancetomove=\dimen287
\pgf@decorate@repeatstate=\count304
\pgfdecorationsegmentamplitude=\dimen288
\pgfdecorationsegmentlength=\dimen289
)
\tikz@lib@dec@box=\box87
) (/usr/share/texmf-dist/tex/generic/pgf/frontendlayer/tikz/libraries/tikzlibrarydecorations.pathmorphing.code.tex (/usr/share/texmf-dist/tex/generic/pgf/libraries/decorations/pgflibrarydecorations.pathmorphing.code.tex)) (/usr/share/texmf-dist/tex/generic/pgf/frontendlayer/tikz/libraries/tikzlibrarydecorations.pathreplacing.code.tex (/usr/share/texmf-dist/tex/generic/pgf/libraries/decorations/pgflibrarydecorations.pathreplacing.code.tex)) (/usr/share/texmf-dist/tex/generic/pgfplots/libs/tikzlibrarypgfplots.contourlua.code.tex)
\pgfplots@numplots=\count305
\pgfplots@xmin@reg=\dimen290
\pgfplots@xmax@reg=\dimen291
\pgfplots@ymin@reg=\dimen292
\pgfplots@ymax@reg=\dimen293
\pgfplots@zmin@reg=\dimen294
\pgfplots@zmax@reg=\dimen295
) (/usr/share/texmf-dist/tex/generic/pgf/frontendlayer/tikz/libraries/tikzlibraryplotmarks.code.tex
File: tikzlibraryplotmarks.code.tex 2021/05/15 v3.1.9a (3.1.9a)
 (/usr/share/texmf-dist/tex/generic/pgf/libraries/pgflibraryplotmarks.code.tex
File: pgflibraryplotmarks.code.tex 2021/05/15 v3.1.9a (3.1.9a)
))) (/usr/share/texmf-dist/tex/latex/mathtools/mathtools.sty
Package: mathtools 2022/02/07 v1.28a mathematical typesetting tools
 (/usr/share/texmf-dist/tex/latex/tools/calc.sty
Package: calc 2017/05/25 v4.3 Infix arithmetic (KKT,FJ)
\calc@Acount=\count306
\calc@Bcount=\count307
\calc@Adimen=\dimen296
\calc@Bdimen=\dimen297
\calc@Askip=\skip90
\calc@Bskip=\skip91
LaTeX Info: Redefining \setlength on input line 80.
LaTeX Info: Redefining \addtolength on input line 81.
\calc@Ccount=\count308
\calc@Cskip=\skip92
) (/usr/share/texmf-dist/tex/latex/mathtools/mhsetup.sty
Package: mhsetup 2021/03/18 v1.4 programming setup (MH)
) (/usr/share/texmf-dist/tex/latex/amsmath/amsmath.sty
Package: amsmath 2021/10/15 v2.17l AMS math features
\@mathmargin=\skip93

For additional information on amsmath, use the `?' option.
(/usr/share/texmf-dist/tex/latex/amsmath/amstext.sty
Package: amstext 2021/08/26 v2.01 AMS text
 (/usr/share/texmf-dist/tex/latex/amsmath/amsgen.sty
File: amsgen.sty 1999/11/30 v2.0 generic functions
\@emptytoks=\toks39
\ex@=\dimen298
)) (/usr/share/texmf-dist/tex/latex/amsmath/amsbsy.sty
Package: amsbsy 1999/11/29 v1.2d Bold Symbols
\pmbraise@=\dimen299
) (/usr/share/texmf-dist/tex/latex/amsmath/amsopn.sty
Package: amsopn 2021/08/26 v2.02 operator names
)
\inf@bad=\count309
LaTeX Info: Redefining \frac on input line 234.
\uproot@=\count310
\leftroot@=\count311
LaTeX Info: Redefining \overline on input line 399.
\classnum@=\count312
\DOTSCASE@=\count313
LaTeX Info: Redefining \ldots on input line 496.
LaTeX Info: Redefining \dots on input line 499.
LaTeX Info: Redefining \cdots on input line 620.
\Mathstrutbox@=\box88
\strutbox@=\box89
\big@size=\dimen300
LaTeX Font Info:    Redeclaring font encoding OML on input line 743.
LaTeX Font Info:    Redeclaring font encoding OMS on input line 744.
\macc@depth=\count314
\c@MaxMatrixCols=\count315
\dotsspace@=\muskip16
\c@parentequation=\count316
\dspbrk@lvl=\count317
\tag@help=\toks40
\row@=\count318
\column@=\count319
\maxfields@=\count320
\andhelp@=\toks41
\eqnshift@=\dimen301
\alignsep@=\dimen302
\tagshift@=\dimen303
\tagwidth@=\dimen304
\totwidth@=\dimen305
\lineht@=\dimen306
\@envbody=\toks42
\multlinegap=\skip94
\multlinetaggap=\skip95
\mathdisplay@stack=\toks43
LaTeX Info: Redefining \[ on input line 2938.
LaTeX Info: Redefining \] on input line 2939.
)
\g_MT_multlinerow_int=\count321
\l_MT_multwidth_dim=\dimen307
\origjot=\skip96
\l_MT_shortvdotswithinadjustabove_dim=\dimen308
\l_MT_shortvdotswithinadjustbelow_dim=\dimen309
\l_MT_above_intertext_sep=\dimen310
\l_MT_below_intertext_sep=\dimen311
\l_MT_above_shortintertext_sep=\dimen312
\l_MT_below_shortintertext_sep=\dimen313
\xmathstrut@box=\box90
\xmathstrut@dim=\dimen314
) (/usr/share/texmf-dist/tex/latex/amsfonts/amssymb.sty
Package: amssymb 2013/01/14 v3.01 AMS font symbols
 (/usr/share/texmf-dist/tex/latex/amsfonts/amsfonts.sty
Package: amsfonts 2013/01/14 v3.01 Basic AMSFonts support
\symAMSa=\mathgroup4
\symAMSb=\mathgroup5
LaTeX Font Info:    Redeclaring math symbol \hbar on input line 98.
LaTeX Font Info:    Overwriting math alphabet `\mathfrak' in version `bold'
(Font)                  U/euf/m/n --> U/euf/b/n on input line 106.
)) (/usr/share/texmf-dist/tex/latex/wasysym/wasysym.sty
Package: wasysym 2020/01/19 v2.4 Wasy-2 symbol support package
\symwasy=\mathgroup6
LaTeX Font Info:    Overwriting symbol font `wasy' in version `bold'
(Font)                  U/wasy/m/n --> U/wasy/b/n on input line 93.
) (/usr/share/texmf-dist/tex/latex/etoolbox/etoolbox.sty
Package: etoolbox 2020/10/05 v2.5k e-TeX tools for LaTeX (JAW)
\etb@tempcnta=\count322
) (/usr/share/texmf-dist/tex/latex/hyperref/hyperref.sty
Package: hyperref 2022-02-21 v7.00n Hypertext links for LaTeX
 (/usr/share/texmf-dist/tex/generic/kvdefinekeys/kvdefinekeys.sty
Package: kvdefinekeys 2019-12-19 v1.6 Define keys (HO)
) (/usr/share/texmf-dist/tex/generic/pdfescape/pdfescape.sty
Package: pdfescape 2019/12/09 v1.15 Implements pdfTeX's escape features (HO)
) (/usr/share/texmf-dist/tex/latex/hycolor/hycolor.sty
Package: hycolor 2020-01-27 v1.10 Color options for hyperref/bookmark (HO)
) (/usr/share/texmf-dist/tex/latex/letltxmacro/letltxmacro.sty
Package: letltxmacro 2019/12/03 v1.6 Let assignment for LaTeX macros (HO)
)
\@linkdim=\dimen315
\Hy@linkcounter=\count323
\Hy@pagecounter=\count324
 (/usr/share/texmf-dist/tex/latex/hyperref/pd1enc.def
File: pd1enc.def 2022-02-21 v7.00n Hyperref: PDFDocEncoding definition (HO)
Now handling font encoding PD1 ...
... no UTF-8 mapping file for font encoding PD1
) (/usr/share/texmf-dist/tex/generic/intcalc/intcalc.sty
Package: intcalc 2019/12/15 v1.3 Expandable calculations with integers (HO)
)
\Hy@SavedSpaceFactor=\count325
 (/usr/share/texmf-dist/tex/latex/hyperref/puenc.def
File: puenc.def 2022-02-21 v7.00n Hyperref: PDF Unicode definition (HO)
Now handling font encoding PU ...
... no UTF-8 mapping file for font encoding PU
)
Package hyperref Info: Hyper figures OFF on input line 4137.
Package hyperref Info: Link nesting OFF on input line 4142.
Package hyperref Info: Hyper index ON on input line 4145.
Package hyperref Info: Plain pages OFF on input line 4152.
Package hyperref Info: Backreferencing OFF on input line 4157.
Package hyperref Info: Implicit mode ON; LaTeX internals redefined.
Package hyperref Info: Bookmarks ON on input line 4390.
\c@Hy@tempcnt=\count326
 (/usr/share/texmf-dist/tex/latex/url/url.sty
\Urlmuskip=\muskip17
Package: url 2013/09/16  ver 3.4  Verb mode for urls, etc.
)
LaTeX Info: Redefining \url on input line 4749.
\XeTeXLinkMargin=\dimen316
 (/usr/share/texmf-dist/tex/generic/bitset/bitset.sty
Package: bitset 2019/12/09 v1.3 Handle bit-vector datatype (HO)
 (/usr/share/texmf-dist/tex/generic/bigintcalc/bigintcalc.sty
Package: bigintcalc 2019/12/15 v1.5 Expandable calculations on big integers (HO)
))
\Fld@menulength=\count327
\Field@Width=\dimen317
\Fld@charsize=\dimen318
Package hyperref Info: Hyper figures OFF on input line 6027.
Package hyperref Info: Link nesting OFF on input line 6032.
Package hyperref Info: Hyper index ON on input line 6035.
Package hyperref Info: backreferencing OFF on input line 6042.
Package hyperref Info: Link coloring OFF on input line 6047.
Package hyperref Info: Link coloring with OCG OFF on input line 6052.
Package hyperref Info: PDF/A mode OFF on input line 6057.
LaTeX Info: Redefining \ref on input line 6097.
LaTeX Info: Redefining \pageref on input line 6101.
 (/usr/share/texmf-dist/tex/latex/base/atbegshi-ltx.sty
Package: atbegshi-ltx 2021/01/10 v1.0c Emulation of the original atbegshi
package with kernel methods
)
\Hy@abspage=\count328
\c@Item=\count329
\c@Hfootnote=\count330
)
Package hyperref Info: Driver (autodetected): hpdftex.
 (/usr/share/texmf-dist/tex/latex/hyperref/hpdftex.def
File: hpdftex.def 2022-02-21 v7.00n Hyperref driver for pdfTeX
 (/usr/share/texmf-dist/tex/latex/base/atveryend-ltx.sty
Package: atveryend-ltx 2020/08/19 v1.0a Emulation of the original atveryend package
with kernel methods
)
\Fld@listcount=\count331
\c@bookmark@seq@number=\count332
 (/usr/share/texmf-dist/tex/latex/rerunfilecheck/rerunfilecheck.sty
Package: rerunfilecheck 2019/12/05 v1.9 Rerun checks for auxiliary files (HO)
 (/usr/share/texmf-dist/tex/generic/uniquecounter/uniquecounter.sty
Package: uniquecounter 2019/12/15 v1.4 Provide unlimited unique counter (HO)
)
Package uniquecounter Info: New unique counter `rerunfilecheck' on input line 286.
)
\Hy@SectionHShift=\skip97
) (/usr/share/texmf-dist/tex/latex/minted/minted.sty
Package: minted 2021/12/24 v2.6 Yet another Pygments shim for LaTeX
 (/usr/share/texmf-dist/tex/latex/fvextra/fvextra.sty
Package: fvextra 2019/02/04 v1.4 fvextra - extensions and patches for fancyvrb
 (/usr/share/texmf-dist/tex/latex/base/ifthen.sty
Package: ifthen 2020/11/24 v1.1c Standard LaTeX ifthen package (DPC)
) (/usr/share/texmf-dist/tex/latex/fancyvrb/fancyvrb.sty
Package: fancyvrb 2022/04/12 4.2 verbatim text (tvz,hv)
\FV@CodeLineNo=\count333
\FV@InFile=\read3
\FV@TabBox=\box91
\c@FancyVerbLine=\count334
\FV@StepNumber=\count335
\FV@OutFile=\write4
) (/usr/share/texmf-dist/tex/latex/upquote/upquote.sty
Package: upquote 2012/04/19 v1.3 upright-quote and grave-accent glyphs in verbatim
) (/usr/share/texmf-dist/tex/latex/lineno/lineno.sty
Package: lineno 2005/11/02 line numbers on paragraphs v4.41
\linenopenalty=\count336
\output=\toks44
\linenoprevgraf=\count337
\linenumbersep=\dimen319
\linenumberwidth=\dimen320
\c@linenumber=\count338
\c@pagewiselinenumber=\count339
\c@LN@truepage=\count340
\c@internallinenumber=\count341
\c@internallinenumbers=\count342
\quotelinenumbersep=\dimen321
\bframerule=\dimen322
\bframesep=\dimen323
\bframebox=\box92
LaTeX Info: Redefining \\ on input line 3056.
)
\c@FV@TrueTabGroupLevel=\count343
\c@FV@TrueTabCounter=\count344
\FV@TabBox@Group=\box93
\FV@TmpLength=\skip98
\c@FV@HighlightLinesStart=\count345
\c@FV@HighlightLinesStop=\count346
\FV@LoopCount=\count347
\FV@NCharsBox=\box94
\FV@BreakIndent=\dimen324
\FV@BreakIndentNChars=\count348
\FV@BreakSymbolSepLeft=\dimen325
\FV@BreakSymbolSepLeftNChars=\count349
\FV@BreakSymbolSepRight=\dimen326
\FV@BreakSymbolSepRightNChars=\count350
\FV@BreakSymbolIndentLeft=\dimen327
\FV@BreakSymbolIndentLeftNChars=\count351
\FV@BreakSymbolIndentRight=\dimen328
\FV@BreakSymbolIndentRightNChars=\count352
\c@FancyVerbLineBreakLast=\count353
\FV@LineBox=\box95
\FV@LineIndentBox=\box96
\FV@LineWidth=\dimen329
) (/usr/share/texmf-dist/tex/generic/xstring/xstring.sty (/usr/share/texmf-dist/tex/generic/xstring/xstring.tex
\integerpart=\count354
\decimalpart=\count355
)
Package: xstring 2021/07/21 v1.84 String manipulations (CT)
) (/usr/share/texmf-dist/tex/latex/framed/framed.sty
Package: framed 2011/10/22 v 0.96: framed or shaded text with page breaks
\OuterFrameSep=\skip99
\fb@frw=\dimen330
\fb@frh=\dimen331
\FrameRule=\dimen332
\FrameSep=\dimen333
) (/usr/share/texmf-dist/tex/latex/newfloat/newfloat.sty
Package: newfloat 2019/09/02 v1.1l Defining new floating environments (AR)
Package newfloat Info: Document class `book' detected (Hy).
)
\minted@appexistsfile=\read4
\minted@bgbox=\box97
\minted@code=\write5
\c@minted@FancyVerbLineTemp=\count356
\c@minted@pygmentizecounter=\count357
Package newfloat Info: New float `listing' with options `fileext=lol,placement=tbp, within=chapter' on input line 1190.
\c@listing=\count358
\newfloat@ftype=\count359
Package newfloat Info: float type `listing'=8 on input line 1190.
\c@loldepth=\count360
) (/usr/share/texmf-dist/tex/latex/todonotes/todonotes.sty
Package: todonotes 2021/06/04 v1.1.5 Todonotes source and documentation.
Package: todonotes 2021/06/04
\c@@todonotes@numberoftodonotes=\count361
)
Package hyperref Info: Option `unicode' set `true' on input line 240.
Package hyperref Info: Option `bookmarksopen' set `true' on input line 240.
Package hyperref Info: Option `colorlinks' set `true' on input line 240.
Package hyperref Info: Option `breaklinks' set `true' on input line 240.
\c@uwaga=\count362
\c@twr=\count363
runsystem(which pygmentize && touch main.aex)...executed.

runsystem(rm main.aex)...executed.

 (/usr/share/texmf-dist/tex/latex/l3backend/l3backend-pdftex.def
File: l3backend-pdftex.def 2022-04-14 L3 backend support: PDF output (pdfTeX)
\l__color_backend_stack_int=\count364
\l__pdf_internal_box=\box98
) (./main.aux (./sources/Od_Autora.aux) (./sources/00_Wstep.aux) (./sources/01_wprowadzenie_matematyczne.aux) (./sources/02_czym_jest_bak.aux) (./sources/05_zakonczenie.aux) (./sources/07_dodatek_bakiem_malowane.aux))
\openout1 = `main.aux'.

LaTeX Font Info:    Checking defaults for OML/cmm/m/it on input line 293.
LaTeX Font Info:    ... okay on input line 293.
LaTeX Font Info:    Checking defaults for OMS/cmsy/m/n on input line 293.
LaTeX Font Info:    ... okay on input line 293.
LaTeX Font Info:    Checking defaults for OT1/cmr/m/n on input line 293.
LaTeX Font Info:    ... okay on input line 293.
LaTeX Font Info:    Checking defaults for T1/cmr/m/n on input line 293.
LaTeX Font Info:    ... okay on input line 293.
LaTeX Font Info:    Checking defaults for TS1/cmr/m/n on input line 293.
LaTeX Font Info:    ... okay on input line 293.
LaTeX Font Info:    Checking defaults for OMX/cmex/m/n on input line 293.
LaTeX Font Info:    ... okay on input line 293.
LaTeX Font Info:    Checking defaults for U/cmr/m/n on input line 293.
LaTeX Font Info:    ... okay on input line 293.
LaTeX Font Info:    Checking defaults for PD1/pdf/m/n on input line 293.
LaTeX Font Info:    ... okay on input line 293.
LaTeX Font Info:    Checking defaults for PU/pdf/m/n on input line 293.
LaTeX Font Info:    ... okay on input line 293.

*geometry* driver: auto-detecting
*geometry* detected driver: pdftex
*geometry* verbose mode - [ preamble ] result:
* driver: pdftex
* paper: <default>
* layout: <same size as paper>
* layoutoffset:(h,v)=(0.0pt,0.0pt)
* modes: twoside 
* h-part:(L,W,R)=(56.90552pt, 455.24408pt, 85.35828pt)
* v-part:(T,H,B)=(71.13188pt, 682.86613pt, 91.04883pt)
* \paperwidth=597.50787pt
* \paperheight=845.04684pt
* \textwidth=455.24408pt
* \textheight=682.86613pt
* \oddsidemargin=-15.36447pt
* \evensidemargin=13.08829pt
* \topmargin=-52.35304pt
* \headheight=42.67912pt
* \headsep=8.53581pt
* \topskip=12.0pt
* \footskip=30.0pt
* \marginparwidth=71.13188pt
* \marginparsep=7.0pt
* \columnsep=10.0pt
* \skip\footins=10.8pt plus 4.0pt minus 2.0pt
* \hoffset=0.0pt
* \voffset=0.0pt
* \mag=1000
* \@twocolumnfalse
* \@twosidetrue
* \@mparswitchtrue
* \@reversemarginfalse
* (1in=72.27pt=25.4mm, 1cm=28.453pt)

(/usr/share/texmf-dist/tex/context/base/mkii/supp-pdf.mkii
[Loading MPS to PDF converter (version 2006.09.02).]
\scratchcounter=\count365
\scratchdimen=\dimen334
\scratchbox=\box99
\nofMPsegments=\count366
\nofMParguments=\count367
\everyMPshowfont=\toks45
\MPscratchCnt=\count368
\MPscratchDim=\dimen335
\MPnumerator=\count369
\makeMPintoPDFobject=\count370
\everyMPtoPDFconversion=\toks46
) (/usr/share/texmf-dist/tex/latex/epstopdf-pkg/epstopdf-base.sty
Package: epstopdf-base 2020-01-24 v2.11 Base part for package epstopdf
Package epstopdf-base Info: Redefining graphics rule for `.eps' on input line 485.
 (/usr/share/texmf-dist/tex/latex/latexconfig/epstopdf-sys.cfg
File: epstopdf-sys.cfg 2010/07/13 v1.3 Configuration of (r)epstopdf for TeX Live
))
Package caption Info: Begin \AtBeginDocument code.
Package caption Info: subfig package v1.3 is loaded.
Package caption Info: End \AtBeginDocument code.
 (|'inkscape' -V )

Package svg Warning: No version of Inkscape was detected by invoking
(svg)                `inkscape -V'
(svg)                so the Inkscape export will fail quite sure as the
(svg)                command is probably unknown to your OS. You could set
(svg)                `inkscapeversion=<version>' manually but this is very
(svg)                unlikely to work on input line 293.

Package pgfplots notification 'compat/show suggested version=true': you might benefit from \pgfplotsset{compat=1.18} (current compat level: 1.5).

Package hyperref Info: Link coloring ON on input line 293.
(/usr/share/texmf-dist/tex/latex/hyperref/nameref.sty
Package: nameref 2021-04-02 v2.47 Cross-referencing by name of section
 (/usr/share/texmf-dist/tex/latex/refcount/refcount.sty
Package: refcount 2019/12/15 v3.6 Data extraction from label references (HO)
) (/usr/share/texmf-dist/tex/generic/gettitlestring/gettitlestring.sty
Package: gettitlestring 2019/12/15 v1.6 Cleanup title references (HO)
)
\c@section@level=\count371
)
LaTeX Info: Redefining \ref on input line 293.
LaTeX Info: Redefining \pageref on input line 293.
LaTeX Info: Redefining \nameref on input line 293.
 (./main.out) (./main.out)
\@outlinefile=\write6
\openout6 = `main.out'.

\@temphbadness=\count372
\@tempvbadness=\count373
\@temphfuzz=\skip100
\@temptextwidth=\skip101
\@temptextheight=\skip102
\@temptopmargin=\skip103
\@tempheadheight=\skip104
\@tempheadsep=\skip105
\@tempoddsidemargin=\skip106
\@tempevensidemargin=\skip107
LaTeX Font Info:    Trying to load font information for OT1+antt on input line 298.
 (/usr/share/texmf-dist/tex/latex/antt/ot1antt.fd
File: ot1antt.fd 2005/10/05 v1.2 font definition file for OT1/antt (MW)
)
LaTeX Font Info:    Trying to load font information for U+zeur on input line 298.
 (/usr/share/texmf-dist/tex/latex/eulervm/uzeur.fd
File: uzeur.fd 2005/01/11 v4.0 (WaS)
)
LaTeX Font Info:    Trying to load font information for U+zeus on input line 298.
 (/usr/share/texmf-dist/tex/latex/eulervm/uzeus.fd
File: uzeus.fd 2005/01/11 v4.0 (WaS)
)
LaTeX Font Info:    Trying to load font information for U+zeuex on input line 298.
 (/usr/share/texmf-dist/tex/latex/eulervm/uzeuex.fd
File: uzeuex.fd 2005/01/11 v4.0 (WaS)
)
LaTeX Font Info:    Trying to load font information for U+wasy on input line 298.
 (/usr/share/texmf-dist/tex/latex/wasysym/uwasy.fd
File: uwasy.fd 2020/01/19 v2.4 Wasy-2 symbol font definitions
)
\@tempheightkier=\skip108
\@tempheighttkier=\skip109
\@tempheightspec=\skip110
\@tempheighttspec=\skip111
 [1



{/var/lib/texmf/fonts/map/pdftex/updmap/pdftex.map}] (./sources/copyleft.tex
<figures/CC-BY-SA_icon_svg.png, id=104, 1027.84pt x 362.35374pt>
File: figures/CC-BY-SA_icon_svg.png Graphic file (type png)
<use figures/CC-BY-SA_icon_svg.png>
Package pdftex.def Info: figures/CC-BY-SA_icon_svg.png  used on input line 8.
(pdftex.def)             Requested size: 81.9406pt x 28.88383pt.
LaTeX Font Info:    Trying to load font information for T1+zi4 on input line 23.
 (/usr/share/texmf-dist/tex/latex/inconsolata/t1zi4.fd
File: t1zi4.fd 2018/01/14 T1/zi4 (Inconsolata)
)
LaTeX Font Info:    Font shape `T1/zi4/m/n' will be
(Font)              scaled to size 12.0pt on input line 23.
) [0 <./figures/CC-BY-SA_icon_svg.png>] (./main.toc)
\tf@toc=\write7
\openout7 = `main.toc'.

 (./sources/notka.tex
LaTeX Font Info:    Font shape `T1/zi4/m/n' will be
(Font)              scaled to size 6.0pt on input line 90.
)
pdfTeX warning (ext4): destination with the same identifier (name{page.1}) has been already used, duplicate ignored
<to be read again> 
                   \relax 
l.314 \include{sources/Od_Autora}
                                  [1




]
\openout2 = `sources/Od_Autora.aux'.

 (./sources/Od_Autora.tex [2



]
LaTeX Font Info:    Trying to load font information for TS1+antt on input line 5.
 (/usr/share/texmf-dist/tex/latex/antt/ts1antt.fd
File: ts1antt.fd 2005/10/05 v1.2 font definition file for TS1/antt (MW)
)
LaTeX Font Info:    Font shape `T1/zi4/m/n' will be
(Font)              scaled to size 10.0pt on input line 5.
LaTeX Font Info:    Trying to load font information for OMS+antt on input line 7.
 (/usr/share/texmf-dist/tex/latex/antt/omsantt.fd
File: omsantt.fd 2005/10/05 v1.2 font definition file for OMS/antt (MW)
) [3] [4] [5] [6]

LaTeX Font Warning: Font shape `T1/antt/m/sl' undefined
(Font)              using `T1/antt/m/it' instead on input line 70.

LaTeX Font Info:    Trying to load font information for T1+cmss on input line 70.
(/usr/share/texmf-dist/tex/latex/base/t1cmss.fd
File: t1cmss.fd 2019/12/16 v2.5j Standard LaTeX font definitions
)
LaTeX Font Info:    Font shape `T1/zi4/m/n' will be
(Font)              scaled to size 8.0pt on input line 70.
LaTeX Font Info:    Font shape `T1/zi4/m/n' will be
(Font)              scaled to size 10.95pt on input line 70.
LaTeX Font Info:    Font shape `T1/zi4/m/n' will be
(Font)              scaled to size 14.4pt on input line 70.
LaTeX Font Info:    Font shape `T1/zi4/m/n' will be
(Font)              scaled to size 17.28pt on input line 70.
LaTeX Font Info:    Font shape `T1/zi4/m/n' will be
(Font)              scaled to size 20.74pt on input line 70.
LaTeX Font Info:    Font shape `T1/zi4/m/n' will be
(Font)              scaled to size 24.88pt on input line 70.
 [7] [8]
LaTeX Font Info:    Trying to load font information for TS1+zi4 on input line 175.
 (/usr/share/texmf-dist/tex/latex/inconsolata/ts1zi4.fd
File: ts1zi4.fd 2018/01/14 TS1/zi4 (Inconsolata)
)
LaTeX Font Info:    Font shape `TS1/zi4/m/n' will be
(Font)              scaled to size 12.0pt on input line 175.

Overfull \hbox (5.90576pt too wide) in paragraph at lines 175--176
\T1/antt/m/n/12 ków: otwie-ra-j¡-ce-go -- za-pi-sy-wa-ne-go w L[]T[]Xu przy u»y-ciu dwóch prze-cin-ków ([][]\T1/zi4/m/n/12 ,,[]\T1/antt/m/n/12 )
 []

[9] [10]
LaTeX Font Info:    Font shape `T1/zi4/b/n' will be
(Font)              scaled to size 12.0pt on input line 192.
Package hyperref Info: bookmark level for unknown todo defaults to 0 on input line 196.

Overfull \hbox (1.07938pt too wide) in paragraph at lines 209--210
 []\T1/antt/b/n/12 Plik po-moc-ni-czy \T1/zi4/b/n/12 .log[] \T1/antt/m/n/12 W trak-cie kom-pi-lo-wa-nia tek-stu wszyst-kie ko-mu-ni-ka-ty o po-
 []

[11] [12]
Overfull \hbox (0.27423pt too wide) in paragraph at lines 232--233
\T1/antt/m/n/12 mo-»esz ewen-tu-al-nie zmie-ni¢ wy-ko-rzy-sty-wa-n¡ stro-n¦ ko-do-w¡ na in-n¡ ni» UTF8,
 []

[13] [14]) [15]
\openout2 = `sources/00_Wstep.aux'.

 (./sources/00_Wstep.tex [16





]
Rozdzia\PlPrIeC {\l } 1.

Overfull \hbox (3.27228pt too wide) in paragraph at lines 8--9
[]\T1/antt/m/n/12 Wst¦p sta-no-wi wpro-wa-dze-nie w po-dej-mo-wa-ne za-gad-nie-nia, po-wi-nien wi¦c ,,umiej-
 []

<./figures/chapter_01//Pauli_wolfgang_c4.jpg, id=617, 657.45625pt x 542.025pt>
File: ./figures/chapter_01//Pauli_wolfgang_c4.jpg Graphic file (type jpg)
<use ./figures/chapter_01//Pauli_wolfgang_c4.jpg>
Package pdftex.def Info: ./figures/chapter_01//Pauli_wolfgang_c4.jpg  used on input line 18.
(pdftex.def)             Requested size: 243.255pt x 200.5461pt.

Underfull \vbox (badness 1533) has occurred while \output is active []

 [17] [18 <./figures/chapter_01//Pauli_wolfgang_c4.jpg>]) [19]
\openout2 = `sources/01_wprowadzenie_matematyczne.aux'.

 (./sources/01_wprowadzenie_matematyczne.tex [20





]
Rozdzia\PlPrIeC {\l } 2.

LaTeX Font Warning: Font shape `U/wasy/b/n' in size <8> not available
(Font)              Font shape `U/wasy/m/n' tried instead on input line 10.


LaTeX Font Warning: Font shape `U/wasy/b/n' in size <6> not available
(Font)              Font shape `U/wasy/m/n' tried instead on input line 10.

[21] (./figures/chapter_02/przemieszczenie.pdf_tex
<./figures/chapter_02//przemieszczenie.pdf, id=696, page=1, 327.49118pt x 248.96738pt>
File: ./figures/chapter_02//przemieszczenie.pdf Graphic file (type pdf)
<use ./figures/chapter_02//przemieszczenie.pdf, page 1>
Package pdftex.def Info: ./figures/chapter_02//przemieszczenie.pdf , page1 used on input line 56.
(pdftex.def)             Requested size: 219.41847pt x 166.80727pt.
<./figures/chapter_02//przemieszczenie.pdf, id=697, page=2, 327.49118pt x 248.96738pt>
File: ./figures/chapter_02//przemieszczenie.pdf Graphic file (type pdf)
<use ./figures/chapter_02//przemieszczenie.pdf, page 2>
Package pdftex.def Info: ./figures/chapter_02//przemieszczenie.pdf , page2 used on input line 66.
(pdftex.def)             Requested size: 219.41847pt x 166.80727pt.
)
Underfull \vbox (badness 1082) has occurred while \output is active []

 [22 <./figures/chapter_02//przemieszczenie.pdf> <./figures/chapter_02//przemieszczenie.pdf

pdfTeX warning: pdflatex (file ./figures/chapter_02//przemieszczenie.pdf): PDF inclusion: multiple pdfs with page group included in a single page
>]) [23]
\openout2 = `sources/02_czym_jest_bak.aux'.

 (./sources/02_czym_jest_bak.tex [24





]
Rozdzia\PlPrIeC {\l } 3.
[25]
<./figures/chapter_03//giroskop.jpg, id=761, 475.7775pt x 667.49374pt>
File: ./figures/chapter_03//giroskop.jpg Graphic file (type jpg)
<use ./figures/chapter_03//giroskop.jpg>
Package pdftex.def Info: ./figures/chapter_03//giroskop.jpg  used on input line 49.
(pdftex.def)             Requested size: 142.73434pt x 200.24966pt.
 (./figures/chapter_03/bak_eulera.pdf_tex
<./figures/chapter_03//bak_eulera.pdf, id=762, page=1, 198.85526pt x 185.7602pt>
File: ./figures/chapter_03//bak_eulera.pdf Graphic file (type pdf)
<use ./figures/chapter_03//bak_eulera.pdf, page 1>
Package pdftex.def Info: ./figures/chapter_03//bak_eulera.pdf , page1 used on input line 52.
(pdftex.def)             Requested size: 198.85526pt x 185.76822pt.
<./figures/chapter_03//bak_eulera.pdf, id=763, page=2, 198.85526pt x 185.7602pt>
File: ./figures/chapter_03//bak_eulera.pdf Graphic file (type pdf)
<use ./figures/chapter_03//bak_eulera.pdf, page 2>
Package pdftex.def Info: ./figures/chapter_03//bak_eulera.pdf , page2 used on input line 56.
(pdftex.def)             Requested size: 198.85526pt x 185.76822pt.
) (./figures/chapter_04/elipsoida1a.pdf_tex
<./figures/chapter_04//elipsoida1a.pdf, id=768, page=1, 237.22908pt x 152.60478pt>
File: ./figures/chapter_04//elipsoida1a.pdf Graphic file (type pdf)
<use ./figures/chapter_04//elipsoida1a.pdf, page 1>
Package pdftex.def Info: ./figures/chapter_04//elipsoida1a.pdf , page1 used on input line 52.
(pdftex.def)             Requested size: 206.38812pt x 132.76971pt.
<./figures/chapter_04//elipsoida1a.pdf, id=769, page=2, 237.22908pt x 152.60478pt>
File: ./figures/chapter_04//elipsoida1a.pdf Graphic file (type pdf)
<use ./figures/chapter_04//elipsoida1a.pdf, page 2>
Package pdftex.def Info: ./figures/chapter_04//elipsoida1a.pdf , page2 used on input line 56.
(pdftex.def)             Requested size: 206.38812pt x 132.76971pt.
) (./figures/chapter_04/elipsoida1b.pdf_tex
<./figures/chapter_04//elipsoida1b.pdf, id=770, page=1, 235.43423pt x 150.80995pt>
File: ./figures/chapter_04//elipsoida1b.pdf Graphic file (type pdf)
<use ./figures/chapter_04//elipsoida1b.pdf, page 1>
Package pdftex.def Info: ./figures/chapter_04//elipsoida1b.pdf , page1 used on input line 52.
(pdftex.def)             Requested size: 204.82663pt x 131.20819pt.
<./figures/chapter_04//elipsoida1b.pdf, id=771, page=2, 235.43423pt x 150.80995pt>
File: ./figures/chapter_04//elipsoida1b.pdf Graphic file (type pdf)
<use ./figures/chapter_04//elipsoida1b.pdf, page 2>
Package pdftex.def Info: ./figures/chapter_04//elipsoida1b.pdf , page2 used on input line 56.
(pdftex.def)             Requested size: 204.82663pt x 131.20819pt.
) (./figures/chapter_04/elipsoida1c.pdf_tex
<./figures/chapter_04//elipsoida1c.pdf, id=772, page=1, 242.3892pt x 150.80995pt>
File: ./figures/chapter_04//elipsoida1c.pdf Graphic file (type pdf)
<use ./figures/chapter_04//elipsoida1c.pdf, page 1>
Package pdftex.def Info: ./figures/chapter_04//elipsoida1c.pdf , page1 used on input line 52.
(pdftex.def)             Requested size: 206.0323pt x 128.19595pt.
<./figures/chapter_04//elipsoida1c.pdf, id=773, page=2, 242.3892pt x 150.80995pt>
File: ./figures/chapter_04//elipsoida1c.pdf Graphic file (type pdf)
<use ./figures/chapter_04//elipsoida1c.pdf, page 2>
Package pdftex.def Info: ./figures/chapter_04//elipsoida1c.pdf , page2 used on input line 56.
(pdftex.def)             Requested size: 206.0323pt x 128.19595pt.
) (./figures/chapter_04/elipsoida1d.pdf_tex
<./figures/chapter_04//elipsoida1d.pdf, id=774, page=1, 242.3892pt x 150.80995pt>
File: ./figures/chapter_04//elipsoida1d.pdf Graphic file (type pdf)
<use ./figures/chapter_04//elipsoida1d.pdf, page 1>
Package pdftex.def Info: ./figures/chapter_04//elipsoida1d.pdf , page1 used on input line 52.
(pdftex.def)             Requested size: 206.0323pt x 128.19595pt.
<./figures/chapter_04//elipsoida1d.pdf, id=775, page=2, 242.3892pt x 150.80995pt>
File: ./figures/chapter_04//elipsoida1d.pdf Graphic file (type pdf)
<use ./figures/chapter_04//elipsoida1d.pdf, page 2>
Package pdftex.def Info: ./figures/chapter_04//elipsoida1d.pdf , page2 used on input line 56.
(pdftex.def)             Requested size: 206.0323pt x 128.19595pt.
) (./figures/chapter_04/elipsoida1e.pdf_tex
<./figures/chapter_04//elipsoida1e.pdf, id=776, page=1, 254.05559pt x 150.80995pt>
File: ./figures/chapter_04//elipsoida1e.pdf Graphic file (type pdf)
<use ./figures/chapter_04//elipsoida1e.pdf, page 1>
Package pdftex.def Info: ./figures/chapter_04//elipsoida1e.pdf , page1 used on input line 52.
(pdftex.def)             Requested size: 210.8666pt x 125.17451pt.
<./figures/chapter_04//elipsoida1e.pdf, id=777, page=2, 254.05559pt x 150.80995pt>
File: ./figures/chapter_04//elipsoida1e.pdf Graphic file (type pdf)
<use ./figures/chapter_04//elipsoida1e.pdf, page 2>
Package pdftex.def Info: ./figures/chapter_04//elipsoida1e.pdf , page2 used on input line 56.
(pdftex.def)             Requested size: 210.8666pt x 125.17451pt.
) (./figures/chapter_04/elipsoida1f.pdf_tex
<./figures/chapter_04//elipsoida1f.pdf, id=778, page=1, 249.11983pt x 150.80995pt>
File: ./figures/chapter_04//elipsoida1f.pdf Graphic file (type pdf)
<use ./figures/chapter_04//elipsoida1f.pdf, page 1>
Package pdftex.def Info: ./figures/chapter_04//elipsoida1f.pdf , page1 used on input line 52.
(pdftex.def)             Requested size: 206.7699pt x 125.17682pt.
<./figures/chapter_04//elipsoida1f.pdf, id=779, page=2, 249.11983pt x 150.80995pt>
File: ./figures/chapter_04//elipsoida1f.pdf Graphic file (type pdf)
<use ./figures/chapter_04//elipsoida1f.pdf, page 2>
Package pdftex.def Info: ./figures/chapter_04//elipsoida1f.pdf , page2 used on input line 56.
(pdftex.def)             Requested size: 206.7699pt x 125.17682pt.
) (./figures/chapter_04/elipsoida1g.pdf_tex
<./figures/chapter_04//elipsoida1g.pdf, id=780, page=1, 254.05559pt x 150.80995pt>
File: ./figures/chapter_04//elipsoida1g.pdf Graphic file (type pdf)
<use ./figures/chapter_04//elipsoida1g.pdf, page 1>
Package pdftex.def Info: ./figures/chapter_04//elipsoida1g.pdf , page1 used on input line 52.
(pdftex.def)             Requested size: 205.7844pt x 122.15768pt.
<./figures/chapter_04//elipsoida1g.pdf, id=781, page=2, 254.05559pt x 150.80995pt>
File: ./figures/chapter_04//elipsoida1g.pdf Graphic file (type pdf)
<use ./figures/chapter_04//elipsoida1g.pdf, page 2>
Package pdftex.def Info: ./figures/chapter_04//elipsoida1g.pdf , page2 used on input line 56.
(pdftex.def)             Requested size: 205.7844pt x 122.15768pt.
) (./figures/chapter_04/elipsoida1h.pdf_tex
<./figures/chapter_04//elipsoida1h.pdf, id=782, page=1, 276.49098pt x 150.80995pt>
File: ./figures/chapter_04//elipsoida1h.pdf Graphic file (type pdf)
<use ./figures/chapter_04//elipsoida1h.pdf, page 1>
Package pdftex.def Info: ./figures/chapter_04//elipsoida1h.pdf , page1 used on input line 52.
(pdftex.def)             Requested size: 223.957pt x 122.15768pt.
<./figures/chapter_04//elipsoida1h.pdf, id=783, page=2, 276.49098pt x 150.80995pt>
File: ./figures/chapter_04//elipsoida1h.pdf Graphic file (type pdf)
<use ./figures/chapter_04//elipsoida1h.pdf, page 2>
Package pdftex.def Info: ./figures/chapter_04//elipsoida1h.pdf , page2 used on input line 56.
(pdftex.def)             Requested size: 223.957pt x 122.15768pt.
) (./figures/chapter_04/elipsoida1i.pdf_tex
<./figures/chapter_04//elipsoida1i.pdf, id=784, page=1, 300.5617pt x 150.80995pt>
File: ./figures/chapter_04//elipsoida1i.pdf Graphic file (type pdf)
<use ./figures/chapter_04//elipsoida1i.pdf, page 1>
Package pdftex.def Info: ./figures/chapter_04//elipsoida1i.pdf , page1 used on input line 52.
(pdftex.def)             Requested size: 231.43379pt x 116.1286pt.
<./figures/chapter_04//elipsoida1i.pdf, id=785, page=2, 300.5617pt x 150.80995pt>
File: ./figures/chapter_04//elipsoida1i.pdf Graphic file (type pdf)
<use ./figures/chapter_04//elipsoida1i.pdf, page 2>
Package pdftex.def Info: ./figures/chapter_04//elipsoida1i.pdf , page2 used on input line 56.
(pdftex.def)             Requested size: 231.43379pt x 116.1286pt.
) (./figures/chapter_04/efektywny_pot.pdf_tex
<./figures/chapter_04//efektywny_pot.pdf, id=787, page=1, 289.77382pt x 169.86061pt>
File: ./figures/chapter_04//efektywny_pot.pdf Graphic file (type pdf)
<use ./figures/chapter_04//efektywny_pot.pdf, page 1>
Package pdftex.def Info: ./figures/chapter_04//efektywny_pot.pdf , page1 used on input line 53.
(pdftex.def)             Requested size: 231.8199pt x 135.89125pt.
<./figures/chapter_04//efektywny_pot.pdf, id=788, page=2, 289.77382pt x 169.86061pt>
File: ./figures/chapter_04//efektywny_pot.pdf Graphic file (type pdf)
<use ./figures/chapter_04//efektywny_pot.pdf, page 2>
Package pdftex.def Info: ./figures/chapter_04//efektywny_pot.pdf , page2 used on input line 56.
(pdftex.def)             Requested size: 231.8199pt x 135.89125pt.
<./figures/chapter_04//efektywny_pot.pdf, id=789, page=3, 289.77382pt x 169.86061pt>
File: ./figures/chapter_04//efektywny_pot.pdf Graphic file (type pdf)
<use ./figures/chapter_04//efektywny_pot.pdf, page 3>
Package pdftex.def Info: ./figures/chapter_04//efektywny_pot.pdf , page3 used on input line 58.
(pdftex.def)             Requested size: 231.8199pt x 135.89125pt.
)
<figures/chapter_05/ul5_fu.pdf, id=791, 158.5925pt x 158.5925pt>
File: figures/chapter_05/ul5_fu.pdf Graphic file (type pdf)
<use figures/chapter_05/ul5_fu.pdf>
Package pdftex.def Info: figures/chapter_05/ul5_fu.pdf  used on input line 97.
(pdftex.def)             Requested size: 136.38928pt x 136.38928pt.
<figures/chapter_05/ul5_lu.pdf, id=792, 158.5925pt x 158.5925pt>
File: figures/chapter_05/ul5_lu.pdf Graphic file (type pdf)
<use figures/chapter_05/ul5_lu.pdf>
Package pdftex.def Info: figures/chapter_05/ul5_lu.pdf  used on input line 98.
(pdftex.def)             Requested size: 136.38928pt x 136.38928pt.
<figures/chapter_05/ul5_trace.pdf, id=793, 361.35pt x 392.46625pt>
File: figures/chapter_05/ul5_trace.pdf Graphic file (type pdf)
<use figures/chapter_05/ul5_trace.pdf>
Package pdftex.def Info: figures/chapter_05/ul5_trace.pdf  used on input line 99.
(pdftex.def)             Requested size: 185.71088pt x 152.62329pt.

Overfull \hbox (3.24536pt too wide) in paragraph at lines 97--100
 [][][][][][] 
 []

LaTeX Font Info:    Font shape `T1/zi4/b/n' will be
(Font)              scaled to size 14.4pt on input line 114.
Package svg Info: Last page of `./figures/chapter_02//e1_plot_1_svg-tex.pdf' is 3 on input line 121.
(./figures/chapter_02//e1_plot_1_svg-tex.pdf_tex
<./figures/chapter_02//e1_plot_1_svg-tex.pdf, id=799, page=1, 421.575pt x 316.18124pt>
File: ./figures/chapter_02//e1_plot_1_svg-tex.pdf Graphic file (type pdf)
<use ./figures/chapter_02//e1_plot_1_svg-tex.pdf, page 1>
Package pdftex.def Info: ./figures/chapter_02//e1_plot_1_svg-tex.pdf , page1 used on input line 56.
(pdftex.def)             Requested size: 273.14922pt x 204.86406pt.
<./figures/chapter_02//e1_plot_1_svg-tex.pdf, id=800, page=2, 421.575pt x 316.18124pt>
File: ./figures/chapter_02//e1_plot_1_svg-tex.pdf Graphic file (type pdf)
<use ./figures/chapter_02//e1_plot_1_svg-tex.pdf, page 2>
Package pdftex.def Info: ./figures/chapter_02//e1_plot_1_svg-tex.pdf , page2 used on input line 67.
(pdftex.def)             Requested size: 273.14922pt x 204.86406pt.
<./figures/chapter_02//e1_plot_1_svg-tex.pdf, id=801, page=3, 421.575pt x 316.18124pt>
File: ./figures/chapter_02//e1_plot_1_svg-tex.pdf Graphic file (type pdf)
<use ./figures/chapter_02//e1_plot_1_svg-tex.pdf, page 3>
Package pdftex.def Info: ./figures/chapter_02//e1_plot_1_svg-tex.pdf , page3 used on input line 79.
(pdftex.def)             Requested size: 273.14922pt x 204.86406pt.
)
PGFPlots: reading {figures/chapter_03/data_raw.dat}
PGFPlots: reading {figures/chapter_03/out.dat}
 [26 <./figures/chapter_03//giroskop.jpg> <./figures/chapter_03//bak_eulera.pdf> <./figures/chapter_03//bak_eulera.pdf

pdfTeX warning: pdflatex (file ./figures/chapter_03//bak_eulera.pdf): PDF inclusion: multiple pdfs with page group included in a single page
>] [27 <./figures/chapter_04//elipsoida1a.pdf> <./figures/chapter_04//elipsoida1a.pdf

pdfTeX warning: pdflatex (file ./figures/chapter_04//elipsoida1a.pdf): PDF inclusion: multiple pdfs with page group included in a single page
> <./figures/chapter_04//elipsoida1b.pdf

pdfTeX warning: pdflatex (file ./figures/chapter_04//elipsoida1b.pdf): PDF inclusion: multiple pdfs with page group included in a single page
> <./figures/chapter_04//elipsoida1b.pdf

pdfTeX warning: pdflatex (file ./figures/chapter_04//elipsoida1b.pdf): PDF inclusion: multiple pdfs with page group included in a single page
> <./figures/chapter_04//elipsoida1c.pdf

pdfTeX warning: pdflatex (file ./figures/chapter_04//elipsoida1c.pdf): PDF inclusion: multiple pdfs with page group included in a single page
> <./figures/chapter_04//elipsoida1c.pdf

pdfTeX warning: pdflatex (file ./figures/chapter_04//elipsoida1c.pdf): PDF inclusion: multiple pdfs with page group included in a single page
> <./figures/chapter_04//elipsoida1d.pdf

pdfTeX warning: pdflatex (file ./figures/chapter_04//elipsoida1d.pdf): PDF inclusion: multiple pdfs with page group included in a single page
> <./figures/chapter_04//elipsoida1d.pdf

pdfTeX warning: pdflatex (file ./figures/chapter_04//elipsoida1d.pdf): PDF inclusion: multiple pdfs with page group included in a single page
> <./figures/chapter_04//elipsoida1e.pdf

pdfTeX warning: pdflatex (file ./figures/chapter_04//elipsoida1e.pdf): PDF inclusion: multiple pdfs with page group included in a single page
> <./figures/chapter_04//elipsoida1e.pdf

pdfTeX warning: pdflatex (file ./figures/chapter_04//elipsoida1e.pdf): PDF inclusion: multiple pdfs with page group included in a single page
> <./figures/chapter_04//elipsoida1f.pdf

pdfTeX warning: pdflatex (file ./figures/chapter_04//elipsoida1f.pdf): PDF inclusion: multiple pdfs with page group included in a single page
> <./figures/chapter_04//elipsoida1f.pdf

pdfTeX warning: pdflatex (file ./figures/chapter_04//elipsoida1f.pdf): PDF inclusion: multiple pdfs with page group included in a single page
>] [28
pdfTeX warning (ext4): destination with the same identifier (name{figure.3.2}) has been already used, duplicate ignored
<argument> ...shipout:D \box_use:N \l_shipout_box 
                                                  \__shipout_drop_firstpage_...
l.153 
       <./figures/chapter_05/ul5_trace.pdf> <./figures/chapter_04//elipsoida1g.pdf

pdfTeX warning: pdflatex (file ./figures/chapter_04//elipsoida1g.pdf): PDF inclusion: multiple pdfs with page group included in a single page
> <./figures/chapter_04//elipsoida1g.pdf

pdfTeX warning: pdflatex (file ./figures/chapter_04//elipsoida1g.pdf): PDF inclusion: multiple pdfs with page group included in a single page
> <./figures/chapter_04//elipsoida1h.pdf

pdfTeX warning: pdflatex (file ./figures/chapter_04//elipsoida1h.pdf): PDF inclusion: multiple pdfs with page group included in a single page
> <./figures/chapter_04//elipsoida1h.pdf

pdfTeX warning: pdflatex (file ./figures/chapter_04//elipsoida1h.pdf): PDF inclusion: multiple pdfs with page group included in a single page
> <./figures/chapter_04//elipsoida1i.pdf

pdfTeX warning: pdflatex (file ./figures/chapter_04//elipsoida1i.pdf): PDF inclusion: multiple pdfs with page group included in a single page
> <./figures/chapter_04//elipsoida1i.pdf

pdfTeX warning: pdflatex (file ./figures/chapter_04//elipsoida1i.pdf): PDF inclusion: multiple pdfs with page group included in a single page
> <./figures/chapter_04//efektywny_pot.pdf

pdfTeX warning: pdflatex (file ./figures/chapter_04//efektywny_pot.pdf): PDF inclusion: multiple pdfs with page group included in a single page
> <./figures/chapter_04//efektywny_pot.pdf

pdfTeX warning: pdflatex (file ./figures/chapter_04//efektywny_pot.pdf): PDF inclusion: multiple pdfs with page group included in a single page
> <./figures/chapter_04//efektywny_pot.pdf

pdfTeX warning: pdflatex (file ./figures/chapter_04//efektywny_pot.pdf): PDF inclusion: multiple pdfs with page group included in a single page
> <./figures/chapter_05/ul5_fu.pdf

pdfTeX warning: pdflatex (file ./figures/chapter_05/ul5_fu.pdf): PDF inclusion: multiple pdfs with page group included in a single page
> <./figures/chapter_05/ul5_lu.pdf

pdfTeX warning: pdflatex (file ./figures/chapter_05/ul5_lu.pdf): PDF inclusion: multiple pdfs with page group included in a single page
>] (./figures/chapter_02/dynamic-lin.tex)
File: ./figures/chapter_02/dynamic-lin.tex Graphic file (type tex)
 (./figures/chapter_02/dynamic-lin_ink.pdf_tex
<./figures/chapter_02//dynamic-lin_ink.pdf, id=1071, page=1, 452.42426pt x 171.81723pt>
File: ./figures/chapter_02//dynamic-lin_ink.pdf Graphic file (type pdf)
<use ./figures/chapter_02//dynamic-lin_ink.pdf, page 1>
Package pdftex.def Info: ./figures/chapter_02//dynamic-lin_ink.pdf , page1 used on input line 56.
(pdftex.def)             Requested size: 409.71689pt x 155.60147pt.
) [29 <./figures/chapter_02//e1_plot_1_svg-tex.pdf> <./figures/chapter_02//e1_plot_1_svg-tex.pdf

pdfTeX warning: pdflatex (file ./figures/chapter_02//e1_plot_1_svg-tex.pdf): PDF inclusion: multiple pdfs with page group included in a single page
> <./figures/chapter_02//e1_plot_1_svg-tex.pdf

pdfTeX warning: pdflatex (file ./figures/chapter_02//e1_plot_1_svg-tex.pdf): PDF inclusion: multiple pdfs with page group included in a single page
>] [30
pdfTeX warning (ext4): destination with the same identifier (name{Hfootnote.90}) has been already used, duplicate ignored
<argument> ...shipout:D \box_use:N \l_shipout_box 
                                                  \__shipout_drop_firstpage_...
l.205 
      ]
\openout4 = `main.pyg'.

runsystem(pygmentize -S default -f latex -P commandprefix=PYG > main.out.pyg)...executed.

 (./main.out.pyg)
runsystem(pygmentize -l c -f latex -P commandprefix=PYG -F tokenmerge -P stripnl=False -o main.out.pyg main.pyg)...executed.

 (./main.out.pyg)
\openout5 = `main.pyg'.

runsystem(pygmentize -l python -f latex -P commandprefix=PYG -F tokenmerge -P stripnl=False -o main.out.pyg main.pyg)...executed.

 (./main.out.pyg) [31 <./figures/chapter_02//dynamic-lin_ink.pdf>]
\openout4 = `main.pyg'.

runsystem(pygmentize -l c -f latex -P commandprefix=PYG -F tokenmerge -P stripnl=False -o main.out.pyg main.pyg)...executed.

 (./main.out.pyg
LaTeX Font Info:    Font shape `T1/zi4/b/n' will be
(Font)              scaled to size 8.0pt on input line 2.
)
\openout4 = `main.pyg'.

runsystem(pygmentize -l c -f latex -P commandprefix=PYG -F tokenmerge -P stripnl=False -o main.out.pyg main.pyg)...executed.

 (./main.out.pyg)
Package hyperref Info: bookmark level for unknown listing defaults to 0 on input line 267.
) [32]
\openout2 = `sources/05_zakonczenie.aux'.

 (./sources/05_zakonczenie.tex
Rozdzia\PlPrIeC {\l } 4.
) [33





] [34




] (./main.bbl
pdfTeX warning (ext4): destination with the same identifier (name{Hfootnote.95}) has been already used, duplicate ignored
<to be read again> 
                   \relax 
l.11   odwoÅania w~tekÅcie.}
                              \stepcounter{footnote}\footnotetext{\red W~tym...
pdfTeX warning (ext4): destination with the same identifier (name{Hfootnote.95}) has been already used, duplicate ignored
<to be read again> 
                   \relax 
l.17   Czego tu nie zrobiono.}
                              , 1999.
Underfull \hbox (badness 2261) in paragraph at lines 6--18
[]\T1/antt/m/n/12 L[]T[]X3 Pro-ject Ame-ri-can Ma-the-ma-ti-cal So-cie-ty.  User's gu-ide for
 []


Underfull \hbox (badness 1082) in paragraph at lines 42--45
[]\T1/antt/m/n/12 The qu-ick B\T1/antt/m/sc/12 ib\T1/antt/m/n/12 T[]X qu-ide. All you ever ne-ed to know abo-ut B\T1/antt/m/sc/12 ib\T1/antt/m/n/12 T[]X:
 []


Underfull \hbox (badness 10000) in paragraph at lines 42--45
\T1/antt/m/n/12 Bib-TeX bi-blio-gra-phy sty-le: al-pha.  [][]$\T1/zi4/m/n/12 https : / / www . bibtex . com / s /
 []


Underfull \hbox (badness 1142) in paragraph at lines 77--82
\T1/antt/m/n/12 tes using In-k-sca-pe.  Uni-ver-si-ty of Leu-ven, [][]$\T1/zi4/m/n/12 https : / / castel . dev / post /
 []

[35


] [36]
Underfull \hbox (badness 10000) in paragraph at lines 275--280
[]\T1/antt/m/n/12 Magdalena a-chacz.  Pro-gra-my dla stu-den-tów: jak roz-po-
 []


Underfull \hbox (badness 10000) in paragraph at lines 275--280
\T1/antt/m/n/12 cz¡¢ pra-c¦ z LaTeX-em?  [][]$\T1/zi4/m/n/12 https : / / www . dobreprogramy . pl /
 []


Underfull \hbox (badness 10000) in paragraph at lines 275--280
\T1/zi4/m/n/12 Programy-[]dla-[]studentow-[]jak-[]rozpoczac-[]prace-[]z-[]LaTeXem ,[] News ,[] 84439 .
 []

[37]
Underfull \hbox (badness 3343) in paragraph at lines 324--329
[]\T1/antt/m/n/12 Overleaf.  L[]T[]X Gra-phics using Ti\T1/antt/m/it/12 k\T1/antt/m/n/12 Z: A Tu-to-rial for Be-gin-ners.
 []


Underfull \hbox (badness 10000) in paragraph at lines 324--329
[][]$\T1/zi4/m/n/12 https : / / www . overleaf . com / learn / latex / LaTeX _ Graphics _ using _ TikZ :
 []


Underfull \hbox (badness 10000) in paragraph at lines 377--381
[][]$\T1/zi4/m/n/12 https : / / www . overleaf . com / learn / latex / Articles / What % 27s _ in _ a _ Name % 3A _
 []


Underfull \hbox (badness 10000) in paragraph at lines 383--389
[]\T1/antt/m/n/12 Piotr Pa-ra-fi-niuk.  Te-Xstu-dio -^^U wy-god-ne ±ro-do-wi-sko do two-
 []


Underfull \hbox (badness 10000) in paragraph at lines 383--389
\T1/antt/m/n/12 rze-nia do-ku-men-tów w L[]T[]X.  [][]$\T1/zi4/m/n/12 https : / / www . dobreprogramy . pl /
 []


Underfull \hbox (badness 10000) in paragraph at lines 383--389
\T1/zi4/m/n/12 TeXstudio-[]wygodne-[]srodowisko-[]do-[]tworzenia-[]dokumentow-[]w-[]LaTeX ,[] News ,[]
 []

[38]
Underfull \hbox (badness 5802) in paragraph at lines 450--455
[]\T1/antt/m/n/12 L[]T[]X Stack Exchan-ge, don-cher-ry, i in.  bib-tex vs. bi-ber and
 []


Underfull \hbox (badness 2393) in paragraph at lines 450--455
\T1/antt/m/n/12 bi-bla-tex vs. na-tbib.  [][]$\T1/zi4/m/n/12 https : / / tex . stackexchange . com / questions / 25701 /
 []


Underfull \hbox (badness 5245) in paragraph at lines 473--478
[]\T1/antt/m/n/12 L[]T[]X Stack Exchan-ge, To-bi, i in.  What do-es the draft mo-
 []


Underfull \hbox (badness 10000) in paragraph at lines 473--478
\T1/antt/m/n/12 de chan-ge?  [][]$\T1/zi4/m/n/12 https : / / tex . stackexchange . com / questions / 49277 /
 []


Underfull \hbox (badness 10000) in paragraph at lines 480--485
[][]$\T1/zi4/m/n/12 https : / / docplayer . pl / 19971343-[]Krotkie-[]wprowadzenie-[]do-[]pakietu-[]tikz .
 []


Underfull \hbox (badness 1354) in paragraph at lines 493--497
\T1/antt/m/n/12 uko-we PWN, [][]$\T1/zi4/m/n/12 https : / / sjp . pwn . pl / poradnia / haslo / Myslnik-[]pauza-[]minus ;
 []

[39]
Underfull \hbox (badness 2302) in paragraph at lines 611--614
[]\T1/antt/m/n/12 Wikipedia.  Przy-pi-sy har-wardz-kie.  [][]$\T1/zi4/m/n/12 https : / / pl . wikipedia . org / wiki /
 []


Underfull \hbox (badness 10000) in paragraph at lines 636--642
[]\T1/antt/m/n/12 D. Wro-na.  Przy-pi-sy i bi-blio-gra-fia w pra-cy li-cen-cjac-
 []


Underfull \hbox (badness 10000) in paragraph at lines 636--642
\T1/antt/m/n/12 kiej, ma-gi-ster-skiej, in-»y-nier-skiej.  [][]$\T1/zi4/m/n/12 https : / / poprawaprac . pl /
 []


Overfull \hbox (39.09882pt too wide) in paragraph at lines 636--642
\T1/zi4/m/n/12 przypisy-[]i-[]bibliografia-[]w-[]pracy-[]licencjackiej-[]magisterskiej-[]inzynierskiej/$[][]\T1/antt/m/n/12 ,
 []

[40]) [41] [42


] (./main.lof)
\tf@lof=\write8
\openout8 = `main.lof'.

 [43


]
\openout2 = `sources/07_dodatek_bakiem_malowane.aux'.

 (./sources/07_dodatek_bakiem_malowane.tex [44



]
Dodatek A.
<figures/chapter_06/mal2.pdf, id=1391, 578.16pt x 578.16pt>
File: figures/chapter_06/mal2.pdf Graphic file (type pdf)
<use figures/chapter_06/mal2.pdf>
Package pdftex.def Info: figures/chapter_06/mal2.pdf  used on input line 7.
(pdftex.def)             Requested size: 404.70924pt x 404.70924pt.
<figures/chapter_06/mal4.pdf, id=1392, 578.16pt x 578.16pt>
File: figures/chapter_06/mal4.pdf Graphic file (type pdf)
<use figures/chapter_06/mal4.pdf>
Package pdftex.def Info: figures/chapter_06/mal4.pdf  used on input line 13.
(pdftex.def)             Requested size: 289.07928pt x 289.07928pt.
<figures/chapter_06/mal5.pdf, id=1393, 578.16pt x 579.16376pt>
File: figures/chapter_06/mal5.pdf Graphic file (type pdf)
<use figures/chapter_06/mal5.pdf>
Package pdftex.def Info: figures/chapter_06/mal5.pdf  used on input line 19.
(pdftex.def)             Requested size: 289.07928pt x 289.58116pt.
<figures/chapter_06/mal8.pdf, id=1394, 578.16pt x 578.16pt>
File: figures/chapter_06/mal8.pdf Graphic file (type pdf)
<use figures/chapter_06/mal8.pdf>
Package pdftex.def Info: figures/chapter_06/mal8.pdf  used on input line 25.
(pdftex.def)             Requested size: 289.07928pt x 289.07928pt.
<figures/chapter_06/mal7b.pdf, id=1395, 578.16pt x 578.16pt>
File: figures/chapter_06/mal7b.pdf Graphic file (type pdf)
<use figures/chapter_06/mal7b.pdf>
Package pdftex.def Info: figures/chapter_06/mal7b.pdf  used on input line 31.
(pdftex.def)             Requested size: 289.07928pt x 289.07928pt.
<figures/chapter_06/malowane_-1.pdf, id=1396, 578.16pt x 578.16pt>
File: figures/chapter_06/malowane_-1.pdf Graphic file (type pdf)
<use figures/chapter_06/malowane_-1.pdf>
Package pdftex.def Info: figures/chapter_06/malowane_-1.pdf  used on input line 37.
(pdftex.def)             Requested size: 208.95512pt x 208.95512pt.
<figures/chapter_06/malowane_4.pdf, id=1398, 578.16pt x 578.16pt>
File: figures/chapter_06/malowane_4.pdf Graphic file (type pdf)
<use figures/chapter_06/malowane_4.pdf>
Package pdftex.def Info: figures/chapter_06/malowane_4.pdf  used on input line 38.
(pdftex.def)             Requested size: 208.95512pt x 208.95512pt.
<figures/chapter_06/malowane_0.pdf, id=1400, 578.16pt x 578.16pt>
File: figures/chapter_06/malowane_0.pdf Graphic file (type pdf)
<use figures/chapter_06/malowane_0.pdf>
Package pdftex.def Info: figures/chapter_06/malowane_0.pdf  used on input line 39.
(pdftex.def)             Requested size: 208.95512pt x 208.95512pt.
<figures/chapter_06/malowane_2.pdf, id=1402, 578.16pt x 578.16pt>
File: figures/chapter_06/malowane_2.pdf Graphic file (type pdf)
<use figures/chapter_06/malowane_2.pdf>
Package pdftex.def Info: figures/chapter_06/malowane_2.pdf  used on input line 40.
(pdftex.def)             Requested size: 208.95512pt x 208.95512pt.
<figures/chapter_06/malowane_3.pdf, id=1404, 578.16pt x 578.16pt>
File: figures/chapter_06/malowane_3.pdf Graphic file (type pdf)
<use figures/chapter_06/malowane_3.pdf>
Package pdftex.def Info: figures/chapter_06/malowane_3.pdf  used on input line 41.
(pdftex.def)             Requested size: 208.95512pt x 208.95512pt.
<figures/chapter_06/malowane_6.pdf, id=1406, 578.16pt x 578.16pt>
File: figures/chapter_06/malowane_6.pdf Graphic file (type pdf)
<use figures/chapter_06/malowane_6.pdf>
Package pdftex.def Info: figures/chapter_06/malowane_6.pdf  used on input line 42.
(pdftex.def)             Requested size: 208.95512pt x 208.95512pt.

LaTeX Warning: Float too large for page by 2.89923pt on input line 45.

) [45] [46 <./figures/chapter_06/mal2.pdf>] [47 <./figures/chapter_06/mal4.pdf> <./figures/chapter_06/mal5.pdf

pdfTeX warning: pdflatex (file ./figures/chapter_06/mal5.pdf): PDF inclusion: multiple pdfs with page group included in a single page
>] [48 <./figures/chapter_06/mal8.pdf> <./figures/chapter_06/mal7b.pdf

pdfTeX warning: pdflatex (file ./figures/chapter_06/mal7b.pdf): PDF inclusion: multiple pdfs with page group included in a single page
>] [49 <./figures/chapter_06/malowane_-1.pdf> <./figures/chapter_06/malowane_4.pdf> <./figures/chapter_06/malowane_0.pdf> <./figures/chapter_06/malowane_2.pdf> <./figures/chapter_06/malowane_3.pdf> <./figures/chapter_06/malowane_6.pdf>] [50




] (./main.tdo)
\tf@tdo=\write9
\openout9 = `main.tdo'.

 [51] (./main.aux (./sources/Od_Autora.aux) (./sources/00_Wstep.aux) (./sources/01_wprowadzenie_matematyczne.aux) (./sources/02_czym_jest_bak.aux) (./sources/05_zakonczenie.aux) (./sources/07_dodatek_bakiem_malowane.aux))
Package rerunfilecheck Info: File `main.out' has not changed.
(rerunfilecheck)             Checksum: C4FDF48BC9EED310A256CC3157327E7D;3226.
runsystem(rm main.pyg)...executed.

runsystem(rm main.out.pyg)...executed.

 ) 
Here is how much of TeX's memory you used:
 43005 strings out of 478238
 984412 string characters out of 5850455
 1455877 words of memory out of 5000000
 59909 multiletter control sequences out of 15000+600000
 695405 words of font info for 207 fonts, out of 8000000 for 9000
 1141 hyphenation exceptions out of 8191
 94i,25n,117p,3359b,1973s stack positions out of 5000i,500n,10000p,200000b,80000s

pdfTeX warning (dest): name{Hfootnote.89} has been referenced but does not exist, replaced by a fixed one

{/usr/share/texmf-dist/fonts/enc/dvips/antt/antt-qx.enc}{/usr/share/texmf-dist/fonts/enc/dvips/inconsolata/i4-t1-5.enc}{/usr/share/texmf-dist/fonts/enc/dvips/inconsolata/i4-ts1.enc}{/usr/share/texmf-dist/fonts/enc/dvips/cm-super/cm-super-t1.enc}{/usr/share/texmf-dist/fonts/enc/dvips/antt/antt-ec.enc}{/usr/share/texmf-dist/fonts/enc/dvips/antt/antt-sy.enc}{/usr/share/texmf-dist/fonts/enc/dvips/antt/antt-ts1.enc}{/usr/share/texmf-dist/fonts/enc/dvips/antt/anttcap-ec.enc}</usr/share/texmf-dist/fonts/type1/public/inconsolata/Inconsolata-zi4b.pfb></usr/share/texmf-dist/fonts/type1/public/inconsolata/Inconsolata-zi4r.pfb></usr/share/texmf-dist/fonts/type1/public/antt/anttb.pfb></usr/share/texmf-dist/fonts/type1/public/antt/anttbi.pfb></usr/share/texmf-dist/fonts/type1/public/antt/anttr.pfb></usr/share/texmf-dist/fonts/type1/public/antt/anttri.pfb></usr/share/texmf-dist/fonts/type1/public/amsfonts/cm/cmex10.pfb></usr/share/texmf-dist/fonts/type1/public/amsfonts/cm/cmsy10.pfb></usr/share/texmf-dist/fonts/type1/public/amsfonts/euler/euex10.pfb></usr/share/texmf-dist/fonts/type1/public/amsfonts/euler/eufm10.pfb></usr/share/texmf-dist/fonts/type1/public/amsfonts/euler/eufm7.pfb></usr/share/texmf-dist/fonts/type1/public/amsfonts/euler/eurb10.pfb></usr/share/texmf-dist/fonts/type1/public/amsfonts/euler/eurm10.pfb></usr/share/texmf-dist/fonts/type1/public/amsfonts/euler/eurm7.pfb></usr/share/texmf-dist/fonts/type1/public/amsfonts/symbols/msbm10.pfb></usr/share/texmf-dist/fonts/type1/public/cm-super/sfss1200.pfb></usr/share/texmf-dist/fonts/type1/public/wasy-type1/wasy10.pfb>
Output written on main.pdf (53 pages, 5613684 bytes).
PDF statistics:
 1677 PDF objects out of 1728 (max. 8388607)
 1408 compressed objects within 15 object streams
 394 named destinations out of 1000 (max. 500000)
 466 words of extra memory for PDF output out of 10000 (max. 10000000)

